2025-04-03 15:41:40,766 [INFO] Activator:176 - 


2025-04-03 15:41:40,768 [INFO] Activator:177 - !SESSION log4j initialized
2025-04-03 15:41:43,771 [INFO] LogOutputStream:77 - [STDOUT_REDIRECT] 
2025-04-03 15:41:57,914 [INFO] ApplicationProperties:184 - Using Application install path: C:\ST\STM32CubeIDE_1.16.0\STM32CubeIDE\plugins\com.st.stm32cube.common.mx_6.12.0.202406281431
2025-04-03 15:41:57,930 [INFO] DbMcusXml:78 - Set database path to: C:\ST\STM32CubeIDE_1.16.0\STM32CubeIDE\plugins\com.st.stm32cube.common.mx_6.12.0.202406281431\\db\/mcu/
2025-04-03 15:41:57,931 [INFO] ApiDb:274 - Set plugin database path to: C:\ST\STM32CubeIDE_1.16.0\STM32CubeIDE\plugins\com.st.stm32cube.common.mx_6.12.0.202406281431\\db\/plugins/boardmanager/
2025-04-03 15:41:57,940 [WARN] ApiDb:259 - Overriding images path with different value:  => C:\ST\STM32CubeIDE_1.16.0\STM32CubeIDE\plugins\com.st.stm32cube.common.mx_6.12.0.202406281431\\db\/plugins/mcufinder/images/
2025-04-03 15:41:57,952 [INFO] ApiDb:250 - Set database path to: C:\Users\thaweechock.m\.stmcufinder\plugins\mcufinder//mcu/
2025-04-03 15:41:57,953 [INFO] DbMcusAds:125 - Set database path to: C:\Users\thaweechock.m\.stmcufinder\plugins\mcufinder//mcu/
2025-04-03 15:41:57,957 [INFO] CrossReferenceDbSqlite:203 - Set database path to: C:\Users\thaweechock.m\.stmcufinder\plugins\mcufinder//mcu/cs/
2025-04-03 15:41:58,059 [INFO] RulesReader:64 - Compatibility file has been processed (297 Rules)
2025-04-03 15:41:58,137 [INFO] DbMcusXml:78 - Set database path to: C:\ST\STM32CubeIDE_1.16.0\STM32CubeIDE\plugins\com.st.stm32cube.common.mx_6.12.0.202406281431\\db\/mcu/
2025-04-03 15:41:58,137 [INFO] ApiDb:274 - Set plugin database path to: C:\ST\STM32CubeIDE_1.16.0\STM32CubeIDE\plugins\com.st.stm32cube.common.mx_6.12.0.202406281431\\db\/plugins/boardmanager/
2025-04-03 15:41:58,138 [INFO] ApiDb:261 - Set plugin images path to: C:\ST\STM32CubeIDE_1.16.0\STM32CubeIDE\plugins\com.st.stm32cube.common.mx_6.12.0.202406281431\\db\/plugins/mcufinder/images/
2025-04-03 15:41:58,138 [WARN] DbFile:41 - Overriding database path with different value: C:\Users\thaweechock.m\.stmcufinder\plugins\mcufinder/ => C:\Users\thaweechock.m\.stmcufinder\plugins\mcufinder
2025-04-03 15:41:58,138 [INFO] ApiDb:250 - Set database path to: C:\Users\thaweechock.m\.stmcufinder\plugins\mcufinder//mcu/
2025-04-03 15:41:58,138 [WARN] DbFile:41 - Overriding database path with different value: C:\Users\thaweechock.m\.stmcufinder\plugins\mcufinder/ => C:\Users\thaweechock.m\.stmcufinder\plugins\mcufinder
2025-04-03 15:41:58,138 [INFO] DbMcusAds:125 - Set database path to: C:\Users\thaweechock.m\.stmcufinder\plugins\mcufinder//mcu/
2025-04-03 15:41:58,138 [WARN] DbFile:41 - Overriding database path with different value: C:\Users\thaweechock.m\.stmcufinder\plugins\mcufinder/ => C:\Users\thaweechock.m\.stmcufinder\plugins\mcufinder
2025-04-03 15:41:58,138 [WARN] DbFile:41 - Overriding database path with different value: C:\Users\thaweechock.m\.stmcufinder\plugins\mcufinder/ => C:\Users\thaweechock.m\.stmcufinder\plugins\mcufinder
2025-04-03 15:41:58,138 [INFO] CrossReferenceDbSqlite:203 - Set database path to: C:\Users\thaweechock.m\.stmcufinder\plugins\mcufinder//mcu/cs/
2025-04-03 15:41:58,213 [INFO] MainPanel:268 - HeapMemory: 268435456
2025-04-03 15:41:58,275 [INFO] DbMcusXml:78 - Set database path to: C:\ST\STM32CubeIDE_1.16.0\STM32CubeIDE\plugins\com.st.stm32cube.common.mx_6.12.0.202406281431\\db\/mcu/
2025-04-03 15:41:58,275 [INFO] ApiDb:274 - Set plugin database path to: C:\ST\STM32CubeIDE_1.16.0\STM32CubeIDE\plugins\com.st.stm32cube.common.mx_6.12.0.202406281431\\db\/plugins/boardmanager/
2025-04-03 15:41:58,275 [INFO] ApiDb:261 - Set plugin images path to: C:\ST\STM32CubeIDE_1.16.0\STM32CubeIDE\plugins\com.st.stm32cube.common.mx_6.12.0.202406281431\\db\/plugins/mcufinder/images/
2025-04-03 15:41:58,275 [WARN] DbFile:41 - Overriding database path with different value: C:\Users\thaweechock.m\.stmcufinder\plugins\mcufinder/ => C:\Users\thaweechock.m\.stmcufinder\plugins\mcufinder
2025-04-03 15:41:58,275 [INFO] ApiDb:250 - Set database path to: C:\Users\thaweechock.m\.stmcufinder\plugins\mcufinder//mcu/
2025-04-03 15:41:58,275 [WARN] DbFile:41 - Overriding database path with different value: C:\Users\thaweechock.m\.stmcufinder\plugins\mcufinder/ => C:\Users\thaweechock.m\.stmcufinder\plugins\mcufinder
2025-04-03 15:41:58,275 [INFO] DbMcusAds:125 - Set database path to: C:\Users\thaweechock.m\.stmcufinder\plugins\mcufinder//mcu/
2025-04-03 15:41:58,275 [WARN] DbFile:41 - Overriding database path with different value: C:\Users\thaweechock.m\.stmcufinder\plugins\mcufinder/ => C:\Users\thaweechock.m\.stmcufinder\plugins\mcufinder
2025-04-03 15:41:58,275 [WARN] DbFile:41 - Overriding database path with different value: C:\Users\thaweechock.m\.stmcufinder\plugins\mcufinder/ => C:\Users\thaweechock.m\.stmcufinder\plugins\mcufinder
2025-04-03 15:41:58,276 [INFO] CrossReferenceDbSqlite:203 - Set database path to: C:\Users\thaweechock.m\.stmcufinder\plugins\mcufinder//mcu/cs/
2025-04-03 15:41:58,292 [INFO] ApplicationProperties:184 - Using Application install path: C:\ST\STM32CubeIDE_1.16.0\STM32CubeIDE\plugins\com.st.stm32cube.common.mx_6.12.0.202406281431
2025-04-03 15:41:58,293 [INFO] PluginManage:196 - Search for loadable plugins [exclusion list=, ]
2025-04-03 15:41:58,295 [INFO] PluginManage:310 - Check plugin analytics
2025-04-03 15:41:58,443 [INFO] AnalyticsPlugin:253 - Accepted Software Licenses: 
2025-04-03 15:41:58,444 [INFO] AnalyticsPlugin:255 - Accepted CMSIS Pack Licenses: 
2025-04-03 15:41:58,444 [INFO] AnalyticsPlugin:257 - Accepted Firmware Licenses: FW.L4.1.18.0
2025-04-03 15:41:58,446 [INFO] PluginManage:359 - Loaded plugin analytics (category:tool,tabindex:-1)
2025-04-03 15:41:58,446 [INFO] PluginManage:310 - Check plugin cadmodel
2025-04-03 15:41:58,467 [INFO] CADModel:105 - Init CAD model plugin
2025-04-03 15:41:58,468 [INFO] PluginManage:359 - Loaded plugin cadmodel (category:power,tabindex:5)
2025-04-03 15:41:58,468 [INFO] PluginManage:310 - Check plugin clock
2025-04-03 15:41:58,491 [INFO] PluginManage:359 - Loaded plugin clock (category:base,tabindex:2)
2025-04-03 15:41:58,491 [INFO] PluginManage:310 - Check plugin ddr
2025-04-03 15:41:58,492 [INFO] PluginManage:359 - Loaded plugin ddr (category:tool,tabindex:6)
2025-04-03 15:41:58,493 [INFO] PluginManage:310 - Check plugin filemanager
2025-04-03 15:41:58,702 [INFO] PluginManage:359 - Loaded plugin filemanager (category:base,tabindex:10)
2025-04-03 15:41:58,702 [INFO] PluginManage:310 - Check plugin ipmanager
2025-04-03 15:41:58,711 [INFO] PluginManage:359 - Loaded plugin ipmanager (category:base,tabindex:5)
2025-04-03 15:41:58,712 [INFO] PluginManage:310 - Check plugin lpbam
2025-04-03 15:41:58,732 [INFO] PluginManage:359 - Loaded plugin lpbam (category:base,tabindex:0)
2025-04-03 15:41:58,732 [INFO] PluginManage:310 - Check plugin memorymap
2025-04-03 15:41:58,755 [INFO] PluginManage:359 - Loaded plugin memorymap (category:base,tabindex:4)
2025-04-03 15:41:58,756 [INFO] PluginManage:310 - Check plugin pinoutandconfiguration
2025-04-03 15:41:58,770 [INFO] PluginManage:359 - Loaded plugin pinoutandconfiguration (category:base,tabindex:1)
2025-04-03 15:41:58,771 [INFO] PluginManage:310 - Check plugin pinoutconfig
2025-04-03 15:41:58,859 [WARN] SupportedApi:132 - Cannot load RTOS API schema: s4s-elt-must-match.1: The content of 'definitions' must match (annotation?, (simpleType | complexType)?, (unique | key | keyref)*)). A problem was found starting at: attribute.
2025-04-03 15:41:58,997 [INFO] PluginManage:359 - Loaded plugin pinoutconfig (category:base,tabindex:0)
2025-04-03 15:41:58,997 [INFO] PluginManage:310 - Check plugin power
2025-04-03 15:41:59,018 [INFO] PluginManage:359 - Loaded plugin power (category:power,tabindex:4)
2025-04-03 15:41:59,019 [INFO] PluginManage:310 - Check plugin projectmanager
2025-04-03 15:41:59,035 [INFO] PluginManage:359 - Loaded plugin projectmanager (category:projectmanager,tabindex:4)
2025-04-03 15:41:59,035 [INFO] PluginManage:310 - Check plugin rif
2025-04-03 15:41:59,059 [INFO] PluginManage:359 - Loaded plugin rif (category:base,tabindex:3)
2025-04-03 15:41:59,059 [INFO] PluginManage:310 - Check plugin thirdparty
2025-04-03 15:41:59,294 [INFO] PluginManage:359 - Loaded plugin thirdparty (category:base,tabindex:-1)
2025-04-03 15:41:59,294 [INFO] PluginManage:310 - Check plugin tools
2025-04-03 15:41:59,294 [WARN] IntegrityCheckThread:84 - waiting for thirdparty lock release [integrity check]
2025-04-03 15:41:59,294 [INFO] IntegrityCheckThread:86 - entering critical section [integrity check]
2025-04-03 15:41:59,295 [INFO] ThirdPartyUpdaterWithRetryManager:70 - Updater plugin not ready yet. [1/15]
2025-04-03 15:41:59,328 [INFO] PluginManage:359 - Loaded plugin tools (category:base,tabindex:7)
2025-04-03 15:41:59,328 [INFO] PluginManage:310 - Check plugin tutovideos
2025-04-03 15:41:59,486 [INFO] PluginManage:359 - Loaded plugin tutovideos (category:base,tabindex:-1)
2025-04-03 15:41:59,487 [INFO] PluginManage:310 - Check plugin updater
2025-04-03 15:41:59,501 [INFO] PluginManage:359 - Loaded plugin updater (category:base,tabindex:12)
2025-04-03 15:41:59,502 [INFO] PluginManage:310 - Check plugin userauth
2025-04-03 15:41:59,506 [INFO] UserAuth:113 - Init User Auth plugin
2025-04-03 15:41:59,506 [INFO] PluginManage:359 - Loaded plugin userauth (category:base,tabindex:14)
2025-04-03 15:41:59,506 [INFO] PluginManage:283 - PluginManage : Loaded plugins [18]
2025-04-03 15:41:59,671 [INFO] PinOutPanel:1561 - setPackage(No Configuration,No Configuration)
2025-04-03 15:41:59,745 [INFO] CADModel:165 - CPN selected for project level
2025-04-03 15:41:59,745 [INFO] CADModel:114 - Register for checkConnection events
2025-04-03 15:41:59,768 [INFO] IPUIPlugin:80 - create IPUIPlugin
2025-04-03 15:41:59,768 [INFO] PluginManager:220 - loadIPPluginJar : add adc
2025-04-03 15:41:59,804 [INFO] IPUIPlugin:80 - create IPUIPlugin
2025-04-03 15:41:59,805 [INFO] PluginManager:220 - loadIPPluginJar : add aes
2025-04-03 15:41:59,847 [INFO] IPUIPlugin:80 - create IPUIPlugin
2025-04-03 15:41:59,848 [INFO] PluginManager:220 - loadIPPluginJar : add can
2025-04-03 15:41:59,870 [INFO] IPUIPlugin:80 - create IPUIPlugin
2025-04-03 15:41:59,870 [INFO] PluginManager:220 - loadIPPluginJar : add comp
2025-04-03 15:41:59,905 [INFO] IPUIPlugin:80 - create IPUIPlugin
2025-04-03 15:41:59,905 [INFO] PluginManager:220 - loadIPPluginJar : add cryp
2025-04-03 15:41:59,919 [INFO] IPUIPlugin:80 - create IPUIPlugin
2025-04-03 15:41:59,919 [INFO] PluginManager:220 - loadIPPluginJar : add ddr_ctrl_phy
2025-04-03 15:41:59,954 [INFO] IPUIPlugin:80 - create IPUIPlugin
2025-04-03 15:41:59,954 [INFO] PluginManager:220 - loadIPPluginJar : add dfsdm
2025-04-03 15:41:59,967 [INFO] IPUIPlugin:80 - create IPUIPlugin
2025-04-03 15:41:59,967 [INFO] PluginManager:220 - loadIPPluginJar : add dma
2025-04-03 15:42:00,009 [INFO] IPUIPlugin:80 - create IPUIPlugin
2025-04-03 15:42:00,009 [INFO] PluginManager:220 - loadIPPluginJar : add dma3
2025-04-03 15:42:00,056 [INFO] IPUIPlugin:80 - create IPUIPlugin
2025-04-03 15:42:00,057 [INFO] PluginManager:220 - loadIPPluginJar : add extmemmanager
2025-04-03 15:42:00,079 [INFO] IPUIPlugin:80 - create IPUIPlugin
2025-04-03 15:42:00,079 [INFO] PluginManager:220 - loadIPPluginJar : add fatfs
2025-04-03 15:42:00,151 [INFO] IPUIPlugin:80 - create IPUIPlugin
2025-04-03 15:42:00,151 [INFO] PluginManager:220 - loadIPPluginJar : add fmc
2025-04-03 15:42:00,165 [INFO] IPUIPlugin:80 - create IPUIPlugin
2025-04-03 15:42:00,166 [INFO] PluginManager:220 - loadIPPluginJar : add freertos
2025-04-03 15:42:00,189 [INFO] IPUIPlugin:80 - create IPUIPlugin
2025-04-03 15:42:00,189 [INFO] PluginManager:220 - loadIPPluginJar : add genericplugin
2025-04-03 15:42:00,290 [INFO] IPUIPlugin:80 - create IPUIPlugin
2025-04-03 15:42:00,290 [INFO] PluginManager:220 - loadIPPluginJar : add gfxmmu
2025-04-03 15:42:00,414 [INFO] IPUIPlugin:80 - create IPUIPlugin
2025-04-03 15:42:00,414 [INFO] PluginManager:220 - loadIPPluginJar : add gic
2025-04-03 15:42:00,425 [INFO] IPUIPlugin:80 - create IPUIPlugin
2025-04-03 15:42:00,426 [INFO] PluginManager:220 - loadIPPluginJar : add gpio
2025-04-03 15:42:00,503 [INFO] IPUIPlugin:80 - create IPUIPlugin
2025-04-03 15:42:00,503 [INFO] PluginManager:220 - loadIPPluginJar : add gtzc
2025-04-03 15:42:00,533 [INFO] IPUIPlugin:80 - create IPUIPlugin
2025-04-03 15:42:00,533 [INFO] PluginManager:220 - loadIPPluginJar : add hash
2025-04-03 15:42:00,582 [INFO] IPUIPlugin:80 - create IPUIPlugin
2025-04-03 15:42:00,582 [INFO] PluginManager:220 - loadIPPluginJar : add i2c
2025-04-03 15:42:00,619 [INFO] IPUIPlugin:80 - create IPUIPlugin
2025-04-03 15:42:00,619 [INFO] PluginManager:220 - loadIPPluginJar : add i2s
2025-04-03 15:42:00,657 [INFO] IPUIPlugin:80 - create IPUIPlugin
2025-04-03 15:42:00,657 [INFO] PluginManager:220 - loadIPPluginJar : add i3c
2025-04-03 15:42:00,746 [INFO] IPUIPlugin:80 - create IPUIPlugin
2025-04-03 15:42:00,746 [INFO] PluginManager:220 - loadIPPluginJar : add ipddr
2025-04-03 15:42:00,829 [INFO] IPUIPlugin:80 - create IPUIPlugin
2025-04-03 15:42:00,830 [INFO] PluginManager:220 - loadIPPluginJar : add linkedlist
2025-04-03 15:42:00,864 [INFO] IPUIPlugin:80 - create IPUIPlugin
2025-04-03 15:42:00,864 [INFO] PluginManager:220 - loadIPPluginJar : add lorawan
2025-04-03 15:42:00,898 [INFO] IPUIPlugin:80 - create IPUIPlugin
2025-04-03 15:42:00,898 [INFO] PluginManager:220 - loadIPPluginJar : add ltdc
2025-04-03 15:42:00,913 [INFO] IPUIPlugin:80 - create IPUIPlugin
2025-04-03 15:42:00,914 [INFO] PluginManager:220 - loadIPPluginJar : add mdma
2025-04-03 15:42:00,927 [INFO] IPUIPlugin:80 - create IPUIPlugin
2025-04-03 15:42:00,927 [INFO] PluginManager:220 - loadIPPluginJar : add nvic
2025-04-03 15:42:00,964 [INFO] IPUIPlugin:80 - create IPUIPlugin
2025-04-03 15:42:00,965 [INFO] PluginManager:220 - loadIPPluginJar : add opamp
2025-04-03 15:42:01,023 [INFO] IPUIPlugin:80 - create IPUIPlugin
2025-04-03 15:42:01,023 [INFO] PluginManager:220 - loadIPPluginJar : add openamp
2025-04-03 15:42:01,072 [INFO] IPUIPlugin:80 - create IPUIPlugin
2025-04-03 15:42:01,073 [INFO] PluginManager:220 - loadIPPluginJar : add pdm2pcm
2025-04-03 15:42:01,090 [INFO] IPUIPlugin:80 - create IPUIPlugin
2025-04-03 15:42:01,091 [INFO] PluginManager:220 - loadIPPluginJar : add plateformsettings
2025-04-03 15:42:01,114 [INFO] IPUIPlugin:80 - create IPUIPlugin
2025-04-03 15:42:01,114 [INFO] PluginManager:220 - loadIPPluginJar : add quadspi
2025-04-03 15:42:01,117 [INFO] IPUIPlugin:80 - create IPUIPlugin
2025-04-03 15:42:01,117 [INFO] PluginManager:220 - loadIPPluginJar : add radio
2025-04-03 15:42:01,128 [INFO] IPUIPlugin:80 - create IPUIPlugin
2025-04-03 15:42:01,129 [INFO] PluginManager:220 - loadIPPluginJar : add resmgrutility
2025-04-03 15:42:01,172 [INFO] IPUIPlugin:80 - create IPUIPlugin
2025-04-03 15:42:01,172 [INFO] PluginManager:220 - loadIPPluginJar : add sai
2025-04-03 15:42:01,214 [INFO] IPUIPlugin:80 - create IPUIPlugin
2025-04-03 15:42:01,214 [INFO] PluginManager:220 - loadIPPluginJar : add spi
2025-04-03 15:42:01,308 [INFO] IPUIPlugin:80 - create IPUIPlugin
2025-04-03 15:42:01,308 [INFO] PluginManager:220 - loadIPPluginJar : add stm32_wpan
2025-04-03 15:42:01,339 [INFO] IPUIPlugin:80 - create IPUIPlugin
2025-04-03 15:42:01,339 [INFO] PluginManager:220 - loadIPPluginJar : add tim
2025-04-03 15:42:01,440 [INFO] IPUIPlugin:80 - create IPUIPlugin
2025-04-03 15:42:01,440 [INFO] PluginManager:220 - loadIPPluginJar : add touchsensing
2025-04-03 15:42:01,472 [INFO] IPUIPlugin:80 - create IPUIPlugin
2025-04-03 15:42:01,472 [INFO] PluginManager:220 - loadIPPluginJar : add tracer_emb
2025-04-03 15:42:01,513 [INFO] IPUIPlugin:80 - create IPUIPlugin
2025-04-03 15:42:01,513 [INFO] PluginManager:220 - loadIPPluginJar : add ts
2025-04-03 15:42:01,553 [INFO] IPUIPlugin:80 - create IPUIPlugin
2025-04-03 15:42:01,553 [INFO] PluginManager:220 - loadIPPluginJar : add tsc
2025-04-03 15:42:01,603 [INFO] IPUIPlugin:80 - create IPUIPlugin
2025-04-03 15:42:01,603 [INFO] PluginManager:220 - loadIPPluginJar : add ucpd
2025-04-03 15:42:01,737 [INFO] IPUIPlugin:80 - create IPUIPlugin
2025-04-03 15:42:01,738 [INFO] PluginManager:220 - loadIPPluginJar : add usart
2025-04-03 15:42:01,855 [INFO] IPUIPlugin:80 - create IPUIPlugin
2025-04-03 15:42:01,856 [INFO] PluginManager:220 - loadIPPluginJar : add usbx
2025-04-03 15:42:02,103 [INFO] CADModel:165 - CPN selected for project level
2025-04-03 15:42:02,104 [INFO] CADModel:114 - Register for checkConnection events
2025-04-03 15:42:02,104 [FATAL] Updater:334 - Updater called before beeing initialized
2025-04-03 15:42:02,105 [ERROR] CADModel:125 - Updater not yet initialized, retry later 
2025-04-03 15:42:02,292 [INFO] CADModel:165 - CPN selected for project level
2025-04-03 15:42:02,292 [INFO] CADModel:114 - Register for checkConnection events
2025-04-03 15:42:02,292 [FATAL] Updater:334 - Updater called before beeing initialized
2025-04-03 15:42:02,292 [ERROR] CADModel:125 - Updater not yet initialized, retry later 
2025-04-03 15:42:02,295 [INFO] ThirdPartyUpdaterWithRetryManager:70 - Updater plugin not ready yet. [2/15]
2025-04-03 15:42:02,299 [FATAL] Updater:334 - Updater called before beeing initialized
