2025-03-14 09:44:30,597 [INFO] Activator:176 - 


2025-03-14 09:44:30,603 [INFO] Activator:177 - !SESSION log4j initialized
2025-03-14 09:44:36,280 [INFO] LogOutputStream:77 - [STDOUT_REDIRECT] 
2025-03-14 09:44:38,643 [INFO] ApplicationProperties:184 - Using Application install path: C:\ST\STM32CubeIDE_1.16.0\STM32CubeIDE\plugins\com.st.stm32cube.common.mx_6.12.0.202406281431
2025-03-14 09:44:38,666 [INFO] DbMcusXml:78 - Set database path to: C:\ST\STM32CubeIDE_1.16.0\STM32CubeIDE\plugins\com.st.stm32cube.common.mx_6.12.0.202406281431\\db\/mcu/
2025-03-14 09:44:38,666 [INFO] ApiDb:274 - Set plugin database path to: C:\ST\STM32CubeIDE_1.16.0\STM32CubeIDE\plugins\com.st.stm32cube.common.mx_6.12.0.202406281431\\db\/plugins/boardmanager/
2025-03-14 09:44:38,667 [WARN] ApiDb:259 - Overriding images path with different value:  => C:\ST\STM32CubeIDE_1.16.0\STM32CubeIDE\plugins\com.st.stm32cube.common.mx_6.12.0.202406281431\\db\/plugins/mcufinder/images/
2025-03-14 09:44:38,682 [INFO] ApiDb:250 - Set database path to: C:\Users\thaweechock.m\.stmcufinder\plugins\mcufinder//mcu/
2025-03-14 09:44:38,683 [INFO] DbMcusAds:125 - Set database path to: C:\Users\thaweechock.m\.stmcufinder\plugins\mcufinder//mcu/
2025-03-14 09:44:38,685 [INFO] CrossReferenceDbSqlite:203 - Set database path to: C:\Users\thaweechock.m\.stmcufinder\plugins\mcufinder//mcu/cs/
2025-03-14 09:44:38,842 [INFO] RulesReader:64 - Compatibility file has been processed (297 Rules)
2025-03-14 09:44:38,975 [INFO] DbMcusXml:78 - Set database path to: C:\ST\STM32CubeIDE_1.16.0\STM32CubeIDE\plugins\com.st.stm32cube.common.mx_6.12.0.202406281431\\db\/mcu/
2025-03-14 09:44:38,975 [INFO] ApiDb:274 - Set plugin database path to: C:\ST\STM32CubeIDE_1.16.0\STM32CubeIDE\plugins\com.st.stm32cube.common.mx_6.12.0.202406281431\\db\/plugins/boardmanager/
2025-03-14 09:44:38,976 [INFO] ApiDb:261 - Set plugin images path to: C:\ST\STM32CubeIDE_1.16.0\STM32CubeIDE\plugins\com.st.stm32cube.common.mx_6.12.0.202406281431\\db\/plugins/mcufinder/images/
2025-03-14 09:44:38,976 [WARN] DbFile:41 - Overriding database path with different value: C:\Users\thaweechock.m\.stmcufinder\plugins\mcufinder/ => C:\Users\thaweechock.m\.stmcufinder\plugins\mcufinder
2025-03-14 09:44:38,976 [INFO] ApiDb:250 - Set database path to: C:\Users\thaweechock.m\.stmcufinder\plugins\mcufinder//mcu/
2025-03-14 09:44:38,976 [WARN] DbFile:41 - Overriding database path with different value: C:\Users\thaweechock.m\.stmcufinder\plugins\mcufinder/ => C:\Users\thaweechock.m\.stmcufinder\plugins\mcufinder
2025-03-14 09:44:38,976 [INFO] DbMcusAds:125 - Set database path to: C:\Users\thaweechock.m\.stmcufinder\plugins\mcufinder//mcu/
2025-03-14 09:44:38,976 [WARN] DbFile:41 - Overriding database path with different value: C:\Users\thaweechock.m\.stmcufinder\plugins\mcufinder/ => C:\Users\thaweechock.m\.stmcufinder\plugins\mcufinder
2025-03-14 09:44:38,976 [WARN] DbFile:41 - Overriding database path with different value: C:\Users\thaweechock.m\.stmcufinder\plugins\mcufinder/ => C:\Users\thaweechock.m\.stmcufinder\plugins\mcufinder
2025-03-14 09:44:38,976 [INFO] CrossReferenceDbSqlite:203 - Set database path to: C:\Users\thaweechock.m\.stmcufinder\plugins\mcufinder//mcu/cs/
2025-03-14 09:44:39,091 [INFO] MainPanel:268 - HeapMemory: 268435456
2025-03-14 09:44:39,247 [INFO] DbMcusXml:78 - Set database path to: C:\ST\STM32CubeIDE_1.16.0\STM32CubeIDE\plugins\com.st.stm32cube.common.mx_6.12.0.202406281431\\db\/mcu/
2025-03-14 09:44:39,247 [INFO] ApiDb:274 - Set plugin database path to: C:\ST\STM32CubeIDE_1.16.0\STM32CubeIDE\plugins\com.st.stm32cube.common.mx_6.12.0.202406281431\\db\/plugins/boardmanager/
2025-03-14 09:44:39,247 [INFO] ApiDb:261 - Set plugin images path to: C:\ST\STM32CubeIDE_1.16.0\STM32CubeIDE\plugins\com.st.stm32cube.common.mx_6.12.0.202406281431\\db\/plugins/mcufinder/images/
2025-03-14 09:44:39,247 [WARN] DbFile:41 - Overriding database path with different value: C:\Users\thaweechock.m\.stmcufinder\plugins\mcufinder/ => C:\Users\thaweechock.m\.stmcufinder\plugins\mcufinder
2025-03-14 09:44:39,247 [INFO] ApiDb:250 - Set database path to: C:\Users\thaweechock.m\.stmcufinder\plugins\mcufinder//mcu/
2025-03-14 09:44:39,247 [WARN] DbFile:41 - Overriding database path with different value: C:\Users\thaweechock.m\.stmcufinder\plugins\mcufinder/ => C:\Users\thaweechock.m\.stmcufinder\plugins\mcufinder
2025-03-14 09:44:39,247 [INFO] DbMcusAds:125 - Set database path to: C:\Users\thaweechock.m\.stmcufinder\plugins\mcufinder//mcu/
2025-03-14 09:44:39,247 [WARN] DbFile:41 - Overriding database path with different value: C:\Users\thaweechock.m\.stmcufinder\plugins\mcufinder/ => C:\Users\thaweechock.m\.stmcufinder\plugins\mcufinder
2025-03-14 09:44:39,247 [WARN] DbFile:41 - Overriding database path with different value: C:\Users\thaweechock.m\.stmcufinder\plugins\mcufinder/ => C:\Users\thaweechock.m\.stmcufinder\plugins\mcufinder
2025-03-14 09:44:39,247 [INFO] CrossReferenceDbSqlite:203 - Set database path to: C:\Users\thaweechock.m\.stmcufinder\plugins\mcufinder//mcu/cs/
2025-03-14 09:44:39,279 [INFO] ApplicationProperties:184 - Using Application install path: C:\ST\STM32CubeIDE_1.16.0\STM32CubeIDE\plugins\com.st.stm32cube.common.mx_6.12.0.202406281431
2025-03-14 09:44:39,279 [INFO] PluginManage:196 - Search for loadable plugins [exclusion list=, ]
2025-03-14 09:44:39,284 [INFO] PluginManage:310 - Check plugin analytics
2025-03-14 09:44:39,446 [INFO] AnalyticsPlugin:253 - Accepted Software Licenses: 
2025-03-14 09:44:39,446 [INFO] AnalyticsPlugin:255 - Accepted CMSIS Pack Licenses: 
2025-03-14 09:44:39,446 [INFO] AnalyticsPlugin:257 - Accepted Firmware Licenses: FW.L4.1.18.0
2025-03-14 09:44:39,462 [INFO] PluginManage:359 - Loaded plugin analytics (category:tool,tabindex:-1)
2025-03-14 09:44:39,462 [INFO] PluginManage:310 - Check plugin cadmodel
2025-03-14 09:44:39,477 [INFO] CADModel:105 - Init CAD model plugin
2025-03-14 09:44:39,477 [INFO] PluginManage:359 - Loaded plugin cadmodel (category:power,tabindex:5)
2025-03-14 09:44:39,477 [INFO] PluginManage:310 - Check plugin clock
2025-03-14 09:44:39,493 [INFO] PluginManage:359 - Loaded plugin clock (category:base,tabindex:2)
2025-03-14 09:44:39,493 [INFO] PluginManage:310 - Check plugin ddr
2025-03-14 09:44:39,509 [INFO] PluginManage:359 - Loaded plugin ddr (category:tool,tabindex:6)
2025-03-14 09:44:39,509 [INFO] PluginManage:310 - Check plugin filemanager
2025-03-14 09:44:39,677 [INFO] PluginManage:359 - Loaded plugin filemanager (category:base,tabindex:10)
2025-03-14 09:44:39,677 [INFO] PluginManage:310 - Check plugin ipmanager
2025-03-14 09:44:39,686 [INFO] PluginManage:359 - Loaded plugin ipmanager (category:base,tabindex:5)
2025-03-14 09:44:39,686 [INFO] PluginManage:310 - Check plugin lpbam
2025-03-14 09:44:39,727 [INFO] PluginManage:359 - Loaded plugin lpbam (category:base,tabindex:0)
2025-03-14 09:44:39,727 [INFO] PluginManage:310 - Check plugin memorymap
2025-03-14 09:44:39,763 [INFO] PluginManage:359 - Loaded plugin memorymap (category:base,tabindex:4)
2025-03-14 09:44:39,763 [INFO] PluginManage:310 - Check plugin pinoutandconfiguration
2025-03-14 09:44:39,786 [INFO] PluginManage:359 - Loaded plugin pinoutandconfiguration (category:base,tabindex:1)
2025-03-14 09:44:39,786 [INFO] PluginManage:310 - Check plugin pinoutconfig
2025-03-14 09:44:39,890 [WARN] SupportedApi:132 - Cannot load RTOS API schema: s4s-elt-must-match.1: The content of 'definitions' must match (annotation?, (simpleType | complexType)?, (unique | key | keyref)*)). A problem was found starting at: attribute.
2025-03-14 09:44:40,048 [INFO] PluginManage:359 - Loaded plugin pinoutconfig (category:base,tabindex:0)
2025-03-14 09:44:40,048 [INFO] PluginManage:310 - Check plugin power
2025-03-14 09:44:40,064 [INFO] PluginManage:359 - Loaded plugin power (category:power,tabindex:4)
2025-03-14 09:44:40,064 [INFO] PluginManage:310 - Check plugin projectmanager
2025-03-14 09:44:40,100 [INFO] PluginManage:359 - Loaded plugin projectmanager (category:projectmanager,tabindex:4)
2025-03-14 09:44:40,102 [INFO] PluginManage:310 - Check plugin rif
2025-03-14 09:44:40,116 [INFO] PluginManage:359 - Loaded plugin rif (category:base,tabindex:3)
2025-03-14 09:44:40,116 [INFO] PluginManage:310 - Check plugin thirdparty
2025-03-14 09:44:40,466 [INFO] PluginManage:359 - Loaded plugin thirdparty (category:base,tabindex:-1)
2025-03-14 09:44:40,466 [WARN] IntegrityCheckThread:84 - waiting for thirdparty lock release [integrity check]
2025-03-14 09:44:40,466 [INFO] PluginManage:310 - Check plugin tools
2025-03-14 09:44:40,466 [INFO] IntegrityCheckThread:86 - entering critical section [integrity check]
2025-03-14 09:44:40,473 [INFO] ThirdPartyUpdaterWithRetryManager:70 - Updater plugin not ready yet. [1/15]
2025-03-14 09:44:40,505 [INFO] PluginManage:359 - Loaded plugin tools (category:base,tabindex:7)
2025-03-14 09:44:40,505 [INFO] PluginManage:310 - Check plugin tutovideos
2025-03-14 09:44:40,719 [INFO] PluginManage:359 - Loaded plugin tutovideos (category:base,tabindex:-1)
2025-03-14 09:44:40,719 [INFO] PluginManage:310 - Check plugin updater
2025-03-14 09:44:40,738 [INFO] PluginManage:359 - Loaded plugin updater (category:base,tabindex:12)
2025-03-14 09:44:40,738 [INFO] PluginManage:310 - Check plugin userauth
2025-03-14 09:44:40,749 [INFO] UserAuth:113 - Init User Auth plugin
2025-03-14 09:44:40,749 [INFO] PluginManage:359 - Loaded plugin userauth (category:base,tabindex:14)
2025-03-14 09:44:40,749 [INFO] PluginManage:283 - PluginManage : Loaded plugins [18]
2025-03-14 09:44:40,981 [INFO] PinOutPanel:1561 - setPackage(No Configuration,No Configuration)
2025-03-14 09:44:41,089 [INFO] CADModel:165 - CPN selected for project level
2025-03-14 09:44:41,089 [INFO] CADModel:114 - Register for checkConnection events
2025-03-14 09:44:41,113 [INFO] IPUIPlugin:80 - create IPUIPlugin
2025-03-14 09:44:41,113 [INFO] PluginManager:220 - loadIPPluginJar : add adc
2025-03-14 09:44:41,159 [INFO] IPUIPlugin:80 - create IPUIPlugin
2025-03-14 09:44:41,159 [INFO] PluginManager:220 - loadIPPluginJar : add aes
2025-03-14 09:44:41,206 [INFO] IPUIPlugin:80 - create IPUIPlugin
2025-03-14 09:44:41,206 [INFO] PluginManager:220 - loadIPPluginJar : add can
2025-03-14 09:44:41,239 [INFO] IPUIPlugin:80 - create IPUIPlugin
2025-03-14 09:44:41,239 [INFO] PluginManager:220 - loadIPPluginJar : add comp
2025-03-14 09:44:41,269 [INFO] IPUIPlugin:80 - create IPUIPlugin
2025-03-14 09:44:41,269 [INFO] PluginManager:220 - loadIPPluginJar : add cryp
2025-03-14 09:44:41,296 [INFO] IPUIPlugin:80 - create IPUIPlugin
2025-03-14 09:44:41,296 [INFO] PluginManager:220 - loadIPPluginJar : add ddr_ctrl_phy
2025-03-14 09:44:41,332 [INFO] IPUIPlugin:80 - create IPUIPlugin
2025-03-14 09:44:41,332 [INFO] PluginManager:220 - loadIPPluginJar : add dfsdm
2025-03-14 09:44:41,348 [INFO] IPUIPlugin:80 - create IPUIPlugin
2025-03-14 09:44:41,348 [INFO] PluginManager:220 - loadIPPluginJar : add dma
2025-03-14 09:44:41,395 [INFO] IPUIPlugin:80 - create IPUIPlugin
2025-03-14 09:44:41,395 [INFO] PluginManager:220 - loadIPPluginJar : add dma3
2025-03-14 09:44:41,445 [INFO] IPUIPlugin:80 - create IPUIPlugin
2025-03-14 09:44:41,445 [INFO] PluginManager:220 - loadIPPluginJar : add extmemmanager
2025-03-14 09:44:41,475 [INFO] IPUIPlugin:80 - create IPUIPlugin
2025-03-14 09:44:41,475 [INFO] PluginManager:220 - loadIPPluginJar : add fatfs
2025-03-14 09:44:41,522 [INFO] IPUIPlugin:80 - create IPUIPlugin
2025-03-14 09:44:41,522 [INFO] PluginManager:220 - loadIPPluginJar : add fmc
2025-03-14 09:44:41,539 [INFO] IPUIPlugin:80 - create IPUIPlugin
2025-03-14 09:44:41,539 [INFO] PluginManager:220 - loadIPPluginJar : add freertos
2025-03-14 09:44:41,554 [INFO] IPUIPlugin:80 - create IPUIPlugin
2025-03-14 09:44:41,554 [INFO] PluginManager:220 - loadIPPluginJar : add genericplugin
2025-03-14 09:44:41,649 [INFO] IPUIPlugin:80 - create IPUIPlugin
2025-03-14 09:44:41,649 [INFO] PluginManager:220 - loadIPPluginJar : add gfxmmu
2025-03-14 09:44:41,792 [INFO] IPUIPlugin:80 - create IPUIPlugin
2025-03-14 09:44:41,792 [INFO] PluginManager:220 - loadIPPluginJar : add gic
2025-03-14 09:44:41,807 [INFO] IPUIPlugin:80 - create IPUIPlugin
2025-03-14 09:44:41,807 [INFO] PluginManager:220 - loadIPPluginJar : add gpio
2025-03-14 09:44:41,917 [INFO] IPUIPlugin:80 - create IPUIPlugin
2025-03-14 09:44:41,917 [INFO] PluginManager:220 - loadIPPluginJar : add gtzc
2025-03-14 09:44:41,964 [INFO] IPUIPlugin:80 - create IPUIPlugin
2025-03-14 09:44:41,964 [INFO] PluginManager:220 - loadIPPluginJar : add hash
2025-03-14 09:44:42,020 [INFO] IPUIPlugin:80 - create IPUIPlugin
2025-03-14 09:44:42,020 [INFO] PluginManager:220 - loadIPPluginJar : add i2c
2025-03-14 09:44:42,059 [INFO] IPUIPlugin:80 - create IPUIPlugin
2025-03-14 09:44:42,059 [INFO] PluginManager:220 - loadIPPluginJar : add i2s
2025-03-14 09:44:42,108 [INFO] IPUIPlugin:80 - create IPUIPlugin
2025-03-14 09:44:42,108 [INFO] PluginManager:220 - loadIPPluginJar : add i3c
2025-03-14 09:44:42,200 [INFO] IPUIPlugin:80 - create IPUIPlugin
2025-03-14 09:44:42,200 [INFO] PluginManager:220 - loadIPPluginJar : add ipddr
2025-03-14 09:44:42,295 [INFO] IPUIPlugin:80 - create IPUIPlugin
2025-03-14 09:44:42,295 [INFO] PluginManager:220 - loadIPPluginJar : add linkedlist
2025-03-14 09:44:42,342 [INFO] IPUIPlugin:80 - create IPUIPlugin
2025-03-14 09:44:42,342 [INFO] PluginManager:220 - loadIPPluginJar : add lorawan
2025-03-14 09:44:42,374 [INFO] IPUIPlugin:80 - create IPUIPlugin
2025-03-14 09:44:42,374 [INFO] PluginManager:220 - loadIPPluginJar : add ltdc
2025-03-14 09:44:42,389 [INFO] IPUIPlugin:80 - create IPUIPlugin
2025-03-14 09:44:42,389 [INFO] PluginManager:220 - loadIPPluginJar : add mdma
2025-03-14 09:44:42,405 [INFO] IPUIPlugin:80 - create IPUIPlugin
2025-03-14 09:44:42,405 [INFO] PluginManager:220 - loadIPPluginJar : add nvic
2025-03-14 09:44:42,459 [INFO] IPUIPlugin:80 - create IPUIPlugin
2025-03-14 09:44:42,459 [INFO] PluginManager:220 - loadIPPluginJar : add opamp
2025-03-14 09:44:42,531 [INFO] IPUIPlugin:80 - create IPUIPlugin
2025-03-14 09:44:42,531 [INFO] PluginManager:220 - loadIPPluginJar : add openamp
2025-03-14 09:44:42,578 [INFO] IPUIPlugin:80 - create IPUIPlugin
2025-03-14 09:44:42,578 [INFO] PluginManager:220 - loadIPPluginJar : add pdm2pcm
2025-03-14 09:44:42,594 [INFO] IPUIPlugin:80 - create IPUIPlugin
2025-03-14 09:44:42,594 [INFO] PluginManager:220 - loadIPPluginJar : add plateformsettings
2025-03-14 09:44:42,630 [INFO] IPUIPlugin:80 - create IPUIPlugin
2025-03-14 09:44:42,632 [INFO] PluginManager:220 - loadIPPluginJar : add quadspi
2025-03-14 09:44:42,657 [INFO] IPUIPlugin:80 - create IPUIPlugin
2025-03-14 09:44:42,657 [INFO] PluginManager:220 - loadIPPluginJar : add radio
2025-03-14 09:44:42,673 [INFO] IPUIPlugin:80 - create IPUIPlugin
2025-03-14 09:44:42,673 [INFO] PluginManager:220 - loadIPPluginJar : add resmgrutility
2025-03-14 09:44:42,736 [INFO] IPUIPlugin:80 - create IPUIPlugin
2025-03-14 09:44:42,736 [INFO] PluginManager:220 - loadIPPluginJar : add sai
2025-03-14 09:44:42,783 [INFO] IPUIPlugin:80 - create IPUIPlugin
2025-03-14 09:44:42,783 [INFO] PluginManager:220 - loadIPPluginJar : add spi
2025-03-14 09:44:42,863 [INFO] IPUIPlugin:80 - create IPUIPlugin
2025-03-14 09:44:42,863 [INFO] PluginManager:220 - loadIPPluginJar : add stm32_wpan
2025-03-14 09:44:42,889 [INFO] IPUIPlugin:80 - create IPUIPlugin
2025-03-14 09:44:42,889 [INFO] PluginManager:220 - loadIPPluginJar : add tim
2025-03-14 09:44:42,941 [INFO] IPUIPlugin:80 - create IPUIPlugin
2025-03-14 09:44:42,941 [INFO] PluginManager:220 - loadIPPluginJar : add touchsensing
2025-03-14 09:44:42,973 [INFO] IPUIPlugin:80 - create IPUIPlugin
2025-03-14 09:44:42,973 [INFO] PluginManager:220 - loadIPPluginJar : add tracer_emb
2025-03-14 09:44:43,004 [INFO] IPUIPlugin:80 - create IPUIPlugin
2025-03-14 09:44:43,004 [INFO] PluginManager:220 - loadIPPluginJar : add ts
2025-03-14 09:44:43,036 [INFO] IPUIPlugin:80 - create IPUIPlugin
2025-03-14 09:44:43,036 [INFO] PluginManager:220 - loadIPPluginJar : add tsc
2025-03-14 09:44:43,067 [INFO] IPUIPlugin:80 - create IPUIPlugin
2025-03-14 09:44:43,067 [INFO] PluginManager:220 - loadIPPluginJar : add ucpd
2025-03-14 09:44:43,130 [INFO] IPUIPlugin:80 - create IPUIPlugin
2025-03-14 09:44:43,130 [INFO] PluginManager:220 - loadIPPluginJar : add usart
2025-03-14 09:44:43,177 [INFO] IPUIPlugin:80 - create IPUIPlugin
2025-03-14 09:44:43,177 [INFO] PluginManager:220 - loadIPPluginJar : add usbx
2025-03-14 09:44:43,342 [INFO] CADModel:165 - CPN selected for project level
2025-03-14 09:44:43,342 [INFO] CADModel:114 - Register for checkConnection events
2025-03-14 09:44:43,342 [FATAL] Updater:334 - Updater called before beeing initialized
2025-03-14 09:44:43,342 [ERROR] CADModel:125 - Updater not yet initialized, retry later 
2025-03-14 09:44:43,480 [INFO] ThirdPartyUpdaterWithRetryManager:70 - Updater plugin not ready yet. [2/15]
2025-03-14 09:44:43,510 [INFO] CADModel:165 - CPN selected for project level
2025-03-14 09:44:43,510 [INFO] CADModel:114 - Register for checkConnection events
2025-03-14 09:44:43,510 [FATAL] Updater:334 - Updater called before beeing initialized
2025-03-14 09:44:43,510 [ERROR] CADModel:125 - Updater not yet initialized, retry later 
2025-03-14 09:44:43,510 [FATAL] Updater:334 - Updater called before beeing initialized
2025-03-14 09:44:43,673 [FATAL] Updater:334 - Updater called before beeing initialized
2025-03-14 09:44:43,685 [INFO] DbMcusAds:53 - JSON generation date=Thu Mar 06 21:54:21 ICT 2025 (1741272861825)
2025-03-14 09:44:43,690 [FATAL] Updater:334 - Updater called before beeing initialized
2025-03-14 09:44:43,716 [WARN] DetailPanel:346 - Failed to get advertising image, set to default
2025-03-14 09:44:43,827 [FATAL] Updater:334 - Updater called before beeing initialized
2025-03-14 09:44:43,827 [FATAL] Updater:334 - Updater called before beeing initialized
2025-03-14 09:44:43,827 [FATAL] Updater:334 - Updater called before beeing initialized
2025-03-14 09:44:43,827 [WARN] DetailPanel:346 - Failed to get advertising image, set to default
2025-03-14 09:44:43,827 [FATAL] Updater:334 - Updater called before beeing initialized
2025-03-14 09:44:43,911 [ERROR] Updater:1164 - MainUpdater not yet initialized. External WinMGr cannot be set.
2025-03-14 09:44:43,927 [INFO] Updater:1100 - Updater Version found : 6.12.0
2025-03-14 09:44:43,959 [INFO] ApplicationProperties:184 - Using Application install path: C:\ST\STM32CubeIDE_1.16.0\STM32CubeIDE\plugins\com.st.stm32cube.common.mx_6.12.0.202406281431
2025-03-14 09:44:44,695 [INFO] MainUpdater:2873 - connection check result : 10
2025-03-14 09:44:44,695 [INFO] MainUpdater:290 - Updater Check For Update Now.
2025-03-14 09:44:44,695 [INFO] MicroXplorer:498 - Change Database Version : DB.6.0.120
2025-03-14 09:44:44,765 [INFO] McuFinderGlobals:63 - Set McuFinder mode to 2 (CubeIDE integrated)
2025-03-14 09:44:44,774 [INFO] UserAuth:417 - Internet connection configuration mode: 1
2025-03-14 09:44:44,831 [INFO] JxBrowserEngine:152 - Initiate JxBrowser Engine with user profile folder
2025-03-14 09:44:45,038 [INFO] CheckServerUpdateThread:120 - End of CheckServer Thread
2025-03-14 09:44:46,893 [WARN] PackLoader:240 - Cannot read IP mode file for STMicroelectronics.FP-SNS-MOTENVWB1.1.4.0
2025-03-14 09:44:46,918 [WARN] PackLoader:240 - Cannot read IP mode file for STMicroelectronics.FP-ATR-ASTRA1.2.0.2
2025-03-14 09:44:46,933 [WARN] PackLoader:240 - Cannot read IP mode file for STMicroelectronics.FP-ATR-ASTRA1.2.0.1
2025-03-14 09:44:46,949 [WARN] PackLoader:240 - Cannot read IP mode file for STMicroelectronics.X-CUBE-SMBUS.2.1.0
2025-03-14 09:44:46,964 [WARN] PackLoader:240 - Cannot read IP mode file for STMicroelectronics.X-CUBE-WB05N.1.1.0
2025-03-14 09:44:47,013 [WARN] PackLoader:240 - Cannot read IP mode file for STMicroelectronics.X-CUBE-AZRTOS-F7.1.1.0
2025-03-14 09:44:47,035 [WARN] PackLoader:240 - Cannot read IP mode file for STMicroelectronics.FP-SNS-FLIGHT1.5.0.2
2025-03-14 09:44:47,082 [WARN] PackLoader:240 - Cannot read IP mode file for Infineon.AIROC-Wi-Fi-Bluetooth-STM32.1.7.0
2025-03-14 09:44:47,106 [WARN] PackLoader:240 - Cannot read IP mode file for STMicroelectronics.X-CUBE-DISPLAY.3.0.0
2025-03-14 09:44:47,134 [WARN] PackLoader:240 - Cannot read IP mode file for STMicroelectronics.X-CUBE-BLE1.7.0.0
2025-03-14 09:44:47,155 [WARN] PackLoader:240 - Cannot read IP mode file for STMicroelectronics.X-CUBE-NFC10.1.0.0
2025-03-14 09:44:47,172 [WARN] PackLoader:240 - Cannot read IP mode file for emotas.I-CUBE-CANOPEN.1.3.0
2025-03-14 09:44:47,190 [WARN] ConditionMgr:438 - getConditionDescription Invalid condition id : Cortex-A Device cause : null
2025-03-14 09:44:47,221 [WARN] ConditionMgr:1039 - genDependencies : Invalid condition id : Cortex-A Device cause : null
2025-03-14 09:44:47,221 [WARN] ConditionMgr:1039 - genDependencies : Invalid condition id : Cortex-A Device cause : null
2025-03-14 09:44:47,221 [WARN] ConditionMgr:1039 - genDependencies : Invalid condition id : Cortex-A Device cause : null
2025-03-14 09:44:47,236 [WARN] PackLoader:240 - Cannot read IP mode file for STMicroelectronics.FP-SNS-SMARTAG2.1.2.0
2025-03-14 09:44:47,261 [ERROR] Engine:466 - C:\Users\thaweechock.m\.stm32cubemx\thirdparties\pdsc\STMicroelectronics.FP-SNS-FLIGHT1.5.1.0.pdsc: PDSC version is not supported
2025-03-14 09:44:47,331 [WARN] PackLoader:240 - Cannot read IP mode file for STMicroelectronics.X-CUBE-MEMS1.11.1.0
2025-03-14 09:44:47,595 [INFO] LogOutputStream:77 - [STDOUT_REDIRECT] 1 : Invalid condition id : UX_CORESTACK_Condition cause : null
2025-03-14 09:44:47,595 [INFO] LogOutputStream:77 - [STDOUT_REDIRECT] 1 : Invalid condition id : UX_CORESTACK_Condition cause : null
2025-03-14 09:44:47,595 [INFO] LogOutputStream:77 - [STDOUT_REDIRECT] 1 : Invalid condition id : UX_CORESTACK_Condition cause : null
2025-03-14 09:44:47,595 [INFO] LogOutputStream:77 - [STDOUT_REDIRECT] 1 : Invalid condition id : UX_CORESTACK_Condition cause : null
2025-03-14 09:44:47,609 [INFO] LogOutputStream:77 - [STDOUT_REDIRECT] 1 : Invalid condition id : UX_CORESTACK_Condition cause : null
2025-03-14 09:44:47,609 [WARN] PackLoader:240 - Cannot read IP mode file for STMicroelectronics.X-CUBE-AZRTOS-WL.2.0.0
2025-03-14 09:44:47,625 [WARN] PackLoader:240 - Cannot read IP mode file for STMicroelectronics.FP-SNS-MOTENV1.5.0.0
2025-03-14 09:44:47,655 [WARN] PackLoader:240 - Cannot read IP mode file for WES.I-CUBE-Cesium.1.3.0
2025-03-14 09:44:47,672 [WARN] PackLoader:240 - Cannot read IP mode file for STMicroelectronics.X-CUBE-BLE2.3.3.0
2025-03-14 09:44:47,672 [WARN] PackLoader:240 - Cannot read IP mode file for STMicroelectronics.X-CUBE-NFC9.1.0.0
2025-03-14 09:44:47,707 [WARN] PackLoader:240 - Cannot read IP mode file for STMicroelectronics.X-CUBE-BLE1.7.1.0
2025-03-14 09:44:47,726 [WARN] PackLoader:240 - Cannot read IP mode file for wolfSSL.I-CUBE-wolfMQTT.1.19.2
2025-03-14 09:44:47,752 [WARN] PackLoader:240 - Cannot read IP mode file for STMicroelectronics.X-CUBE-AZRTOS-G0.1.1.0
2025-03-14 09:44:47,767 [WARN] PackLoader:240 - Cannot read IP mode file for STMicroelectronics.X-CUBE-SAFEA1.1.2.2
2025-03-14 09:44:47,793 [WARN] PackLoader:240 - Cannot read IP mode file for STMicroelectronics.X-CUBE-NFC4.3.0.0
2025-03-14 09:44:47,824 [WARN] PackLoader:240 - Cannot read IP mode file for EmbeddedOffice.I-CUBE-FS-RTOS.1.0.1
2025-03-14 09:44:47,824 [ERROR] ConditionMgr:805 - Attr not supported : Dmpu
2025-03-14 09:44:47,834 [ERROR] ConditionMgr:805 - Attr not supported : Dmpu
2025-03-14 09:44:47,834 [ERROR] ConditionMgr:805 - Attr not supported : Dmpu
2025-03-14 09:44:47,834 [ERROR] ConditionMgr:805 - Attr not supported : Dmpu
2025-03-14 09:44:47,835 [ERROR] ConditionMgr:805 - Attr not supported : Dmpu
2025-03-14 09:44:47,835 [ERROR] ConditionMgr:805 - Attr not supported : Dmpu
2025-03-14 09:44:47,835 [ERROR] ConditionMgr:805 - Attr not supported : Dmpu
2025-03-14 09:44:47,835 [ERROR] ConditionMgr:805 - Attr not supported : Dmpu
2025-03-14 09:44:47,835 [ERROR] ConditionMgr:805 - Attr not supported : Dmpu
2025-03-14 09:44:47,835 [ERROR] ConditionMgr:805 - Attr not supported : Dmpu
2025-03-14 09:44:47,835 [ERROR] ConditionMgr:805 - Attr not supported : Dmpu
2025-03-14 09:44:47,835 [ERROR] ConditionMgr:805 - Attr not supported : Dmpu
2025-03-14 09:44:47,835 [ERROR] ConditionMgr:805 - Attr not supported : Dmpu
2025-03-14 09:44:47,835 [ERROR] ConditionMgr:805 - Attr not supported : Dmpu
2025-03-14 09:44:47,835 [ERROR] ConditionMgr:805 - Attr not supported : Dmpu
2025-03-14 09:44:47,835 [ERROR] ConditionMgr:805 - Attr not supported : Dmpu
2025-03-14 09:44:47,835 [ERROR] ConditionMgr:805 - Attr not supported : Dmpu
2025-03-14 09:44:47,835 [ERROR] ConditionMgr:805 - Attr not supported : Dmpu
2025-03-14 09:44:47,835 [ERROR] ConditionMgr:805 - Attr not supported : Dmpu
2025-03-14 09:44:47,835 [ERROR] ConditionMgr:805 - Attr not supported : Dmpu
2025-03-14 09:44:47,835 [ERROR] ConditionMgr:805 - Attr not supported : Dmpu
2025-03-14 09:44:47,835 [ERROR] ConditionMgr:805 - Attr not supported : Dmpu
2025-03-14 09:44:47,835 [ERROR] ConditionMgr:805 - Attr not supported : Dmpu
2025-03-14 09:44:47,835 [ERROR] ConditionMgr:805 - Attr not supported : Dmpu
2025-03-14 09:44:47,835 [ERROR] ConditionMgr:805 - Attr not supported : Dmpu
2025-03-14 09:44:47,835 [ERROR] ConditionMgr:805 - Attr not supported : Dmpu
2025-03-14 09:44:47,835 [ERROR] ConditionMgr:805 - Attr not supported : Dmpu
2025-03-14 09:44:47,835 [ERROR] ConditionMgr:805 - Attr not supported : Dmpu
2025-03-14 09:44:47,835 [ERROR] ConditionMgr:805 - Attr not supported : Dmpu
2025-03-14 09:44:47,835 [ERROR] ConditionMgr:805 - Attr not supported : Dmpu
2025-03-14 09:44:47,835 [ERROR] ConditionMgr:805 - Attr not supported : Dmpu
2025-03-14 09:44:47,835 [ERROR] ConditionMgr:805 - Attr not supported : Dmpu
2025-03-14 09:44:47,835 [ERROR] ConditionMgr:805 - Attr not supported : Dmpu
2025-03-14 09:44:47,835 [ERROR] ConditionMgr:805 - Attr not supported : Dmpu
2025-03-14 09:44:47,835 [ERROR] ConditionMgr:805 - Attr not supported : Dmpu
2025-03-14 09:44:47,835 [ERROR] ConditionMgr:805 - Attr not supported : Dmpu
2025-03-14 09:44:47,846 [ERROR] ConditionMgr:805 - Attr not supported : Dmpu
2025-03-14 09:44:47,846 [ERROR] ConditionMgr:805 - Attr not supported : Dmpu
2025-03-14 09:44:47,846 [ERROR] ConditionMgr:805 - Attr not supported : Dmpu
2025-03-14 09:44:47,846 [ERROR] ConditionMgr:805 - Attr not supported : Dmpu
2025-03-14 09:44:47,846 [ERROR] ConditionMgr:805 - Attr not supported : Dmpu
2025-03-14 09:44:47,846 [ERROR] ConditionMgr:805 - Attr not supported : Dmpu
2025-03-14 09:44:47,846 [ERROR] ConditionMgr:805 - Attr not supported : Dmpu
2025-03-14 09:44:47,846 [ERROR] ConditionMgr:805 - Attr not supported : Dmpu
2025-03-14 09:44:47,846 [ERROR] ConditionMgr:805 - Attr not supported : Dmpu
2025-03-14 09:44:47,846 [ERROR] ConditionMgr:805 - Attr not supported : Dmpu
2025-03-14 09:44:47,846 [ERROR] ConditionMgr:805 - Attr not supported : Dmpu
2025-03-14 09:44:47,846 [ERROR] ConditionMgr:805 - Attr not supported : Dmpu
2025-03-14 09:44:47,846 [ERROR] ConditionMgr:805 - Attr not supported : Dmpu
2025-03-14 09:44:47,846 [ERROR] ConditionMgr:805 - Attr not supported : Dmpu
2025-03-14 09:44:47,846 [ERROR] ConditionMgr:805 - Attr not supported : Dmpu
2025-03-14 09:44:47,846 [ERROR] ConditionMgr:805 - Attr not supported : Dmpu
2025-03-14 09:44:47,846 [ERROR] ConditionMgr:805 - Attr not supported : Dmpu
2025-03-14 09:44:47,846 [ERROR] ConditionMgr:805 - Attr not supported : Dmpu
2025-03-14 09:44:47,847 [ERROR] ConditionMgr:805 - Attr not supported : Dmpu
2025-03-14 09:44:47,847 [ERROR] ConditionMgr:805 - Attr not supported : Dmpu
2025-03-14 09:44:47,847 [ERROR] ConditionMgr:805 - Attr not supported : Dmpu
2025-03-14 09:44:47,847 [ERROR] ConditionMgr:805 - Attr not supported : Dmpu
2025-03-14 09:44:47,847 [ERROR] ConditionMgr:805 - Attr not supported : Dmpu
2025-03-14 09:44:47,847 [ERROR] ConditionMgr:805 - Attr not supported : Dmpu
2025-03-14 09:44:47,847 [ERROR] ConditionMgr:805 - Attr not supported : Dmpu
2025-03-14 09:44:47,847 [ERROR] ConditionMgr:805 - Attr not supported : Dmpu
2025-03-14 09:44:47,847 [ERROR] ConditionMgr:805 - Attr not supported : Dmpu
2025-03-14 09:44:47,847 [ERROR] ConditionMgr:805 - Attr not supported : Dmpu
2025-03-14 09:44:47,862 [WARN] PackLoader:240 - Cannot read IP mode file for wolfSSL.I-CUBE-wolfTPM.3.8.0
2025-03-14 09:44:47,862 [ERROR] Engine:466 - C:\Users\thaweechock.m\.stm32cubemx\thirdparties\pdsc\STMicroelectronics.X-CUBE-TCPP.4.2.0.pdsc: PDSC version is not supported
2025-03-14 09:44:47,894 [WARN] PackLoader:240 - Cannot read IP mode file for RealThread.X-CUBE-RT-Thread_Nano.4.1.1
2025-03-14 09:44:47,909 [WARN] PackLoader:240 - Cannot read IP mode file for STMicroelectronics.FP-ATR-SIGFOX1.3.2.0
2025-03-14 09:44:47,943 [WARN] PackLoader:240 - Cannot read IP mode file for STMicroelectronics.X-CUBE-EEPRMA1.5.1.0
2025-03-14 09:44:47,979 [WARN] PackLoader:240 - Cannot read IP mode file for wolfSSL.I-CUBE-wolfSSL.5.7.6
2025-03-14 09:44:47,994 [WARN] PackLoader:240 - Cannot read IP mode file for ITTIA_DB.I-CUBE-ITTIADB.8.9.0
2025-03-14 09:44:48,038 [WARN] PackLoader:240 - Cannot read IP mode file for SEGGER.I-CUBE-embOS.1.3.1
2025-03-14 09:44:48,099 [WARN] PackLoader:240 - Cannot read IP mode file for STMicroelectronics.X-CUBE-ALGOBUILD.1.4.0
2025-03-14 09:44:48,130 [WARN] PackLoader:240 - Cannot read IP mode file for STMicroelectronics.X-CUBE-AZRTOS-F4.1.1.0
2025-03-14 09:44:48,146 [WARN] PackLoader:240 - Cannot read IP mode file for STMicroelectronics.X-CUBE-ISPU.2.1.0
2025-03-14 09:44:48,177 [WARN] PackLoader:240 - Cannot read IP mode file for STMicroelectronics.X-CUBE-AZRTOS-L5.2.0.0
2025-03-14 09:44:48,199 [WARN] PackLoader:240 - Cannot read IP mode file for STMicroelectronics.X-CUBE-NFC6.3.1.0
2025-03-14 09:44:48,210 [WARN] PackLoader:240 - Cannot read IP mode file for STMicroelectronics.X-CUBE-NFC7.1.0.1
2025-03-14 09:44:48,237 [WARN] ConditionMgr:438 - getConditionDescription Invalid condition id : LAN8742 Phy interface Condition cause : null
2025-03-14 09:44:48,237 [WARN] PackLoader:240 - Cannot read IP mode file for STMicroelectronics.X-CUBE-AZRTOS-L4.2.0.0
2025-03-14 09:44:48,237 [WARN] ConditionMgr:1039 - genDependencies : Invalid condition id : LAN8742 Phy interface Condition cause : null
2025-03-14 09:44:48,237 [WARN] ConditionMgr:1039 - genDependencies : Invalid condition id : LAN8742 Phy interface Condition cause : null
2025-03-14 09:44:48,237 [WARN] ConditionMgr:1039 - genDependencies : Invalid condition id : LAN8742 Phy interface Condition cause : null
2025-03-14 09:44:48,259 [WARN] PackLoader:240 - Cannot read IP mode file for STMicroelectronics.X-CUBE-SFXS2LP1.4.0.0
2025-03-14 09:44:48,344 [WARN] PackLoader:240 - Cannot read IP mode file for STMicroelectronics.X-CUBE-AZRTOS-H7.3.3.0
2025-03-14 09:44:48,376 [WARN] ConditionMgr:438 - getConditionDescription Invalid condition id : UX DEVICE CLASS RTOS Condition cause : null
2025-03-14 09:44:48,376 [WARN] ConditionMgr:438 - getConditionDescription Invalid condition id : UX DEVICE CLASS RTOS Condition cause : null
2025-03-14 09:44:48,402 [WARN] PackLoader:240 - Cannot read IP mode file for STMicroelectronics.X-CUBE-AZRTOS-WB.2.0.0
2025-03-14 09:44:48,402 [WARN] ConditionMgr:1039 - genDependencies : Invalid condition id : UX DEVICE CLASS RTOS Condition cause : null
2025-03-14 09:44:48,402 [WARN] ConditionMgr:1039 - genDependencies : Invalid condition id : UX DEVICE CLASS RTOS Condition cause : null
2025-03-14 09:44:48,402 [WARN] ConditionMgr:1039 - genDependencies : Invalid condition id : UX DEVICE CLASS RTOS Condition cause : null
2025-03-14 09:44:48,402 [WARN] ConditionMgr:1039 - genDependencies : Invalid condition id : UX DEVICE CLASS RTOS Condition cause : null
2025-03-14 09:44:48,402 [WARN] ConditionMgr:1039 - genDependencies : Invalid condition id : UX DEVICE CLASS RTOS Condition cause : null
2025-03-14 09:44:48,423 [WARN] PackLoader:240 - Cannot read IP mode file for STMicroelectronics.X-CUBE-GNSS1.7.0.1
2025-03-14 09:44:48,463 [WARN] PackLoader:240 - Cannot read IP mode file for STMicroelectronics.X-CUBE-TOUCHGFX.4.25.0
2025-03-14 09:44:48,498 [WARN] PackLoader:240 - Cannot read IP mode file for STMicroelectronics.X-CUBE-SUBG2.5.0.0
2025-03-14 09:44:48,539 [WARN] PackLoader:240 - Cannot read IP mode file for Cesanta.I-CUBE-Mongoose.7.13.0
2025-03-14 09:44:48,573 [WARN] PackLoader:240 - Cannot read IP mode file for STMicroelectronics.X-CUBE-AZRTOS-G4.2.0.0
2025-03-14 09:44:48,605 [WARN] PackLoader:240 - Cannot read IP mode file for wolfSSL.I-CUBE-wolfSSH.1.4.20
2025-03-14 09:44:48,629 [ERROR] Engine:466 - C:\Users\thaweechock.m\.stm32cubemx\thirdparties\pdsc\STMicroelectronics.X-CUBE-IPS.3.1.0.pdsc: PDSC version is not supported
2025-03-14 09:44:48,653 [WARN] PackLoader:240 - Cannot read IP mode file for STMicroelectronics.X-CUBE-ALS.1.0.2
2025-03-14 09:44:48,676 [WARN] PackLoader:240 - Cannot read IP mode file for STMicroelectronics.X-CUBE-TOUCHGFX.4.24.2
2025-03-14 09:44:48,694 [WARN] PackLoader:240 - Cannot read IP mode file for portGmbH.I-Cube-SoM-uGOAL.1.1.0
2025-03-14 09:44:48,723 [INFO] WebApp:167 - Instantiating new browser for Auth
2025-03-14 09:44:48,723 [WARN] PackLoader:240 - Cannot read IP mode file for STMicroelectronics.X-CUBE-AZRTOS-H7RS.1.0.0
2025-03-14 09:44:48,767 [WARN] PackLoader:240 - Cannot read IP mode file for STMicroelectronics.X-CUBE-TOF1.3.4.2
2025-03-14 09:44:48,785 [INFO] ThirdParty:978 - Integrity check success = true
2025-03-14 09:44:48,787 [INFO] IntegrityCheckThread:100 - exiting critical section [integrity check]
2025-03-14 09:44:48,787 [INFO] IntegrityCheckThread:103 - End integrity checks thread
2025-03-14 09:44:49,817 [INFO] WebApp:448 - Apply proxy settings
2025-03-14 09:44:49,817 [INFO] WebApp:533 - Chromium requires no authentication
2025-03-14 09:44:49,827 [INFO] WebApp:476 - Direct internet connection detected
2025-03-14 09:44:49,857 [INFO] WebApp:869 - Register for checkConnection events
2025-03-14 09:44:49,857 [INFO] WebApp:448 - Apply proxy settings
2025-03-14 09:44:49,857 [INFO] WebApp:533 - Chromium requires no authentication
2025-03-14 09:44:49,857 [INFO] WebApp:476 - Direct internet connection detected
2025-03-14 09:44:50,101 [INFO] WebApp:220 - Starting web application
2025-03-14 09:44:50,101 [INFO] WebApp:578 - Web application path used C:\ST\STM32CubeIDE_1.16.0\STM32CubeIDE\plugins\com.st.stm32cube.common.mx_6.12.0.202406281431\db\plugins\mcufinder\reactClient1\index.html
2025-03-14 09:44:50,108 [INFO] WebApp:186 - Connection restablished
2025-03-14 09:44:50,328 [INFO] UserAuth:417 - Internet connection configuration mode: 1
2025-03-14 12:17:10,090 [INFO] WebApp:189 - Connection lost
2025-03-14 12:17:11,952 [INFO] WebApp:186 - Connection restablished
2025-03-14 12:17:13,752 [INFO] WebApp:189 - Connection lost
2025-03-14 12:17:13,926 [INFO] WebApp:186 - Connection restablished
2025-03-14 12:17:15,630 [INFO] WebApp:189 - Connection lost
2025-03-14 12:17:15,793 [INFO] WebApp:186 - Connection restablished
2025-03-14 12:17:18,124 [INFO] WebApp:189 - Connection lost
2025-03-14 12:17:18,280 [INFO] WebApp:186 - Connection restablished
2025-03-14 12:19:05,138 [INFO] WebApp:189 - Connection lost
2025-03-14 12:19:05,401 [INFO] WebApp:186 - Connection restablished
2025-03-14 13:26:54,699 [INFO] WebApp:189 - Connection lost
2025-03-14 13:26:55,013 [INFO] WebApp:186 - Connection restablished
2025-03-14 13:29:56,726 [INFO] WebApp:189 - Connection lost
2025-03-14 13:29:56,993 [INFO] WebApp:186 - Connection restablished
2025-03-14 17:05:07,277 [ERROR] LogOutputStream:75 - [STDERR_REDIRECT] 
