2025-03-17 11:01:10,984 [INFO] Activator:176 - 


2025-03-17 11:01:10,998 [INFO] Activator:177 - !SESSION log4j initialized
2025-03-17 11:01:22,240 [INFO] LogOutputStream:77 - [STDOUT_REDIRECT] 
2025-03-17 11:01:25,864 [INFO] ApplicationProperties:184 - Using Application install path: C:\ST\STM32CubeIDE_1.16.0\STM32CubeIDE\plugins\com.st.stm32cube.common.mx_6.12.0.202406281431
2025-03-17 11:01:25,904 [INFO] DbMcusXml:78 - Set database path to: C:\ST\STM32CubeIDE_1.16.0\STM32CubeIDE\plugins\com.st.stm32cube.common.mx_6.12.0.202406281431\\db\/mcu/
2025-03-17 11:01:25,905 [INFO] ApiDb:274 - Set plugin database path to: C:\ST\STM32CubeIDE_1.16.0\STM32CubeIDE\plugins\com.st.stm32cube.common.mx_6.12.0.202406281431\\db\/plugins/boardmanager/
2025-03-17 11:01:25,906 [WARN] ApiDb:259 - Overriding images path with different value:  => C:\ST\STM32CubeIDE_1.16.0\STM32CubeIDE\plugins\com.st.stm32cube.common.mx_6.12.0.202406281431\\db\/plugins/mcufinder/images/
2025-03-17 11:01:25,938 [INFO] ApiDb:250 - Set database path to: C:\Users\thaweechock.m\.stmcufinder\plugins\mcufinder//mcu/
2025-03-17 11:01:25,941 [INFO] DbMcusAds:125 - Set database path to: C:\Users\thaweechock.m\.stmcufinder\plugins\mcufinder//mcu/
2025-03-17 11:01:25,947 [INFO] CrossReferenceDbSqlite:203 - Set database path to: C:\Users\thaweechock.m\.stmcufinder\plugins\mcufinder//mcu/cs/
2025-03-17 11:01:26,194 [INFO] RulesReader:64 - Compatibility file has been processed (297 Rules)
2025-03-17 11:01:26,388 [INFO] DbMcusXml:78 - Set database path to: C:\ST\STM32CubeIDE_1.16.0\STM32CubeIDE\plugins\com.st.stm32cube.common.mx_6.12.0.202406281431\\db\/mcu/
2025-03-17 11:01:26,388 [INFO] ApiDb:274 - Set plugin database path to: C:\ST\STM32CubeIDE_1.16.0\STM32CubeIDE\plugins\com.st.stm32cube.common.mx_6.12.0.202406281431\\db\/plugins/boardmanager/
2025-03-17 11:01:26,389 [INFO] ApiDb:261 - Set plugin images path to: C:\ST\STM32CubeIDE_1.16.0\STM32CubeIDE\plugins\com.st.stm32cube.common.mx_6.12.0.202406281431\\db\/plugins/mcufinder/images/
2025-03-17 11:01:26,389 [WARN] DbFile:41 - Overriding database path with different value: C:\Users\thaweechock.m\.stmcufinder\plugins\mcufinder/ => C:\Users\thaweechock.m\.stmcufinder\plugins\mcufinder
2025-03-17 11:01:26,389 [INFO] ApiDb:250 - Set database path to: C:\Users\thaweechock.m\.stmcufinder\plugins\mcufinder//mcu/
2025-03-17 11:01:26,389 [WARN] DbFile:41 - Overriding database path with different value: C:\Users\thaweechock.m\.stmcufinder\plugins\mcufinder/ => C:\Users\thaweechock.m\.stmcufinder\plugins\mcufinder
2025-03-17 11:01:26,390 [INFO] DbMcusAds:125 - Set database path to: C:\Users\thaweechock.m\.stmcufinder\plugins\mcufinder//mcu/
2025-03-17 11:01:26,390 [WARN] DbFile:41 - Overriding database path with different value: C:\Users\thaweechock.m\.stmcufinder\plugins\mcufinder/ => C:\Users\thaweechock.m\.stmcufinder\plugins\mcufinder
2025-03-17 11:01:26,390 [WARN] DbFile:41 - Overriding database path with different value: C:\Users\thaweechock.m\.stmcufinder\plugins\mcufinder/ => C:\Users\thaweechock.m\.stmcufinder\plugins\mcufinder
2025-03-17 11:01:26,390 [INFO] CrossReferenceDbSqlite:203 - Set database path to: C:\Users\thaweechock.m\.stmcufinder\plugins\mcufinder//mcu/cs/
2025-03-17 11:01:26,601 [INFO] MainPanel:268 - HeapMemory: 268435456
2025-03-17 11:01:26,855 [INFO] DbMcusXml:78 - Set database path to: C:\ST\STM32CubeIDE_1.16.0\STM32CubeIDE\plugins\com.st.stm32cube.common.mx_6.12.0.202406281431\\db\/mcu/
2025-03-17 11:01:26,855 [INFO] ApiDb:274 - Set plugin database path to: C:\ST\STM32CubeIDE_1.16.0\STM32CubeIDE\plugins\com.st.stm32cube.common.mx_6.12.0.202406281431\\db\/plugins/boardmanager/
2025-03-17 11:01:26,855 [INFO] ApiDb:261 - Set plugin images path to: C:\ST\STM32CubeIDE_1.16.0\STM32CubeIDE\plugins\com.st.stm32cube.common.mx_6.12.0.202406281431\\db\/plugins/mcufinder/images/
2025-03-17 11:01:26,856 [WARN] DbFile:41 - Overriding database path with different value: C:\Users\thaweechock.m\.stmcufinder\plugins\mcufinder/ => C:\Users\thaweechock.m\.stmcufinder\plugins\mcufinder
2025-03-17 11:01:26,856 [INFO] ApiDb:250 - Set database path to: C:\Users\thaweechock.m\.stmcufinder\plugins\mcufinder//mcu/
2025-03-17 11:01:26,856 [WARN] DbFile:41 - Overriding database path with different value: C:\Users\thaweechock.m\.stmcufinder\plugins\mcufinder/ => C:\Users\thaweechock.m\.stmcufinder\plugins\mcufinder
2025-03-17 11:01:26,856 [INFO] DbMcusAds:125 - Set database path to: C:\Users\thaweechock.m\.stmcufinder\plugins\mcufinder//mcu/
2025-03-17 11:01:26,858 [WARN] DbFile:41 - Overriding database path with different value: C:\Users\thaweechock.m\.stmcufinder\plugins\mcufinder/ => C:\Users\thaweechock.m\.stmcufinder\plugins\mcufinder
2025-03-17 11:01:26,858 [WARN] DbFile:41 - Overriding database path with different value: C:\Users\thaweechock.m\.stmcufinder\plugins\mcufinder/ => C:\Users\thaweechock.m\.stmcufinder\plugins\mcufinder
2025-03-17 11:01:26,858 [INFO] CrossReferenceDbSqlite:203 - Set database path to: C:\Users\thaweechock.m\.stmcufinder\plugins\mcufinder//mcu/cs/
2025-03-17 11:01:26,898 [INFO] ApplicationProperties:184 - Using Application install path: C:\ST\STM32CubeIDE_1.16.0\STM32CubeIDE\plugins\com.st.stm32cube.common.mx_6.12.0.202406281431
2025-03-17 11:01:26,901 [INFO] PluginManage:196 - Search for loadable plugins [exclusion list=, ]
2025-03-17 11:01:26,904 [INFO] PluginManage:310 - Check plugin analytics
2025-03-17 11:01:27,278 [INFO] AnalyticsPlugin:253 - Accepted Software Licenses: 
2025-03-17 11:01:27,279 [INFO] AnalyticsPlugin:255 - Accepted CMSIS Pack Licenses: 
2025-03-17 11:01:27,279 [INFO] AnalyticsPlugin:257 - Accepted Firmware Licenses: FW.L4.1.18.0
2025-03-17 11:01:27,286 [INFO] PluginManage:359 - Loaded plugin analytics (category:tool,tabindex:-1)
2025-03-17 11:01:27,287 [INFO] PluginManage:310 - Check plugin cadmodel
2025-03-17 11:01:27,322 [INFO] CADModel:105 - Init CAD model plugin
2025-03-17 11:01:27,322 [INFO] PluginManage:359 - Loaded plugin cadmodel (category:power,tabindex:5)
2025-03-17 11:01:27,322 [INFO] PluginManage:310 - Check plugin clock
2025-03-17 11:01:27,360 [INFO] PluginManage:359 - Loaded plugin clock (category:base,tabindex:2)
2025-03-17 11:01:27,360 [INFO] PluginManage:310 - Check plugin ddr
2025-03-17 11:01:27,366 [INFO] PluginManage:359 - Loaded plugin ddr (category:tool,tabindex:6)
2025-03-17 11:01:27,366 [INFO] PluginManage:310 - Check plugin filemanager
2025-03-17 11:01:27,662 [INFO] PluginManage:359 - Loaded plugin filemanager (category:base,tabindex:10)
2025-03-17 11:01:27,662 [INFO] PluginManage:310 - Check plugin ipmanager
2025-03-17 11:01:27,679 [INFO] PluginManage:359 - Loaded plugin ipmanager (category:base,tabindex:5)
2025-03-17 11:01:27,680 [INFO] PluginManage:310 - Check plugin lpbam
2025-03-17 11:01:27,718 [INFO] PluginManage:359 - Loaded plugin lpbam (category:base,tabindex:0)
2025-03-17 11:01:27,718 [INFO] PluginManage:310 - Check plugin memorymap
2025-03-17 11:01:27,770 [INFO] PluginManage:359 - Loaded plugin memorymap (category:base,tabindex:4)
2025-03-17 11:01:27,770 [INFO] PluginManage:310 - Check plugin pinoutandconfiguration
2025-03-17 11:01:27,810 [INFO] PluginManage:359 - Loaded plugin pinoutandconfiguration (category:base,tabindex:1)
2025-03-17 11:01:27,811 [INFO] PluginManage:310 - Check plugin pinoutconfig
2025-03-17 11:01:28,002 [WARN] SupportedApi:132 - Cannot load RTOS API schema: s4s-elt-must-match.1: The content of 'definitions' must match (annotation?, (simpleType | complexType)?, (unique | key | keyref)*)). A problem was found starting at: attribute.
2025-03-17 11:01:28,293 [INFO] PluginManage:359 - Loaded plugin pinoutconfig (category:base,tabindex:0)
2025-03-17 11:01:28,293 [INFO] PluginManage:310 - Check plugin power
2025-03-17 11:01:28,349 [INFO] PluginManage:359 - Loaded plugin power (category:power,tabindex:4)
2025-03-17 11:01:28,349 [INFO] PluginManage:310 - Check plugin projectmanager
2025-03-17 11:01:28,383 [INFO] PluginManage:359 - Loaded plugin projectmanager (category:projectmanager,tabindex:4)
2025-03-17 11:01:28,384 [INFO] PluginManage:310 - Check plugin rif
2025-03-17 11:01:28,416 [INFO] PluginManage:359 - Loaded plugin rif (category:base,tabindex:3)
2025-03-17 11:01:28,417 [INFO] PluginManage:310 - Check plugin thirdparty
2025-03-17 11:01:28,984 [INFO] PluginManage:359 - Loaded plugin thirdparty (category:base,tabindex:-1)
2025-03-17 11:01:28,984 [WARN] IntegrityCheckThread:84 - waiting for thirdparty lock release [integrity check]
2025-03-17 11:01:28,985 [INFO] PluginManage:310 - Check plugin tools
2025-03-17 11:01:28,985 [INFO] IntegrityCheckThread:86 - entering critical section [integrity check]
2025-03-17 11:01:28,985 [INFO] ThirdPartyUpdaterWithRetryManager:70 - Updater plugin not ready yet. [1/15]
2025-03-17 11:01:29,061 [INFO] PluginManage:359 - Loaded plugin tools (category:base,tabindex:7)
2025-03-17 11:01:29,061 [INFO] PluginManage:310 - Check plugin tutovideos
2025-03-17 11:01:29,453 [INFO] PluginManage:359 - Loaded plugin tutovideos (category:base,tabindex:-1)
2025-03-17 11:01:29,453 [INFO] PluginManage:310 - Check plugin updater
2025-03-17 11:01:29,481 [INFO] PluginManage:359 - Loaded plugin updater (category:base,tabindex:12)
2025-03-17 11:01:29,481 [INFO] PluginManage:310 - Check plugin userauth
2025-03-17 11:01:29,494 [INFO] UserAuth:113 - Init User Auth plugin
2025-03-17 11:01:29,494 [INFO] PluginManage:359 - Loaded plugin userauth (category:base,tabindex:14)
2025-03-17 11:01:29,495 [INFO] PluginManage:283 - PluginManage : Loaded plugins [18]
2025-03-17 11:01:29,990 [INFO] PinOutPanel:1561 - setPackage(No Configuration,No Configuration)
2025-03-17 11:01:30,232 [INFO] CADModel:165 - CPN selected for project level
2025-03-17 11:01:30,232 [INFO] CADModel:114 - Register for checkConnection events
2025-03-17 11:01:30,286 [INFO] IPUIPlugin:80 - create IPUIPlugin
2025-03-17 11:01:30,286 [INFO] PluginManager:220 - loadIPPluginJar : add adc
2025-03-17 11:01:30,350 [INFO] IPUIPlugin:80 - create IPUIPlugin
2025-03-17 11:01:30,350 [INFO] PluginManager:220 - loadIPPluginJar : add aes
2025-03-17 11:01:30,435 [INFO] IPUIPlugin:80 - create IPUIPlugin
2025-03-17 11:01:30,436 [INFO] PluginManager:220 - loadIPPluginJar : add can
2025-03-17 11:01:30,490 [INFO] IPUIPlugin:80 - create IPUIPlugin
2025-03-17 11:01:30,491 [INFO] PluginManager:220 - loadIPPluginJar : add comp
2025-03-17 11:01:30,568 [INFO] IPUIPlugin:80 - create IPUIPlugin
2025-03-17 11:01:30,569 [INFO] PluginManager:220 - loadIPPluginJar : add cryp
2025-03-17 11:01:30,591 [INFO] IPUIPlugin:80 - create IPUIPlugin
2025-03-17 11:01:30,592 [INFO] PluginManager:220 - loadIPPluginJar : add ddr_ctrl_phy
2025-03-17 11:01:30,647 [INFO] IPUIPlugin:80 - create IPUIPlugin
2025-03-17 11:01:30,647 [INFO] PluginManager:220 - loadIPPluginJar : add dfsdm
2025-03-17 11:01:30,675 [INFO] IPUIPlugin:80 - create IPUIPlugin
2025-03-17 11:01:30,676 [INFO] PluginManager:220 - loadIPPluginJar : add dma
2025-03-17 11:01:30,775 [INFO] IPUIPlugin:80 - create IPUIPlugin
2025-03-17 11:01:30,776 [INFO] PluginManager:220 - loadIPPluginJar : add dma3
2025-03-17 11:01:30,854 [INFO] IPUIPlugin:80 - create IPUIPlugin
2025-03-17 11:01:30,855 [INFO] PluginManager:220 - loadIPPluginJar : add extmemmanager
2025-03-17 11:01:30,893 [INFO] IPUIPlugin:80 - create IPUIPlugin
2025-03-17 11:01:30,893 [INFO] PluginManager:220 - loadIPPluginJar : add fatfs
2025-03-17 11:01:30,991 [INFO] IPUIPlugin:80 - create IPUIPlugin
2025-03-17 11:01:30,992 [INFO] PluginManager:220 - loadIPPluginJar : add fmc
2025-03-17 11:01:31,025 [INFO] IPUIPlugin:80 - create IPUIPlugin
2025-03-17 11:01:31,025 [INFO] PluginManager:220 - loadIPPluginJar : add freertos
2025-03-17 11:01:31,070 [INFO] IPUIPlugin:80 - create IPUIPlugin
2025-03-17 11:01:31,070 [INFO] PluginManager:220 - loadIPPluginJar : add genericplugin
2025-03-17 11:01:31,250 [INFO] IPUIPlugin:80 - create IPUIPlugin
2025-03-17 11:01:31,252 [INFO] PluginManager:220 - loadIPPluginJar : add gfxmmu
2025-03-17 11:01:31,505 [INFO] IPUIPlugin:80 - create IPUIPlugin
2025-03-17 11:01:31,505 [INFO] PluginManager:220 - loadIPPluginJar : add gic
2025-03-17 11:01:31,533 [INFO] IPUIPlugin:80 - create IPUIPlugin
2025-03-17 11:01:31,533 [INFO] PluginManager:220 - loadIPPluginJar : add gpio
2025-03-17 11:01:31,706 [INFO] IPUIPlugin:80 - create IPUIPlugin
2025-03-17 11:01:31,706 [INFO] PluginManager:220 - loadIPPluginJar : add gtzc
2025-03-17 11:01:31,776 [INFO] IPUIPlugin:80 - create IPUIPlugin
2025-03-17 11:01:31,777 [INFO] PluginManager:220 - loadIPPluginJar : add hash
2025-03-17 11:01:31,889 [INFO] IPUIPlugin:80 - create IPUIPlugin
2025-03-17 11:01:31,889 [INFO] PluginManager:220 - loadIPPluginJar : add i2c
2025-03-17 11:01:31,960 [INFO] IPUIPlugin:80 - create IPUIPlugin
2025-03-17 11:01:31,961 [INFO] PluginManager:220 - loadIPPluginJar : add i2s
2025-03-17 11:01:31,991 [INFO] ThirdPartyUpdaterWithRetryManager:70 - Updater plugin not ready yet. [2/15]
2025-03-17 11:01:32,039 [INFO] IPUIPlugin:80 - create IPUIPlugin
2025-03-17 11:01:32,040 [INFO] PluginManager:220 - loadIPPluginJar : add i3c
2025-03-17 11:01:32,246 [INFO] IPUIPlugin:80 - create IPUIPlugin
2025-03-17 11:01:32,246 [INFO] PluginManager:220 - loadIPPluginJar : add ipddr
2025-03-17 11:01:32,427 [INFO] IPUIPlugin:80 - create IPUIPlugin
2025-03-17 11:01:32,428 [INFO] PluginManager:220 - loadIPPluginJar : add linkedlist
2025-03-17 11:01:32,512 [INFO] IPUIPlugin:80 - create IPUIPlugin
2025-03-17 11:01:32,512 [INFO] PluginManager:220 - loadIPPluginJar : add lorawan
2025-03-17 11:01:32,588 [INFO] IPUIPlugin:80 - create IPUIPlugin
2025-03-17 11:01:32,589 [INFO] PluginManager:220 - loadIPPluginJar : add ltdc
2025-03-17 11:01:32,615 [INFO] IPUIPlugin:80 - create IPUIPlugin
2025-03-17 11:01:32,615 [INFO] PluginManager:220 - loadIPPluginJar : add mdma
2025-03-17 11:01:32,642 [INFO] IPUIPlugin:80 - create IPUIPlugin
2025-03-17 11:01:32,642 [INFO] PluginManager:220 - loadIPPluginJar : add nvic
2025-03-17 11:01:32,706 [INFO] IPUIPlugin:80 - create IPUIPlugin
2025-03-17 11:01:32,706 [INFO] PluginManager:220 - loadIPPluginJar : add opamp
2025-03-17 11:01:32,838 [INFO] IPUIPlugin:80 - create IPUIPlugin
2025-03-17 11:01:32,838 [INFO] PluginManager:220 - loadIPPluginJar : add openamp
2025-03-17 11:01:32,940 [INFO] IPUIPlugin:80 - create IPUIPlugin
2025-03-17 11:01:32,940 [INFO] PluginManager:220 - loadIPPluginJar : add pdm2pcm
2025-03-17 11:01:32,970 [INFO] IPUIPlugin:80 - create IPUIPlugin
2025-03-17 11:01:32,976 [INFO] PluginManager:220 - loadIPPluginJar : add plateformsettings
2025-03-17 11:01:33,028 [INFO] IPUIPlugin:80 - create IPUIPlugin
2025-03-17 11:01:33,028 [INFO] PluginManager:220 - loadIPPluginJar : add quadspi
2025-03-17 11:01:33,091 [INFO] IPUIPlugin:80 - create IPUIPlugin
2025-03-17 11:01:33,092 [INFO] PluginManager:220 - loadIPPluginJar : add radio
2025-03-17 11:01:33,117 [INFO] IPUIPlugin:80 - create IPUIPlugin
2025-03-17 11:01:33,118 [INFO] PluginManager:220 - loadIPPluginJar : add resmgrutility
2025-03-17 11:01:33,200 [INFO] IPUIPlugin:80 - create IPUIPlugin
2025-03-17 11:01:33,200 [INFO] PluginManager:220 - loadIPPluginJar : add sai
2025-03-17 11:01:33,290 [INFO] IPUIPlugin:80 - create IPUIPlugin
2025-03-17 11:01:33,290 [INFO] PluginManager:220 - loadIPPluginJar : add spi
2025-03-17 11:01:33,438 [INFO] IPUIPlugin:80 - create IPUIPlugin
2025-03-17 11:01:33,438 [INFO] PluginManager:220 - loadIPPluginJar : add stm32_wpan
2025-03-17 11:01:33,489 [INFO] IPUIPlugin:80 - create IPUIPlugin
2025-03-17 11:01:33,489 [INFO] PluginManager:220 - loadIPPluginJar : add tim
2025-03-17 11:01:33,611 [INFO] IPUIPlugin:80 - create IPUIPlugin
2025-03-17 11:01:33,611 [INFO] PluginManager:220 - loadIPPluginJar : add touchsensing
2025-03-17 11:01:33,658 [INFO] IPUIPlugin:80 - create IPUIPlugin
2025-03-17 11:01:33,658 [INFO] PluginManager:220 - loadIPPluginJar : add tracer_emb
2025-03-17 11:01:33,715 [INFO] IPUIPlugin:80 - create IPUIPlugin
2025-03-17 11:01:33,716 [INFO] PluginManager:220 - loadIPPluginJar : add ts
2025-03-17 11:01:33,771 [INFO] IPUIPlugin:80 - create IPUIPlugin
2025-03-17 11:01:33,772 [INFO] PluginManager:220 - loadIPPluginJar : add tsc
2025-03-17 11:01:33,823 [INFO] IPUIPlugin:80 - create IPUIPlugin
2025-03-17 11:01:33,823 [INFO] PluginManager:220 - loadIPPluginJar : add ucpd
2025-03-17 11:01:33,904 [INFO] IPUIPlugin:80 - create IPUIPlugin
2025-03-17 11:01:33,904 [INFO] PluginManager:220 - loadIPPluginJar : add usart
2025-03-17 11:01:33,998 [INFO] IPUIPlugin:80 - create IPUIPlugin
2025-03-17 11:01:33,999 [INFO] PluginManager:220 - loadIPPluginJar : add usbx
2025-03-17 11:01:34,196 [INFO] CADModel:165 - CPN selected for project level
2025-03-17 11:01:34,196 [INFO] CADModel:114 - Register for checkConnection events
2025-03-17 11:01:34,197 [FATAL] Updater:334 - Updater called before beeing initialized
2025-03-17 11:01:34,197 [ERROR] CADModel:125 - Updater not yet initialized, retry later 
2025-03-17 11:01:34,439 [INFO] CADModel:165 - CPN selected for project level
2025-03-17 11:01:34,439 [INFO] CADModel:114 - Register for checkConnection events
2025-03-17 11:01:34,439 [FATAL] Updater:334 - Updater called before beeing initialized
2025-03-17 11:01:34,439 [ERROR] CADModel:125 - Updater not yet initialized, retry later 
2025-03-17 11:01:34,444 [FATAL] Updater:334 - Updater called before beeing initialized
2025-03-17 11:01:34,729 [FATAL] Updater:334 - Updater called before beeing initialized
2025-03-17 11:01:34,751 [INFO] DbMcusAds:53 - JSON generation date=Thu Mar 06 21:54:21 ICT 2025 (1741272861825)
2025-03-17 11:01:34,752 [FATAL] Updater:334 - Updater called before beeing initialized
2025-03-17 11:01:34,828 [WARN] DetailPanel:346 - Failed to get advertising image, set to default
2025-03-17 11:01:34,993 [INFO] ThirdPartyUpdaterWithRetryManager:70 - Updater plugin not ready yet. [3/15]
2025-03-17 11:01:35,005 [FATAL] Updater:334 - Updater called before beeing initialized
2025-03-17 11:01:35,010 [FATAL] Updater:334 - Updater called before beeing initialized
2025-03-17 11:01:35,010 [FATAL] Updater:334 - Updater called before beeing initialized
2025-03-17 11:01:35,010 [WARN] DetailPanel:346 - Failed to get advertising image, set to default
2025-03-17 11:01:35,012 [FATAL] Updater:334 - Updater called before beeing initialized
2025-03-17 11:01:35,152 [ERROR] Updater:1164 - MainUpdater not yet initialized. External WinMGr cannot be set.
2025-03-17 11:01:35,171 [INFO] Updater:1100 - Updater Version found : 6.12.0
2025-03-17 11:01:35,203 [INFO] ApplicationProperties:184 - Using Application install path: C:\ST\STM32CubeIDE_1.16.0\STM32CubeIDE\plugins\com.st.stm32cube.common.mx_6.12.0.202406281431
2025-03-17 11:01:35,998 [INFO] MainUpdater:2873 - connection check result : 10
2025-03-17 11:01:35,998 [INFO] MainUpdater:3567 - Updater definition file requires update
2025-03-17 11:01:36,000 [INFO] MainUpdater:290 - Updater Check For Update Now.
2025-03-17 11:01:36,001 [INFO] MicroXplorer:498 - Change Database Version : DB.6.0.120
2025-03-17 11:01:36,038 [INFO] McuFinderGlobals:63 - Set McuFinder mode to 2 (CubeIDE integrated)
2025-03-17 11:01:36,052 [INFO] UserAuth:417 - Internet connection configuration mode: 1
2025-03-17 11:01:36,100 [INFO] JxBrowserEngine:152 - Initiate JxBrowser Engine with user profile folder
2025-03-17 11:01:36,379 [INFO] ServerAccessManage:473 - Download File updaters.zip
2025-03-17 11:01:37,995 [WARN] MainUpdater:1194 - Updater busy. Cannot search thirdparties
2025-03-17 11:01:37,996 [INFO] ThirdPartyUpdaterWithRetryManager:96 - Updater plugin is busy. [1/15]
2025-03-17 11:01:40,398 [INFO] FileExtend:240 - Unzip File : updaters.zip
2025-03-17 11:01:40,398 [INFO] FileExtend:255 - Standard Zip Deflate
2025-03-17 11:01:40,997 [WARN] MainUpdater:1194 - Updater busy. Cannot search thirdparties
2025-03-17 11:01:40,997 [INFO] ThirdPartyUpdaterWithRetryManager:96 - Updater plugin is busy. [2/15]
2025-03-17 11:01:41,859 [INFO] ServerAccessManage:473 - Download File PacksControlFlags.xml
2025-03-17 11:01:42,142 [INFO] ServerAccessManage:473 - Download File cubemx.pidx
2025-03-17 11:01:42,402 [INFO] LoadServerUpdatesThread:375 - End of LoadServerUpdate Thread
2025-03-17 11:01:42,700 [INFO] CheckServerUpdateThread:120 - End of CheckServer Thread
2025-03-17 11:01:43,174 [INFO] WebApp:167 - Instantiating new browser for Auth
2025-03-17 11:01:44,621 [WARN] PackLoader:240 - Cannot read IP mode file for STMicroelectronics.FP-SNS-MOTENVWB1.1.4.0
2025-03-17 11:01:44,654 [WARN] PackLoader:240 - Cannot read IP mode file for STMicroelectronics.FP-ATR-ASTRA1.2.0.2
2025-03-17 11:01:44,675 [WARN] PackLoader:240 - Cannot read IP mode file for STMicroelectronics.FP-ATR-ASTRA1.2.0.1
2025-03-17 11:01:44,712 [WARN] PackLoader:240 - Cannot read IP mode file for STMicroelectronics.X-CUBE-SMBUS.2.1.0
2025-03-17 11:01:44,750 [WARN] PackLoader:240 - Cannot read IP mode file for STMicroelectronics.X-CUBE-WB05N.1.1.0
2025-03-17 11:01:44,896 [WARN] PackLoader:240 - Cannot read IP mode file for STMicroelectronics.X-CUBE-AZRTOS-F7.1.1.0
2025-03-17 11:01:44,966 [WARN] PackLoader:240 - Cannot read IP mode file for STMicroelectronics.FP-SNS-FLIGHT1.5.0.2
2025-03-17 11:01:45,054 [WARN] PackLoader:240 - Cannot read IP mode file for Infineon.AIROC-Wi-Fi-Bluetooth-STM32.1.7.0
2025-03-17 11:01:45,100 [WARN] PackLoader:240 - Cannot read IP mode file for STMicroelectronics.X-CUBE-DISPLAY.3.0.0
2025-03-17 11:01:45,143 [WARN] PackLoader:240 - Cannot read IP mode file for STMicroelectronics.X-CUBE-BLE1.7.0.0
2025-03-17 11:01:45,182 [WARN] PackLoader:240 - Cannot read IP mode file for STMicroelectronics.X-CUBE-NFC10.1.0.0
2025-03-17 11:01:45,186 [INFO] WebApp:448 - Apply proxy settings
2025-03-17 11:01:45,187 [INFO] WebApp:533 - Chromium requires no authentication
2025-03-17 11:01:45,221 [WARN] PackLoader:240 - Cannot read IP mode file for emotas.I-CUBE-CANOPEN.1.3.0
2025-03-17 11:01:45,224 [INFO] WebApp:476 - Direct internet connection detected
2025-03-17 11:01:45,247 [WARN] ConditionMgr:438 - getConditionDescription Invalid condition id : Cortex-A Device cause : null
2025-03-17 11:01:45,281 [WARN] ConditionMgr:1039 - genDependencies : Invalid condition id : Cortex-A Device cause : null
2025-03-17 11:01:45,281 [WARN] ConditionMgr:1039 - genDependencies : Invalid condition id : Cortex-A Device cause : null
2025-03-17 11:01:45,281 [WARN] ConditionMgr:1039 - genDependencies : Invalid condition id : Cortex-A Device cause : null
2025-03-17 11:01:45,306 [WARN] PackLoader:240 - Cannot read IP mode file for STMicroelectronics.FP-SNS-SMARTAG2.1.2.0
2025-03-17 11:01:45,309 [INFO] WebApp:869 - Register for checkConnection events
2025-03-17 11:01:45,309 [INFO] WebApp:448 - Apply proxy settings
2025-03-17 11:01:45,309 [INFO] WebApp:533 - Chromium requires no authentication
2025-03-17 11:01:45,310 [INFO] WebApp:476 - Direct internet connection detected
2025-03-17 11:01:45,327 [ERROR] Engine:466 - C:\Users\thaweechock.m\.stm32cubemx\thirdparties\pdsc\STMicroelectronics.FP-SNS-FLIGHT1.5.1.0.pdsc: PDSC version is not supported
2025-03-17 11:01:45,441 [WARN] PackLoader:240 - Cannot read IP mode file for STMicroelectronics.X-CUBE-MEMS1.11.1.0
2025-03-17 11:01:45,756 [INFO] LogOutputStream:77 - [STDOUT_REDIRECT] 1 : Invalid condition id : UX_CORESTACK_Condition cause : null
2025-03-17 11:01:45,758 [INFO] LogOutputStream:77 - [STDOUT_REDIRECT] 1 : Invalid condition id : UX_CORESTACK_Condition cause : null
2025-03-17 11:01:45,761 [INFO] LogOutputStream:77 - [STDOUT_REDIRECT] 1 : Invalid condition id : UX_CORESTACK_Condition cause : null
2025-03-17 11:01:45,765 [INFO] LogOutputStream:77 - [STDOUT_REDIRECT] 1 : Invalid condition id : UX_CORESTACK_Condition cause : null
2025-03-17 11:01:45,768 [INFO] LogOutputStream:77 - [STDOUT_REDIRECT] 1 : Invalid condition id : UX_CORESTACK_Condition cause : null
2025-03-17 11:01:45,778 [WARN] PackLoader:240 - Cannot read IP mode file for STMicroelectronics.X-CUBE-AZRTOS-WL.2.0.0
2025-03-17 11:01:45,813 [WARN] PackLoader:240 - Cannot read IP mode file for STMicroelectronics.FP-SNS-MOTENV1.5.0.0
2025-03-17 11:01:45,852 [WARN] PackLoader:240 - Cannot read IP mode file for WES.I-CUBE-Cesium.1.3.0
2025-03-17 11:01:45,883 [WARN] PackLoader:240 - Cannot read IP mode file for STMicroelectronics.X-CUBE-BLE2.3.3.0
2025-03-17 11:01:45,918 [WARN] PackLoader:240 - Cannot read IP mode file for STMicroelectronics.X-CUBE-NFC9.1.0.0
2025-03-17 11:01:45,959 [WARN] PackLoader:240 - Cannot read IP mode file for STMicroelectronics.X-CUBE-BLE1.7.1.0
2025-03-17 11:01:45,991 [WARN] PackLoader:240 - Cannot read IP mode file for wolfSSL.I-CUBE-wolfMQTT.1.19.2
2025-03-17 11:01:46,050 [WARN] PackLoader:240 - Cannot read IP mode file for STMicroelectronics.X-CUBE-AZRTOS-G0.1.1.0
2025-03-17 11:01:46,095 [WARN] PackLoader:240 - Cannot read IP mode file for STMicroelectronics.X-CUBE-SAFEA1.1.2.2
2025-03-17 11:01:46,120 [INFO] WebApp:220 - Starting web application
2025-03-17 11:01:46,120 [INFO] WebApp:578 - Web application path used C:\ST\STM32CubeIDE_1.16.0\STM32CubeIDE\plugins\com.st.stm32cube.common.mx_6.12.0.202406281431\db\plugins\mcufinder\reactClient1\index.html
2025-03-17 11:01:46,135 [WARN] PackLoader:240 - Cannot read IP mode file for STMicroelectronics.X-CUBE-NFC4.3.0.0
2025-03-17 11:01:46,192 [WARN] PackLoader:240 - Cannot read IP mode file for EmbeddedOffice.I-CUBE-FS-RTOS.1.0.1
2025-03-17 11:01:46,193 [ERROR] ConditionMgr:805 - Attr not supported : Dmpu
2025-03-17 11:01:46,194 [ERROR] ConditionMgr:805 - Attr not supported : Dmpu
2025-03-17 11:01:46,194 [ERROR] ConditionMgr:805 - Attr not supported : Dmpu
2025-03-17 11:01:46,195 [ERROR] ConditionMgr:805 - Attr not supported : Dmpu
2025-03-17 11:01:46,195 [ERROR] ConditionMgr:805 - Attr not supported : Dmpu
2025-03-17 11:01:46,195 [ERROR] ConditionMgr:805 - Attr not supported : Dmpu
2025-03-17 11:01:46,196 [ERROR] ConditionMgr:805 - Attr not supported : Dmpu
2025-03-17 11:01:46,196 [ERROR] ConditionMgr:805 - Attr not supported : Dmpu
2025-03-17 11:01:46,196 [ERROR] ConditionMgr:805 - Attr not supported : Dmpu
2025-03-17 11:01:46,196 [ERROR] ConditionMgr:805 - Attr not supported : Dmpu
2025-03-17 11:01:46,197 [ERROR] ConditionMgr:805 - Attr not supported : Dmpu
2025-03-17 11:01:46,197 [ERROR] ConditionMgr:805 - Attr not supported : Dmpu
2025-03-17 11:01:46,197 [ERROR] ConditionMgr:805 - Attr not supported : Dmpu
2025-03-17 11:01:46,197 [ERROR] ConditionMgr:805 - Attr not supported : Dmpu
2025-03-17 11:01:46,198 [ERROR] ConditionMgr:805 - Attr not supported : Dmpu
2025-03-17 11:01:46,198 [ERROR] ConditionMgr:805 - Attr not supported : Dmpu
2025-03-17 11:01:46,198 [ERROR] ConditionMgr:805 - Attr not supported : Dmpu
2025-03-17 11:01:46,198 [ERROR] ConditionMgr:805 - Attr not supported : Dmpu
2025-03-17 11:01:46,199 [ERROR] ConditionMgr:805 - Attr not supported : Dmpu
2025-03-17 11:01:46,199 [ERROR] ConditionMgr:805 - Attr not supported : Dmpu
2025-03-17 11:01:46,199 [ERROR] ConditionMgr:805 - Attr not supported : Dmpu
2025-03-17 11:01:46,199 [ERROR] ConditionMgr:805 - Attr not supported : Dmpu
2025-03-17 11:01:46,200 [ERROR] ConditionMgr:805 - Attr not supported : Dmpu
2025-03-17 11:01:46,200 [ERROR] ConditionMgr:805 - Attr not supported : Dmpu
2025-03-17 11:01:46,200 [ERROR] ConditionMgr:805 - Attr not supported : Dmpu
2025-03-17 11:01:46,200 [ERROR] ConditionMgr:805 - Attr not supported : Dmpu
2025-03-17 11:01:46,201 [ERROR] ConditionMgr:805 - Attr not supported : Dmpu
2025-03-17 11:01:46,201 [ERROR] ConditionMgr:805 - Attr not supported : Dmpu
2025-03-17 11:01:46,201 [ERROR] ConditionMgr:805 - Attr not supported : Dmpu
2025-03-17 11:01:46,201 [ERROR] ConditionMgr:805 - Attr not supported : Dmpu
2025-03-17 11:01:46,201 [ERROR] ConditionMgr:805 - Attr not supported : Dmpu
2025-03-17 11:01:46,201 [ERROR] ConditionMgr:805 - Attr not supported : Dmpu
2025-03-17 11:01:46,201 [ERROR] ConditionMgr:805 - Attr not supported : Dmpu
2025-03-17 11:01:46,203 [ERROR] ConditionMgr:805 - Attr not supported : Dmpu
2025-03-17 11:01:46,203 [ERROR] ConditionMgr:805 - Attr not supported : Dmpu
2025-03-17 11:01:46,203 [ERROR] ConditionMgr:805 - Attr not supported : Dmpu
2025-03-17 11:01:46,203 [ERROR] ConditionMgr:805 - Attr not supported : Dmpu
2025-03-17 11:01:46,203 [ERROR] ConditionMgr:805 - Attr not supported : Dmpu
2025-03-17 11:01:46,204 [ERROR] ConditionMgr:805 - Attr not supported : Dmpu
2025-03-17 11:01:46,204 [ERROR] ConditionMgr:805 - Attr not supported : Dmpu
2025-03-17 11:01:46,204 [ERROR] ConditionMgr:805 - Attr not supported : Dmpu
2025-03-17 11:01:46,204 [ERROR] ConditionMgr:805 - Attr not supported : Dmpu
2025-03-17 11:01:46,204 [ERROR] ConditionMgr:805 - Attr not supported : Dmpu
2025-03-17 11:01:46,205 [ERROR] ConditionMgr:805 - Attr not supported : Dmpu
2025-03-17 11:01:46,205 [ERROR] ConditionMgr:805 - Attr not supported : Dmpu
2025-03-17 11:01:46,205 [ERROR] ConditionMgr:805 - Attr not supported : Dmpu
2025-03-17 11:01:46,205 [ERROR] ConditionMgr:805 - Attr not supported : Dmpu
2025-03-17 11:01:46,206 [ERROR] ConditionMgr:805 - Attr not supported : Dmpu
2025-03-17 11:01:46,206 [ERROR] ConditionMgr:805 - Attr not supported : Dmpu
2025-03-17 11:01:46,206 [ERROR] ConditionMgr:805 - Attr not supported : Dmpu
2025-03-17 11:01:46,206 [ERROR] ConditionMgr:805 - Attr not supported : Dmpu
2025-03-17 11:01:46,207 [ERROR] ConditionMgr:805 - Attr not supported : Dmpu
2025-03-17 11:01:46,207 [ERROR] ConditionMgr:805 - Attr not supported : Dmpu
2025-03-17 11:01:46,207 [ERROR] ConditionMgr:805 - Attr not supported : Dmpu
2025-03-17 11:01:46,207 [ERROR] ConditionMgr:805 - Attr not supported : Dmpu
2025-03-17 11:01:46,207 [ERROR] ConditionMgr:805 - Attr not supported : Dmpu
2025-03-17 11:01:46,208 [ERROR] ConditionMgr:805 - Attr not supported : Dmpu
2025-03-17 11:01:46,208 [ERROR] ConditionMgr:805 - Attr not supported : Dmpu
2025-03-17 11:01:46,208 [ERROR] ConditionMgr:805 - Attr not supported : Dmpu
2025-03-17 11:01:46,208 [ERROR] ConditionMgr:805 - Attr not supported : Dmpu
2025-03-17 11:01:46,208 [ERROR] ConditionMgr:805 - Attr not supported : Dmpu
2025-03-17 11:01:46,209 [ERROR] ConditionMgr:805 - Attr not supported : Dmpu
2025-03-17 11:01:46,209 [ERROR] ConditionMgr:805 - Attr not supported : Dmpu
2025-03-17 11:01:46,209 [ERROR] ConditionMgr:805 - Attr not supported : Dmpu
2025-03-17 11:01:46,247 [WARN] PackLoader:240 - Cannot read IP mode file for wolfSSL.I-CUBE-wolfTPM.3.8.0
2025-03-17 11:01:46,290 [ERROR] Engine:466 - C:\Users\thaweechock.m\.stm32cubemx\thirdparties\pdsc\STMicroelectronics.X-CUBE-TCPP.4.2.0.pdsc: PDSC version is not supported
2025-03-17 11:01:46,336 [WARN] PackLoader:240 - Cannot read IP mode file for RealThread.X-CUBE-RT-Thread_Nano.4.1.1
2025-03-17 11:01:46,377 [WARN] PackLoader:240 - Cannot read IP mode file for STMicroelectronics.FP-ATR-SIGFOX1.3.2.0
2025-03-17 11:01:46,408 [WARN] PackLoader:240 - Cannot read IP mode file for STMicroelectronics.X-CUBE-EEPRMA1.5.1.0
2025-03-17 11:01:46,438 [WARN] PackLoader:240 - Cannot read IP mode file for wolfSSL.I-CUBE-wolfSSL.5.7.6
2025-03-17 11:01:46,472 [WARN] PackLoader:240 - Cannot read IP mode file for ITTIA_DB.I-CUBE-ITTIADB.8.9.0
2025-03-17 11:01:46,559 [INFO] WebApp:186 - Connection restablished
2025-03-17 11:01:46,565 [WARN] PackLoader:240 - Cannot read IP mode file for SEGGER.I-CUBE-embOS.1.3.1
2025-03-17 11:01:46,595 [INFO] UserAuth:417 - Internet connection configuration mode: 1
2025-03-17 11:01:46,694 [WARN] PackLoader:240 - Cannot read IP mode file for STMicroelectronics.X-CUBE-ALGOBUILD.1.4.0
2025-03-17 11:01:46,774 [WARN] PackLoader:240 - Cannot read IP mode file for STMicroelectronics.X-CUBE-AZRTOS-F4.1.1.0
2025-03-17 11:01:46,803 [WARN] PackLoader:240 - Cannot read IP mode file for STMicroelectronics.X-CUBE-ISPU.2.1.0
2025-03-17 11:01:46,866 [WARN] PackLoader:240 - Cannot read IP mode file for STMicroelectronics.X-CUBE-AZRTOS-L5.2.0.0
2025-03-17 11:01:46,921 [WARN] PackLoader:240 - Cannot read IP mode file for STMicroelectronics.X-CUBE-NFC6.3.1.0
2025-03-17 11:01:46,956 [WARN] PackLoader:240 - Cannot read IP mode file for STMicroelectronics.X-CUBE-NFC7.1.0.1
2025-03-17 11:01:47,039 [WARN] ConditionMgr:438 - getConditionDescription Invalid condition id : LAN8742 Phy interface Condition cause : null
2025-03-17 11:01:47,040 [WARN] PackLoader:240 - Cannot read IP mode file for STMicroelectronics.X-CUBE-AZRTOS-L4.2.0.0
2025-03-17 11:01:47,041 [WARN] ConditionMgr:1039 - genDependencies : Invalid condition id : LAN8742 Phy interface Condition cause : null
2025-03-17 11:01:47,043 [WARN] ConditionMgr:1039 - genDependencies : Invalid condition id : LAN8742 Phy interface Condition cause : null
2025-03-17 11:01:47,044 [WARN] ConditionMgr:1039 - genDependencies : Invalid condition id : LAN8742 Phy interface Condition cause : null
2025-03-17 11:01:47,082 [WARN] PackLoader:240 - Cannot read IP mode file for STMicroelectronics.X-CUBE-SFXS2LP1.4.0.0
2025-03-17 11:01:47,191 [WARN] PackLoader:240 - Cannot read IP mode file for STMicroelectronics.X-CUBE-AZRTOS-H7.3.3.0
2025-03-17 11:01:47,246 [WARN] ConditionMgr:438 - getConditionDescription Invalid condition id : UX DEVICE CLASS RTOS Condition cause : null
2025-03-17 11:01:47,246 [WARN] ConditionMgr:438 - getConditionDescription Invalid condition id : UX DEVICE CLASS RTOS Condition cause : null
2025-03-17 11:01:47,249 [WARN] PackLoader:240 - Cannot read IP mode file for STMicroelectronics.X-CUBE-AZRTOS-WB.2.0.0
2025-03-17 11:01:47,249 [WARN] ConditionMgr:1039 - genDependencies : Invalid condition id : UX DEVICE CLASS RTOS Condition cause : null
2025-03-17 11:01:47,249 [WARN] ConditionMgr:1039 - genDependencies : Invalid condition id : UX DEVICE CLASS RTOS Condition cause : null
2025-03-17 11:01:47,250 [WARN] ConditionMgr:1039 - genDependencies : Invalid condition id : UX DEVICE CLASS RTOS Condition cause : null
2025-03-17 11:01:47,250 [WARN] ConditionMgr:1039 - genDependencies : Invalid condition id : UX DEVICE CLASS RTOS Condition cause : null
2025-03-17 11:01:47,250 [WARN] ConditionMgr:1039 - genDependencies : Invalid condition id : UX DEVICE CLASS RTOS Condition cause : null
2025-03-17 11:01:47,283 [WARN] PackLoader:240 - Cannot read IP mode file for STMicroelectronics.X-CUBE-GNSS1.7.0.1
2025-03-17 11:01:47,332 [WARN] PackLoader:240 - Cannot read IP mode file for STMicroelectronics.X-CUBE-TOUCHGFX.4.25.0
2025-03-17 11:01:47,373 [WARN] PackLoader:240 - Cannot read IP mode file for STMicroelectronics.X-CUBE-SUBG2.5.0.0
2025-03-17 11:01:47,415 [WARN] PackLoader:240 - Cannot read IP mode file for Cesanta.I-CUBE-Mongoose.7.13.0
2025-03-17 11:01:47,478 [WARN] PackLoader:240 - Cannot read IP mode file for STMicroelectronics.X-CUBE-AZRTOS-G4.2.0.0
2025-03-17 11:01:47,510 [WARN] PackLoader:240 - Cannot read IP mode file for wolfSSL.I-CUBE-wolfSSH.1.4.20
2025-03-17 11:01:47,545 [ERROR] Engine:466 - C:\Users\thaweechock.m\.stm32cubemx\thirdparties\pdsc\STMicroelectronics.X-CUBE-IPS.3.1.0.pdsc: PDSC version is not supported
2025-03-17 11:01:47,572 [WARN] PackLoader:240 - Cannot read IP mode file for STMicroelectronics.X-CUBE-ALS.1.0.2
2025-03-17 11:01:47,603 [WARN] PackLoader:240 - Cannot read IP mode file for STMicroelectronics.X-CUBE-TOUCHGFX.4.24.2
2025-03-17 11:01:47,634 [WARN] PackLoader:240 - Cannot read IP mode file for portGmbH.I-Cube-SoM-uGOAL.1.1.0
2025-03-17 11:01:47,704 [WARN] PackLoader:240 - Cannot read IP mode file for STMicroelectronics.X-CUBE-AZRTOS-H7RS.1.0.0
2025-03-17 11:01:47,750 [WARN] PackLoader:240 - Cannot read IP mode file for STMicroelectronics.X-CUBE-TOF1.3.4.2
2025-03-17 11:01:47,771 [INFO] ThirdParty:978 - Integrity check success = true
2025-03-17 11:01:47,771 [INFO] IntegrityCheckThread:100 - exiting critical section [integrity check]
2025-03-17 11:01:47,772 [INFO] IntegrityCheckThread:103 - End integrity checks thread
2025-03-17 17:21:16,512 [ERROR] LogOutputStream:75 - [STDERR_REDIRECT] 
