2025-03-10 08:03:13,212 [INFO] Activator:176 - 


2025-03-10 08:03:13,221 [INFO] Activator:177 - !SESSION log4j initialized
2025-03-10 08:03:20,888 [INFO] LogOutputStream:77 - [STDOUT_REDIRECT] 
2025-03-10 08:03:22,644 [INFO] ApplicationProperties:184 - Using Application install path: C:\ST\STM32CubeIDE_1.16.0\STM32CubeIDE\plugins\com.st.stm32cube.common.mx_6.12.0.202406281431
2025-03-10 08:03:22,681 [INFO] DbMcusXml:78 - Set database path to: C:\ST\STM32CubeIDE_1.16.0\STM32CubeIDE\plugins\com.st.stm32cube.common.mx_6.12.0.202406281431\\db\/mcu/
2025-03-10 08:03:22,682 [INFO] ApiDb:274 - Set plugin database path to: C:\ST\STM32CubeIDE_1.16.0\STM32CubeIDE\plugins\com.st.stm32cube.common.mx_6.12.0.202406281431\\db\/plugins/boardmanager/
2025-03-10 08:03:22,683 [WARN] ApiDb:259 - Overriding images path with different value:  => C:\ST\STM32CubeIDE_1.16.0\STM32CubeIDE\plugins\com.st.stm32cube.common.mx_6.12.0.202406281431\\db\/plugins/mcufinder/images/
2025-03-10 08:03:22,696 [INFO] ApiDb:250 - Set database path to: C:\Users\thaweechock.m\.stmcufinder\plugins\mcufinder//mcu/
2025-03-10 08:03:22,697 [INFO] DbMcusAds:125 - Set database path to: C:\Users\thaweechock.m\.stmcufinder\plugins\mcufinder//mcu/
2025-03-10 08:03:22,700 [INFO] CrossReferenceDbSqlite:203 - Set database path to: C:\Users\thaweechock.m\.stmcufinder\plugins\mcufinder//mcu/cs/
2025-03-10 08:03:22,845 [INFO] RulesReader:64 - Compatibility file has been processed (297 Rules)
2025-03-10 08:03:22,978 [INFO] DbMcusXml:78 - Set database path to: C:\ST\STM32CubeIDE_1.16.0\STM32CubeIDE\plugins\com.st.stm32cube.common.mx_6.12.0.202406281431\\db\/mcu/
2025-03-10 08:03:22,978 [INFO] ApiDb:274 - Set plugin database path to: C:\ST\STM32CubeIDE_1.16.0\STM32CubeIDE\plugins\com.st.stm32cube.common.mx_6.12.0.202406281431\\db\/plugins/boardmanager/
2025-03-10 08:03:22,978 [INFO] ApiDb:261 - Set plugin images path to: C:\ST\STM32CubeIDE_1.16.0\STM32CubeIDE\plugins\com.st.stm32cube.common.mx_6.12.0.202406281431\\db\/plugins/mcufinder/images/
2025-03-10 08:03:22,979 [WARN] DbFile:41 - Overriding database path with different value: C:\Users\thaweechock.m\.stmcufinder\plugins\mcufinder/ => C:\Users\thaweechock.m\.stmcufinder\plugins\mcufinder
2025-03-10 08:03:22,979 [INFO] ApiDb:250 - Set database path to: C:\Users\thaweechock.m\.stmcufinder\plugins\mcufinder//mcu/
2025-03-10 08:03:22,979 [WARN] DbFile:41 - Overriding database path with different value: C:\Users\thaweechock.m\.stmcufinder\plugins\mcufinder/ => C:\Users\thaweechock.m\.stmcufinder\plugins\mcufinder
2025-03-10 08:03:22,979 [INFO] DbMcusAds:125 - Set database path to: C:\Users\thaweechock.m\.stmcufinder\plugins\mcufinder//mcu/
2025-03-10 08:03:22,980 [WARN] DbFile:41 - Overriding database path with different value: C:\Users\thaweechock.m\.stmcufinder\plugins\mcufinder/ => C:\Users\thaweechock.m\.stmcufinder\plugins\mcufinder
2025-03-10 08:03:22,980 [WARN] DbFile:41 - Overriding database path with different value: C:\Users\thaweechock.m\.stmcufinder\plugins\mcufinder/ => C:\Users\thaweechock.m\.stmcufinder\plugins\mcufinder
2025-03-10 08:03:22,980 [INFO] CrossReferenceDbSqlite:203 - Set database path to: C:\Users\thaweechock.m\.stmcufinder\plugins\mcufinder//mcu/cs/
2025-03-10 08:03:23,093 [INFO] MainPanel:268 - HeapMemory: 268435456
2025-03-10 08:03:23,233 [INFO] DbMcusXml:78 - Set database path to: C:\ST\STM32CubeIDE_1.16.0\STM32CubeIDE\plugins\com.st.stm32cube.common.mx_6.12.0.202406281431\\db\/mcu/
2025-03-10 08:03:23,234 [INFO] ApiDb:274 - Set plugin database path to: C:\ST\STM32CubeIDE_1.16.0\STM32CubeIDE\plugins\com.st.stm32cube.common.mx_6.12.0.202406281431\\db\/plugins/boardmanager/
2025-03-10 08:03:23,234 [INFO] ApiDb:261 - Set plugin images path to: C:\ST\STM32CubeIDE_1.16.0\STM32CubeIDE\plugins\com.st.stm32cube.common.mx_6.12.0.202406281431\\db\/plugins/mcufinder/images/
2025-03-10 08:03:23,235 [WARN] DbFile:41 - Overriding database path with different value: C:\Users\thaweechock.m\.stmcufinder\plugins\mcufinder/ => C:\Users\thaweechock.m\.stmcufinder\plugins\mcufinder
2025-03-10 08:03:23,235 [INFO] ApiDb:250 - Set database path to: C:\Users\thaweechock.m\.stmcufinder\plugins\mcufinder//mcu/
2025-03-10 08:03:23,235 [WARN] DbFile:41 - Overriding database path with different value: C:\Users\thaweechock.m\.stmcufinder\plugins\mcufinder/ => C:\Users\thaweechock.m\.stmcufinder\plugins\mcufinder
2025-03-10 08:03:23,235 [INFO] DbMcusAds:125 - Set database path to: C:\Users\thaweechock.m\.stmcufinder\plugins\mcufinder//mcu/
2025-03-10 08:03:23,235 [WARN] DbFile:41 - Overriding database path with different value: C:\Users\thaweechock.m\.stmcufinder\plugins\mcufinder/ => C:\Users\thaweechock.m\.stmcufinder\plugins\mcufinder
2025-03-10 08:03:23,235 [WARN] DbFile:41 - Overriding database path with different value: C:\Users\thaweechock.m\.stmcufinder\plugins\mcufinder/ => C:\Users\thaweechock.m\.stmcufinder\plugins\mcufinder
2025-03-10 08:03:23,235 [INFO] CrossReferenceDbSqlite:203 - Set database path to: C:\Users\thaweechock.m\.stmcufinder\plugins\mcufinder//mcu/cs/
2025-03-10 08:03:23,267 [INFO] ApplicationProperties:184 - Using Application install path: C:\ST\STM32CubeIDE_1.16.0\STM32CubeIDE\plugins\com.st.stm32cube.common.mx_6.12.0.202406281431
2025-03-10 08:03:23,268 [INFO] PluginManage:196 - Search for loadable plugins [exclusion list=, ]
2025-03-10 08:03:23,271 [INFO] PluginManage:310 - Check plugin analytics
2025-03-10 08:03:23,523 [INFO] AnalyticsPlugin:253 - Accepted Software Licenses: 
2025-03-10 08:03:23,524 [INFO] AnalyticsPlugin:255 - Accepted CMSIS Pack Licenses: 
2025-03-10 08:03:23,524 [INFO] AnalyticsPlugin:257 - Accepted Firmware Licenses: FW.L4.1.18.0
2025-03-10 08:03:23,528 [INFO] PluginManage:359 - Loaded plugin analytics (category:tool,tabindex:-1)
2025-03-10 08:03:23,529 [INFO] PluginManage:310 - Check plugin cadmodel
2025-03-10 08:03:23,549 [INFO] CADModel:105 - Init CAD model plugin
2025-03-10 08:03:23,550 [INFO] PluginManage:359 - Loaded plugin cadmodel (category:power,tabindex:5)
2025-03-10 08:03:23,550 [INFO] PluginManage:310 - Check plugin clock
2025-03-10 08:03:23,574 [INFO] PluginManage:359 - Loaded plugin clock (category:base,tabindex:2)
2025-03-10 08:03:23,574 [INFO] PluginManage:310 - Check plugin ddr
2025-03-10 08:03:23,576 [INFO] PluginManage:359 - Loaded plugin ddr (category:tool,tabindex:6)
2025-03-10 08:03:23,577 [INFO] PluginManage:310 - Check plugin filemanager
2025-03-10 08:03:23,751 [INFO] PluginManage:359 - Loaded plugin filemanager (category:base,tabindex:10)
2025-03-10 08:03:23,752 [INFO] PluginManage:310 - Check plugin ipmanager
2025-03-10 08:03:23,759 [INFO] PluginManage:359 - Loaded plugin ipmanager (category:base,tabindex:5)
2025-03-10 08:03:23,760 [INFO] PluginManage:310 - Check plugin lpbam
2025-03-10 08:03:23,780 [INFO] PluginManage:359 - Loaded plugin lpbam (category:base,tabindex:0)
2025-03-10 08:03:23,780 [INFO] PluginManage:310 - Check plugin memorymap
2025-03-10 08:03:23,806 [INFO] PluginManage:359 - Loaded plugin memorymap (category:base,tabindex:4)
2025-03-10 08:03:23,807 [INFO] PluginManage:310 - Check plugin pinoutandconfiguration
2025-03-10 08:03:23,825 [INFO] PluginManage:359 - Loaded plugin pinoutandconfiguration (category:base,tabindex:1)
2025-03-10 08:03:23,825 [INFO] PluginManage:310 - Check plugin pinoutconfig
2025-03-10 08:03:23,926 [WARN] SupportedApi:132 - Cannot load RTOS API schema: s4s-elt-must-match.1: The content of 'definitions' must match (annotation?, (simpleType | complexType)?, (unique | key | keyref)*)). A problem was found starting at: attribute.
2025-03-10 08:03:24,082 [INFO] PluginManage:359 - Loaded plugin pinoutconfig (category:base,tabindex:0)
2025-03-10 08:03:24,082 [INFO] PluginManage:310 - Check plugin power
2025-03-10 08:03:24,095 [INFO] PluginManage:359 - Loaded plugin power (category:power,tabindex:4)
2025-03-10 08:03:24,095 [INFO] PluginManage:310 - Check plugin projectmanager
2025-03-10 08:03:24,114 [INFO] PluginManage:359 - Loaded plugin projectmanager (category:projectmanager,tabindex:4)
2025-03-10 08:03:24,114 [INFO] PluginManage:310 - Check plugin rif
2025-03-10 08:03:24,138 [INFO] PluginManage:359 - Loaded plugin rif (category:base,tabindex:3)
2025-03-10 08:03:24,138 [INFO] PluginManage:310 - Check plugin thirdparty
2025-03-10 08:03:24,466 [INFO] PluginManage:359 - Loaded plugin thirdparty (category:base,tabindex:-1)
2025-03-10 08:03:24,466 [WARN] IntegrityCheckThread:84 - waiting for thirdparty lock release [integrity check]
2025-03-10 08:03:24,466 [INFO] PluginManage:310 - Check plugin tools
2025-03-10 08:03:24,466 [INFO] IntegrityCheckThread:86 - entering critical section [integrity check]
2025-03-10 08:03:24,467 [INFO] ThirdPartyUpdaterWithRetryManager:70 - Updater plugin not ready yet. [1/15]
2025-03-10 08:03:24,516 [INFO] PluginManage:359 - Loaded plugin tools (category:base,tabindex:7)
2025-03-10 08:03:24,516 [INFO] PluginManage:310 - Check plugin tutovideos
2025-03-10 08:03:24,751 [INFO] PluginManage:359 - Loaded plugin tutovideos (category:base,tabindex:-1)
2025-03-10 08:03:24,752 [INFO] PluginManage:310 - Check plugin updater
2025-03-10 08:03:24,774 [INFO] PluginManage:359 - Loaded plugin updater (category:base,tabindex:12)
2025-03-10 08:03:24,774 [INFO] PluginManage:310 - Check plugin userauth
2025-03-10 08:03:24,781 [INFO] UserAuth:113 - Init User Auth plugin
2025-03-10 08:03:24,781 [INFO] PluginManage:359 - Loaded plugin userauth (category:base,tabindex:14)
2025-03-10 08:03:24,782 [INFO] PluginManage:283 - PluginManage : Loaded plugins [18]
2025-03-10 08:03:25,026 [INFO] PinOutPanel:1561 - setPackage(No Configuration,No Configuration)
2025-03-10 08:03:25,141 [INFO] CADModel:165 - CPN selected for project level
2025-03-10 08:03:25,141 [INFO] CADModel:114 - Register for checkConnection events
2025-03-10 08:03:25,159 [INFO] IPUIPlugin:80 - create IPUIPlugin
2025-03-10 08:03:25,159 [INFO] PluginManager:220 - loadIPPluginJar : add adc
2025-03-10 08:03:25,197 [INFO] IPUIPlugin:80 - create IPUIPlugin
2025-03-10 08:03:25,198 [INFO] PluginManager:220 - loadIPPluginJar : add aes
2025-03-10 08:03:25,240 [INFO] IPUIPlugin:80 - create IPUIPlugin
2025-03-10 08:03:25,240 [INFO] PluginManager:220 - loadIPPluginJar : add can
2025-03-10 08:03:25,270 [INFO] IPUIPlugin:80 - create IPUIPlugin
2025-03-10 08:03:25,270 [INFO] PluginManager:220 - loadIPPluginJar : add comp
2025-03-10 08:03:25,304 [INFO] IPUIPlugin:80 - create IPUIPlugin
2025-03-10 08:03:25,304 [INFO] PluginManager:220 - loadIPPluginJar : add cryp
2025-03-10 08:03:25,317 [INFO] IPUIPlugin:80 - create IPUIPlugin
2025-03-10 08:03:25,318 [INFO] PluginManager:220 - loadIPPluginJar : add ddr_ctrl_phy
2025-03-10 08:03:25,348 [INFO] IPUIPlugin:80 - create IPUIPlugin
2025-03-10 08:03:25,348 [INFO] PluginManager:220 - loadIPPluginJar : add dfsdm
2025-03-10 08:03:25,364 [INFO] IPUIPlugin:80 - create IPUIPlugin
2025-03-10 08:03:25,364 [INFO] PluginManager:220 - loadIPPluginJar : add dma
2025-03-10 08:03:25,414 [INFO] IPUIPlugin:80 - create IPUIPlugin
2025-03-10 08:03:25,414 [INFO] PluginManager:220 - loadIPPluginJar : add dma3
2025-03-10 08:03:25,416 [INFO] IPUIPlugin:80 - create IPUIPlugin
2025-03-10 08:03:25,417 [INFO] PluginManager:220 - loadIPPluginJar : add extmemmanager
2025-03-10 08:03:25,442 [INFO] IPUIPlugin:80 - create IPUIPlugin
2025-03-10 08:03:25,442 [INFO] PluginManager:220 - loadIPPluginJar : add fatfs
2025-03-10 08:03:25,495 [INFO] IPUIPlugin:80 - create IPUIPlugin
2025-03-10 08:03:25,495 [INFO] PluginManager:220 - loadIPPluginJar : add fmc
2025-03-10 08:03:25,517 [INFO] IPUIPlugin:80 - create IPUIPlugin
2025-03-10 08:03:25,518 [INFO] PluginManager:220 - loadIPPluginJar : add freertos
2025-03-10 08:03:25,543 [INFO] IPUIPlugin:80 - create IPUIPlugin
2025-03-10 08:03:25,543 [INFO] PluginManager:220 - loadIPPluginJar : add genericplugin
2025-03-10 08:03:25,651 [INFO] IPUIPlugin:80 - create IPUIPlugin
2025-03-10 08:03:25,651 [INFO] PluginManager:220 - loadIPPluginJar : add gfxmmu
2025-03-10 08:03:25,780 [INFO] IPUIPlugin:80 - create IPUIPlugin
2025-03-10 08:03:25,780 [INFO] PluginManager:220 - loadIPPluginJar : add gic
2025-03-10 08:03:25,804 [INFO] IPUIPlugin:80 - create IPUIPlugin
2025-03-10 08:03:25,804 [INFO] PluginManager:220 - loadIPPluginJar : add gpio
2025-03-10 08:03:25,905 [INFO] IPUIPlugin:80 - create IPUIPlugin
2025-03-10 08:03:25,905 [INFO] PluginManager:220 - loadIPPluginJar : add gtzc
2025-03-10 08:03:25,908 [INFO] IPUIPlugin:80 - create IPUIPlugin
2025-03-10 08:03:25,908 [INFO] PluginManager:220 - loadIPPluginJar : add hash
2025-03-10 08:03:25,960 [INFO] IPUIPlugin:80 - create IPUIPlugin
2025-03-10 08:03:25,960 [INFO] PluginManager:220 - loadIPPluginJar : add i2c
2025-03-10 08:03:26,002 [INFO] IPUIPlugin:80 - create IPUIPlugin
2025-03-10 08:03:26,002 [INFO] PluginManager:220 - loadIPPluginJar : add i2s
2025-03-10 08:03:26,041 [INFO] IPUIPlugin:80 - create IPUIPlugin
2025-03-10 08:03:26,041 [INFO] PluginManager:220 - loadIPPluginJar : add i3c
2025-03-10 08:03:26,133 [INFO] IPUIPlugin:80 - create IPUIPlugin
2025-03-10 08:03:26,134 [INFO] PluginManager:220 - loadIPPluginJar : add ipddr
2025-03-10 08:03:26,225 [INFO] IPUIPlugin:80 - create IPUIPlugin
2025-03-10 08:03:26,225 [INFO] PluginManager:220 - loadIPPluginJar : add linkedlist
2025-03-10 08:03:26,261 [INFO] IPUIPlugin:80 - create IPUIPlugin
2025-03-10 08:03:26,261 [INFO] PluginManager:220 - loadIPPluginJar : add lorawan
2025-03-10 08:03:26,301 [INFO] IPUIPlugin:80 - create IPUIPlugin
2025-03-10 08:03:26,301 [INFO] PluginManager:220 - loadIPPluginJar : add ltdc
2025-03-10 08:03:26,321 [INFO] IPUIPlugin:80 - create IPUIPlugin
2025-03-10 08:03:26,322 [INFO] PluginManager:220 - loadIPPluginJar : add mdma
2025-03-10 08:03:26,335 [INFO] IPUIPlugin:80 - create IPUIPlugin
2025-03-10 08:03:26,335 [INFO] PluginManager:220 - loadIPPluginJar : add nvic
2025-03-10 08:03:26,375 [INFO] IPUIPlugin:80 - create IPUIPlugin
2025-03-10 08:03:26,375 [INFO] PluginManager:220 - loadIPPluginJar : add opamp
2025-03-10 08:03:26,453 [INFO] IPUIPlugin:80 - create IPUIPlugin
2025-03-10 08:03:26,453 [INFO] PluginManager:220 - loadIPPluginJar : add openamp
2025-03-10 08:03:26,506 [INFO] IPUIPlugin:80 - create IPUIPlugin
2025-03-10 08:03:26,506 [INFO] PluginManager:220 - loadIPPluginJar : add pdm2pcm
2025-03-10 08:03:26,527 [INFO] IPUIPlugin:80 - create IPUIPlugin
2025-03-10 08:03:26,530 [INFO] PluginManager:220 - loadIPPluginJar : add plateformsettings
2025-03-10 08:03:26,557 [INFO] IPUIPlugin:80 - create IPUIPlugin
2025-03-10 08:03:26,557 [INFO] PluginManager:220 - loadIPPluginJar : add quadspi
2025-03-10 08:03:26,584 [INFO] IPUIPlugin:80 - create IPUIPlugin
2025-03-10 08:03:26,584 [INFO] PluginManager:220 - loadIPPluginJar : add radio
2025-03-10 08:03:26,598 [INFO] IPUIPlugin:80 - create IPUIPlugin
2025-03-10 08:03:26,598 [INFO] PluginManager:220 - loadIPPluginJar : add resmgrutility
2025-03-10 08:03:26,647 [INFO] IPUIPlugin:80 - create IPUIPlugin
2025-03-10 08:03:26,647 [INFO] PluginManager:220 - loadIPPluginJar : add sai
2025-03-10 08:03:26,685 [INFO] IPUIPlugin:80 - create IPUIPlugin
2025-03-10 08:03:26,685 [INFO] PluginManager:220 - loadIPPluginJar : add spi
2025-03-10 08:03:26,769 [INFO] IPUIPlugin:80 - create IPUIPlugin
2025-03-10 08:03:26,770 [INFO] PluginManager:220 - loadIPPluginJar : add stm32_wpan
2025-03-10 08:03:26,808 [INFO] IPUIPlugin:80 - create IPUIPlugin
2025-03-10 08:03:26,808 [INFO] PluginManager:220 - loadIPPluginJar : add tim
2025-03-10 08:03:26,876 [INFO] IPUIPlugin:80 - create IPUIPlugin
2025-03-10 08:03:26,876 [INFO] PluginManager:220 - loadIPPluginJar : add touchsensing
2025-03-10 08:03:26,904 [INFO] IPUIPlugin:80 - create IPUIPlugin
2025-03-10 08:03:26,905 [INFO] PluginManager:220 - loadIPPluginJar : add tracer_emb
2025-03-10 08:03:26,932 [INFO] IPUIPlugin:80 - create IPUIPlugin
2025-03-10 08:03:26,932 [INFO] PluginManager:220 - loadIPPluginJar : add ts
2025-03-10 08:03:26,959 [INFO] IPUIPlugin:80 - create IPUIPlugin
2025-03-10 08:03:26,959 [INFO] PluginManager:220 - loadIPPluginJar : add tsc
2025-03-10 08:03:26,985 [INFO] IPUIPlugin:80 - create IPUIPlugin
2025-03-10 08:03:26,985 [INFO] PluginManager:220 - loadIPPluginJar : add ucpd
2025-03-10 08:03:27,029 [INFO] IPUIPlugin:80 - create IPUIPlugin
2025-03-10 08:03:27,029 [INFO] PluginManager:220 - loadIPPluginJar : add usart
2025-03-10 08:03:27,076 [INFO] IPUIPlugin:80 - create IPUIPlugin
2025-03-10 08:03:27,076 [INFO] PluginManager:220 - loadIPPluginJar : add usbx
2025-03-10 08:03:27,207 [INFO] CADModel:165 - CPN selected for project level
2025-03-10 08:03:27,208 [INFO] CADModel:114 - Register for checkConnection events
2025-03-10 08:03:27,208 [FATAL] Updater:334 - Updater called before beeing initialized
2025-03-10 08:03:27,208 [ERROR] CADModel:125 - Updater not yet initialized, retry later 
2025-03-10 08:03:27,328 [INFO] CADModel:165 - CPN selected for project level
2025-03-10 08:03:27,328 [INFO] CADModel:114 - Register for checkConnection events
2025-03-10 08:03:27,328 [FATAL] Updater:334 - Updater called before beeing initialized
2025-03-10 08:03:27,328 [ERROR] CADModel:125 - Updater not yet initialized, retry later 
2025-03-10 08:03:27,330 [FATAL] Updater:334 - Updater called before beeing initialized
2025-03-10 08:03:27,432 [FATAL] Updater:334 - Updater called before beeing initialized
2025-03-10 08:03:27,442 [INFO] DbMcusAds:53 - JSON generation date=Thu Mar 06 21:54:22 ICT 2025 (1741272862297)
2025-03-10 08:03:27,442 [FATAL] Updater:334 - Updater called before beeing initialized
2025-03-10 08:03:27,469 [INFO] ThirdPartyUpdaterWithRetryManager:70 - Updater plugin not ready yet. [2/15]
2025-03-10 08:03:27,475 [WARN] DetailPanel:346 - Failed to get advertising image, set to default
2025-03-10 08:03:27,577 [FATAL] Updater:334 - Updater called before beeing initialized
2025-03-10 08:03:27,580 [FATAL] Updater:334 - Updater called before beeing initialized
2025-03-10 08:03:27,580 [FATAL] Updater:334 - Updater called before beeing initialized
2025-03-10 08:03:27,580 [WARN] DetailPanel:346 - Failed to get advertising image, set to default
2025-03-10 08:03:27,580 [FATAL] Updater:334 - Updater called before beeing initialized
2025-03-10 08:03:27,642 [ERROR] Updater:1164 - MainUpdater not yet initialized. External WinMGr cannot be set.
2025-03-10 08:03:27,653 [INFO] Updater:1100 - Updater Version found : 6.12.0
2025-03-10 08:03:27,672 [INFO] ApplicationProperties:184 - Using Application install path: C:\ST\STM32CubeIDE_1.16.0\STM32CubeIDE\plugins\com.st.stm32cube.common.mx_6.12.0.202406281431
2025-03-10 08:03:29,543 [INFO] MainUpdater:2873 - connection check result : 10
2025-03-10 08:03:29,544 [INFO] MainUpdater:290 - Updater Check For Update Now.
2025-03-10 08:03:29,544 [INFO] MicroXplorer:498 - Change Database Version : DB.6.0.120
2025-03-10 08:03:29,575 [INFO] McuFinderGlobals:63 - Set McuFinder mode to 2 (CubeIDE integrated)
2025-03-10 08:03:29,583 [INFO] UserAuth:417 - Internet connection configuration mode: 1
2025-03-10 08:03:29,623 [INFO] JxBrowserEngine:152 - Initiate JxBrowser Engine with user profile folder
2025-03-10 08:03:29,765 [INFO] CheckServerUpdateThread:120 - End of CheckServer Thread
2025-03-10 08:03:30,745 [WARN] PackLoader:240 - Cannot read IP mode file for STMicroelectronics.FP-SNS-MOTENVWB1.1.4.0
2025-03-10 08:03:30,765 [WARN] PackLoader:240 - Cannot read IP mode file for STMicroelectronics.FP-ATR-ASTRA1.2.0.2
2025-03-10 08:03:30,777 [WARN] PackLoader:240 - Cannot read IP mode file for STMicroelectronics.FP-ATR-ASTRA1.2.0.1
2025-03-10 08:03:30,795 [WARN] PackLoader:240 - Cannot read IP mode file for STMicroelectronics.X-CUBE-SMBUS.2.1.0
2025-03-10 08:03:30,817 [WARN] PackLoader:240 - Cannot read IP mode file for STMicroelectronics.X-CUBE-WB05N.1.1.0
2025-03-10 08:03:30,861 [WARN] PackLoader:240 - Cannot read IP mode file for STMicroelectronics.X-CUBE-AZRTOS-F7.1.1.0
2025-03-10 08:03:30,881 [WARN] PackLoader:240 - Cannot read IP mode file for STMicroelectronics.FP-SNS-FLIGHT1.5.0.2
2025-03-10 08:03:30,919 [WARN] PackLoader:240 - Cannot read IP mode file for Infineon.AIROC-Wi-Fi-Bluetooth-STM32.1.7.0
2025-03-10 08:03:30,941 [WARN] PackLoader:240 - Cannot read IP mode file for STMicroelectronics.X-CUBE-DISPLAY.3.0.0
2025-03-10 08:03:30,956 [WARN] PackLoader:240 - Cannot read IP mode file for STMicroelectronics.X-CUBE-BLE1.7.0.0
2025-03-10 08:03:30,970 [WARN] PackLoader:240 - Cannot read IP mode file for STMicroelectronics.X-CUBE-NFC10.1.0.0
2025-03-10 08:03:30,988 [WARN] PackLoader:240 - Cannot read IP mode file for emotas.I-CUBE-CANOPEN.1.3.0
2025-03-10 08:03:31,006 [WARN] ConditionMgr:438 - getConditionDescription Invalid condition id : Cortex-A Device cause : null
2025-03-10 08:03:31,033 [WARN] ConditionMgr:1039 - genDependencies : Invalid condition id : Cortex-A Device cause : null
2025-03-10 08:03:31,033 [WARN] ConditionMgr:1039 - genDependencies : Invalid condition id : Cortex-A Device cause : null
2025-03-10 08:03:31,033 [WARN] ConditionMgr:1039 - genDependencies : Invalid condition id : Cortex-A Device cause : null
2025-03-10 08:03:31,047 [WARN] PackLoader:240 - Cannot read IP mode file for STMicroelectronics.FP-SNS-SMARTAG2.1.2.0
2025-03-10 08:03:31,120 [WARN] PackLoader:240 - Cannot read IP mode file for STMicroelectronics.X-CUBE-MEMS1.11.1.0
2025-03-10 08:03:31,266 [INFO] LogOutputStream:77 - [STDOUT_REDIRECT] 1 : Invalid condition id : UX_CORESTACK_Condition cause : null
2025-03-10 08:03:31,266 [INFO] LogOutputStream:77 - [STDOUT_REDIRECT] 1 : Invalid condition id : UX_CORESTACK_Condition cause : null
2025-03-10 08:03:31,270 [INFO] LogOutputStream:77 - [STDOUT_REDIRECT] 1 : Invalid condition id : UX_CORESTACK_Condition cause : null
2025-03-10 08:03:31,270 [INFO] LogOutputStream:77 - [STDOUT_REDIRECT] 1 : Invalid condition id : UX_CORESTACK_Condition cause : null
2025-03-10 08:03:31,273 [INFO] LogOutputStream:77 - [STDOUT_REDIRECT] 1 : Invalid condition id : UX_CORESTACK_Condition cause : null
2025-03-10 08:03:31,276 [WARN] PackLoader:240 - Cannot read IP mode file for STMicroelectronics.X-CUBE-AZRTOS-WL.2.0.0
2025-03-10 08:03:31,298 [WARN] PackLoader:240 - Cannot read IP mode file for STMicroelectronics.FP-SNS-MOTENV1.5.0.0
2025-03-10 08:03:31,325 [WARN] PackLoader:240 - Cannot read IP mode file for WES.I-CUBE-Cesium.1.3.0
2025-03-10 08:03:31,344 [WARN] PackLoader:240 - Cannot read IP mode file for STMicroelectronics.X-CUBE-BLE2.3.3.0
2025-03-10 08:03:31,367 [WARN] PackLoader:240 - Cannot read IP mode file for STMicroelectronics.X-CUBE-NFC9.1.0.0
2025-03-10 08:03:31,384 [WARN] PackLoader:240 - Cannot read IP mode file for STMicroelectronics.X-CUBE-BLE1.7.1.0
2025-03-10 08:03:31,406 [WARN] PackLoader:240 - Cannot read IP mode file for wolfSSL.I-CUBE-wolfMQTT.1.19.2
2025-03-10 08:03:31,452 [WARN] PackLoader:240 - Cannot read IP mode file for STMicroelectronics.X-CUBE-AZRTOS-G0.1.1.0
2025-03-10 08:03:31,480 [WARN] PackLoader:240 - Cannot read IP mode file for STMicroelectronics.X-CUBE-SAFEA1.1.2.2
2025-03-10 08:03:31,502 [WARN] PackLoader:240 - Cannot read IP mode file for STMicroelectronics.X-CUBE-NFC4.3.0.0
2025-03-10 08:03:31,538 [WARN] PackLoader:240 - Cannot read IP mode file for EmbeddedOffice.I-CUBE-FS-RTOS.1.0.1
2025-03-10 08:03:31,538 [ERROR] ConditionMgr:805 - Attr not supported : Dmpu
2025-03-10 08:03:31,539 [ERROR] ConditionMgr:805 - Attr not supported : Dmpu
2025-03-10 08:03:31,539 [ERROR] ConditionMgr:805 - Attr not supported : Dmpu
2025-03-10 08:03:31,539 [ERROR] ConditionMgr:805 - Attr not supported : Dmpu
2025-03-10 08:03:31,539 [ERROR] ConditionMgr:805 - Attr not supported : Dmpu
2025-03-10 08:03:31,539 [ERROR] ConditionMgr:805 - Attr not supported : Dmpu
2025-03-10 08:03:31,539 [ERROR] ConditionMgr:805 - Attr not supported : Dmpu
2025-03-10 08:03:31,539 [ERROR] ConditionMgr:805 - Attr not supported : Dmpu
2025-03-10 08:03:31,539 [ERROR] ConditionMgr:805 - Attr not supported : Dmpu
2025-03-10 08:03:31,539 [ERROR] ConditionMgr:805 - Attr not supported : Dmpu
2025-03-10 08:03:31,540 [ERROR] ConditionMgr:805 - Attr not supported : Dmpu
2025-03-10 08:03:31,540 [ERROR] ConditionMgr:805 - Attr not supported : Dmpu
2025-03-10 08:03:31,540 [ERROR] ConditionMgr:805 - Attr not supported : Dmpu
2025-03-10 08:03:31,540 [ERROR] ConditionMgr:805 - Attr not supported : Dmpu
2025-03-10 08:03:31,540 [ERROR] ConditionMgr:805 - Attr not supported : Dmpu
2025-03-10 08:03:31,540 [ERROR] ConditionMgr:805 - Attr not supported : Dmpu
2025-03-10 08:03:31,540 [ERROR] ConditionMgr:805 - Attr not supported : Dmpu
2025-03-10 08:03:31,541 [ERROR] ConditionMgr:805 - Attr not supported : Dmpu
2025-03-10 08:03:31,541 [ERROR] ConditionMgr:805 - Attr not supported : Dmpu
2025-03-10 08:03:31,541 [ERROR] ConditionMgr:805 - Attr not supported : Dmpu
2025-03-10 08:03:31,541 [ERROR] ConditionMgr:805 - Attr not supported : Dmpu
2025-03-10 08:03:31,541 [ERROR] ConditionMgr:805 - Attr not supported : Dmpu
2025-03-10 08:03:31,541 [ERROR] ConditionMgr:805 - Attr not supported : Dmpu
2025-03-10 08:03:31,541 [ERROR] ConditionMgr:805 - Attr not supported : Dmpu
2025-03-10 08:03:31,541 [ERROR] ConditionMgr:805 - Attr not supported : Dmpu
2025-03-10 08:03:31,541 [ERROR] ConditionMgr:805 - Attr not supported : Dmpu
2025-03-10 08:03:31,541 [ERROR] ConditionMgr:805 - Attr not supported : Dmpu
2025-03-10 08:03:31,541 [ERROR] ConditionMgr:805 - Attr not supported : Dmpu
2025-03-10 08:03:31,541 [ERROR] ConditionMgr:805 - Attr not supported : Dmpu
2025-03-10 08:03:31,542 [ERROR] ConditionMgr:805 - Attr not supported : Dmpu
2025-03-10 08:03:31,542 [ERROR] ConditionMgr:805 - Attr not supported : Dmpu
2025-03-10 08:03:31,542 [ERROR] ConditionMgr:805 - Attr not supported : Dmpu
2025-03-10 08:03:31,542 [ERROR] ConditionMgr:805 - Attr not supported : Dmpu
2025-03-10 08:03:31,543 [ERROR] ConditionMgr:805 - Attr not supported : Dmpu
2025-03-10 08:03:31,543 [ERROR] ConditionMgr:805 - Attr not supported : Dmpu
2025-03-10 08:03:31,543 [ERROR] ConditionMgr:805 - Attr not supported : Dmpu
2025-03-10 08:03:31,543 [ERROR] ConditionMgr:805 - Attr not supported : Dmpu
2025-03-10 08:03:31,543 [ERROR] ConditionMgr:805 - Attr not supported : Dmpu
2025-03-10 08:03:31,543 [ERROR] ConditionMgr:805 - Attr not supported : Dmpu
2025-03-10 08:03:31,543 [ERROR] ConditionMgr:805 - Attr not supported : Dmpu
2025-03-10 08:03:31,543 [ERROR] ConditionMgr:805 - Attr not supported : Dmpu
2025-03-10 08:03:31,544 [ERROR] ConditionMgr:805 - Attr not supported : Dmpu
2025-03-10 08:03:31,544 [ERROR] ConditionMgr:805 - Attr not supported : Dmpu
2025-03-10 08:03:31,544 [ERROR] ConditionMgr:805 - Attr not supported : Dmpu
2025-03-10 08:03:31,544 [ERROR] ConditionMgr:805 - Attr not supported : Dmpu
2025-03-10 08:03:31,544 [ERROR] ConditionMgr:805 - Attr not supported : Dmpu
2025-03-10 08:03:31,544 [ERROR] ConditionMgr:805 - Attr not supported : Dmpu
2025-03-10 08:03:31,544 [ERROR] ConditionMgr:805 - Attr not supported : Dmpu
2025-03-10 08:03:31,544 [ERROR] ConditionMgr:805 - Attr not supported : Dmpu
2025-03-10 08:03:31,544 [ERROR] ConditionMgr:805 - Attr not supported : Dmpu
2025-03-10 08:03:31,544 [ERROR] ConditionMgr:805 - Attr not supported : Dmpu
2025-03-10 08:03:31,545 [ERROR] ConditionMgr:805 - Attr not supported : Dmpu
2025-03-10 08:03:31,545 [ERROR] ConditionMgr:805 - Attr not supported : Dmpu
2025-03-10 08:03:31,545 [ERROR] ConditionMgr:805 - Attr not supported : Dmpu
2025-03-10 08:03:31,545 [ERROR] ConditionMgr:805 - Attr not supported : Dmpu
2025-03-10 08:03:31,545 [ERROR] ConditionMgr:805 - Attr not supported : Dmpu
2025-03-10 08:03:31,545 [ERROR] ConditionMgr:805 - Attr not supported : Dmpu
2025-03-10 08:03:31,545 [ERROR] ConditionMgr:805 - Attr not supported : Dmpu
2025-03-10 08:03:31,545 [ERROR] ConditionMgr:805 - Attr not supported : Dmpu
2025-03-10 08:03:31,545 [ERROR] ConditionMgr:805 - Attr not supported : Dmpu
2025-03-10 08:03:31,546 [ERROR] ConditionMgr:805 - Attr not supported : Dmpu
2025-03-10 08:03:31,546 [ERROR] ConditionMgr:805 - Attr not supported : Dmpu
2025-03-10 08:03:31,546 [ERROR] ConditionMgr:805 - Attr not supported : Dmpu
2025-03-10 08:03:31,546 [ERROR] ConditionMgr:805 - Attr not supported : Dmpu
2025-03-10 08:03:31,571 [WARN] PackLoader:240 - Cannot read IP mode file for wolfSSL.I-CUBE-wolfTPM.3.8.0
2025-03-10 08:03:31,597 [ERROR] Engine:466 - C:\Users\thaweechock.m\.stm32cubemx\thirdparties\pdsc\STMicroelectronics.X-CUBE-TCPP.4.2.0.pdsc: PDSC version is not supported
2025-03-10 08:03:31,623 [WARN] PackLoader:240 - Cannot read IP mode file for RealThread.X-CUBE-RT-Thread_Nano.4.1.1
2025-03-10 08:03:31,651 [WARN] PackLoader:240 - Cannot read IP mode file for STMicroelectronics.FP-ATR-SIGFOX1.3.2.0
2025-03-10 08:03:31,680 [WARN] PackLoader:240 - Cannot read IP mode file for STMicroelectronics.X-CUBE-EEPRMA1.5.1.0
2025-03-10 08:03:31,708 [WARN] PackLoader:240 - Cannot read IP mode file for wolfSSL.I-CUBE-wolfSSL.5.7.6
2025-03-10 08:03:31,732 [WARN] PackLoader:240 - Cannot read IP mode file for ITTIA_DB.I-CUBE-ITTIADB.8.9.0
2025-03-10 08:03:31,790 [WARN] PackLoader:240 - Cannot read IP mode file for SEGGER.I-CUBE-embOS.1.3.1
2025-03-10 08:03:31,860 [WARN] PackLoader:240 - Cannot read IP mode file for STMicroelectronics.X-CUBE-ALGOBUILD.1.4.0
2025-03-10 08:03:31,923 [WARN] PackLoader:240 - Cannot read IP mode file for STMicroelectronics.X-CUBE-AZRTOS-F4.1.1.0
2025-03-10 08:03:31,947 [WARN] PackLoader:240 - Cannot read IP mode file for STMicroelectronics.X-CUBE-ISPU.2.1.0
2025-03-10 08:03:31,992 [WARN] PackLoader:240 - Cannot read IP mode file for STMicroelectronics.X-CUBE-AZRTOS-L5.2.0.0
2025-03-10 08:03:32,026 [WARN] PackLoader:240 - Cannot read IP mode file for STMicroelectronics.X-CUBE-NFC6.3.1.0
2025-03-10 08:03:32,046 [WARN] PackLoader:240 - Cannot read IP mode file for STMicroelectronics.X-CUBE-NFC7.1.0.1
2025-03-10 08:03:32,081 [WARN] ConditionMgr:438 - getConditionDescription Invalid condition id : LAN8742 Phy interface Condition cause : null
2025-03-10 08:03:32,082 [WARN] PackLoader:240 - Cannot read IP mode file for STMicroelectronics.X-CUBE-AZRTOS-L4.2.0.0
2025-03-10 08:03:32,083 [WARN] ConditionMgr:1039 - genDependencies : Invalid condition id : LAN8742 Phy interface Condition cause : null
2025-03-10 08:03:32,083 [WARN] ConditionMgr:1039 - genDependencies : Invalid condition id : LAN8742 Phy interface Condition cause : null
2025-03-10 08:03:32,083 [WARN] ConditionMgr:1039 - genDependencies : Invalid condition id : LAN8742 Phy interface Condition cause : null
2025-03-10 08:03:32,104 [WARN] PackLoader:240 - Cannot read IP mode file for STMicroelectronics.X-CUBE-SFXS2LP1.4.0.0
2025-03-10 08:03:32,150 [WARN] PackLoader:240 - Cannot read IP mode file for STMicroelectronics.X-CUBE-AZRTOS-H7.3.3.0
2025-03-10 08:03:32,203 [WARN] ConditionMgr:438 - getConditionDescription Invalid condition id : UX DEVICE CLASS RTOS Condition cause : null
2025-03-10 08:03:32,204 [WARN] ConditionMgr:438 - getConditionDescription Invalid condition id : UX DEVICE CLASS RTOS Condition cause : null
2025-03-10 08:03:32,208 [WARN] PackLoader:240 - Cannot read IP mode file for STMicroelectronics.X-CUBE-AZRTOS-WB.2.0.0
2025-03-10 08:03:32,209 [WARN] ConditionMgr:1039 - genDependencies : Invalid condition id : UX DEVICE CLASS RTOS Condition cause : null
2025-03-10 08:03:32,209 [WARN] ConditionMgr:1039 - genDependencies : Invalid condition id : UX DEVICE CLASS RTOS Condition cause : null
2025-03-10 08:03:32,210 [WARN] ConditionMgr:1039 - genDependencies : Invalid condition id : UX DEVICE CLASS RTOS Condition cause : null
2025-03-10 08:03:32,211 [WARN] ConditionMgr:1039 - genDependencies : Invalid condition id : UX DEVICE CLASS RTOS Condition cause : null
2025-03-10 08:03:32,211 [WARN] ConditionMgr:1039 - genDependencies : Invalid condition id : UX DEVICE CLASS RTOS Condition cause : null
2025-03-10 08:03:32,244 [WARN] PackLoader:240 - Cannot read IP mode file for STMicroelectronics.X-CUBE-GNSS1.7.0.1
2025-03-10 08:03:32,288 [WARN] PackLoader:240 - Cannot read IP mode file for STMicroelectronics.X-CUBE-SUBG2.5.0.0
2025-03-10 08:03:32,323 [WARN] PackLoader:240 - Cannot read IP mode file for Cesanta.I-CUBE-Mongoose.7.13.0
2025-03-10 08:03:32,374 [WARN] PackLoader:240 - Cannot read IP mode file for STMicroelectronics.X-CUBE-AZRTOS-G4.2.0.0
2025-03-10 08:03:32,401 [WARN] PackLoader:240 - Cannot read IP mode file for wolfSSL.I-CUBE-wolfSSH.1.4.20
2025-03-10 08:03:32,435 [ERROR] Engine:466 - C:\Users\thaweechock.m\.stm32cubemx\thirdparties\pdsc\STMicroelectronics.X-CUBE-IPS.3.1.0.pdsc: PDSC version is not supported
2025-03-10 08:03:32,466 [WARN] PackLoader:240 - Cannot read IP mode file for STMicroelectronics.X-CUBE-ALS.1.0.2
2025-03-10 08:03:32,497 [WARN] PackLoader:240 - Cannot read IP mode file for STMicroelectronics.X-CUBE-TOUCHGFX.4.24.2
2025-03-10 08:03:32,530 [WARN] PackLoader:240 - Cannot read IP mode file for portGmbH.I-Cube-SoM-uGOAL.1.1.0
2025-03-10 08:03:32,593 [WARN] PackLoader:240 - Cannot read IP mode file for STMicroelectronics.X-CUBE-AZRTOS-H7RS.1.0.0
2025-03-10 08:03:32,642 [WARN] PackLoader:240 - Cannot read IP mode file for STMicroelectronics.X-CUBE-TOF1.3.4.2
2025-03-10 08:03:32,658 [INFO] ThirdParty:978 - Integrity check success = true
2025-03-10 08:03:32,658 [INFO] IntegrityCheckThread:100 - exiting critical section [integrity check]
2025-03-10 08:03:32,658 [INFO] IntegrityCheckThread:103 - End integrity checks thread
2025-03-10 08:03:32,733 [INFO] WebApp:167 - Instantiating new browser for Auth
2025-03-10 08:03:33,868 [INFO] WebApp:448 - Apply proxy settings
2025-03-10 08:03:33,868 [INFO] WebApp:533 - Chromium requires no authentication
2025-03-10 08:03:33,885 [INFO] WebApp:476 - Direct internet connection detected
2025-03-10 08:03:33,925 [INFO] WebApp:869 - Register for checkConnection events
2025-03-10 08:03:33,925 [INFO] WebApp:448 - Apply proxy settings
2025-03-10 08:03:33,925 [INFO] WebApp:533 - Chromium requires no authentication
2025-03-10 08:03:33,926 [INFO] WebApp:476 - Direct internet connection detected
2025-03-10 08:03:34,204 [INFO] WebApp:220 - Starting web application
2025-03-10 08:03:34,205 [INFO] WebApp:578 - Web application path used C:\ST\STM32CubeIDE_1.16.0\STM32CubeIDE\plugins\com.st.stm32cube.common.mx_6.12.0.202406281431\db\plugins\mcufinder\reactClient1\index.html
2025-03-10 08:03:34,579 [INFO] UserAuth:417 - Internet connection configuration mode: 1
2025-03-10 08:03:37,967 [INFO] WebApp:186 - Connection restablished
2025-03-10 08:03:40,478 [INFO] WebApp:189 - Connection lost
2025-03-10 08:03:48,457 [INFO] WebApp:186 - Connection restablished
2025-03-10 09:28:30,648 [ERROR] LogOutputStream:75 - [STDERR_REDIRECT] 
2025-03-10 12:27:03,011 [INFO] Activator:176 - 


2025-03-10 12:27:03,013 [INFO] Activator:177 - !SESSION log4j initialized
2025-03-10 12:27:08,209 [INFO] LogOutputStream:77 - [STDOUT_REDIRECT] 
2025-03-10 12:27:09,100 [INFO] ApplicationProperties:184 - Using Application install path: C:\ST\STM32CubeIDE_1.16.0\STM32CubeIDE\plugins\com.st.stm32cube.common.mx_6.12.0.202406281431
2025-03-10 12:27:09,117 [INFO] DbMcusXml:78 - Set database path to: C:\ST\STM32CubeIDE_1.16.0\STM32CubeIDE\plugins\com.st.stm32cube.common.mx_6.12.0.202406281431\\db\/mcu/
2025-03-10 12:27:09,118 [INFO] ApiDb:274 - Set plugin database path to: C:\ST\STM32CubeIDE_1.16.0\STM32CubeIDE\plugins\com.st.stm32cube.common.mx_6.12.0.202406281431\\db\/plugins/boardmanager/
2025-03-10 12:27:09,118 [WARN] ApiDb:259 - Overriding images path with different value:  => C:\ST\STM32CubeIDE_1.16.0\STM32CubeIDE\plugins\com.st.stm32cube.common.mx_6.12.0.202406281431\\db\/plugins/mcufinder/images/
2025-03-10 12:27:09,124 [INFO] ApiDb:250 - Set database path to: C:\Users\thaweechock.m\.stmcufinder\plugins\mcufinder//mcu/
2025-03-10 12:27:09,125 [INFO] DbMcusAds:125 - Set database path to: C:\Users\thaweechock.m\.stmcufinder\plugins\mcufinder//mcu/
2025-03-10 12:27:09,127 [INFO] CrossReferenceDbSqlite:203 - Set database path to: C:\Users\thaweechock.m\.stmcufinder\plugins\mcufinder//mcu/cs/
2025-03-10 12:27:09,248 [INFO] RulesReader:64 - Compatibility file has been processed (297 Rules)
2025-03-10 12:27:09,410 [INFO] DbMcusXml:78 - Set database path to: C:\ST\STM32CubeIDE_1.16.0\STM32CubeIDE\plugins\com.st.stm32cube.common.mx_6.12.0.202406281431\\db\/mcu/
2025-03-10 12:27:09,410 [INFO] ApiDb:274 - Set plugin database path to: C:\ST\STM32CubeIDE_1.16.0\STM32CubeIDE\plugins\com.st.stm32cube.common.mx_6.12.0.202406281431\\db\/plugins/boardmanager/
2025-03-10 12:27:09,410 [INFO] ApiDb:261 - Set plugin images path to: C:\ST\STM32CubeIDE_1.16.0\STM32CubeIDE\plugins\com.st.stm32cube.common.mx_6.12.0.202406281431\\db\/plugins/mcufinder/images/
2025-03-10 12:27:09,411 [WARN] DbFile:41 - Overriding database path with different value: C:\Users\thaweechock.m\.stmcufinder\plugins\mcufinder/ => C:\Users\thaweechock.m\.stmcufinder\plugins\mcufinder
2025-03-10 12:27:09,411 [INFO] ApiDb:250 - Set database path to: C:\Users\thaweechock.m\.stmcufinder\plugins\mcufinder//mcu/
2025-03-10 12:27:09,411 [WARN] DbFile:41 - Overriding database path with different value: C:\Users\thaweechock.m\.stmcufinder\plugins\mcufinder/ => C:\Users\thaweechock.m\.stmcufinder\plugins\mcufinder
2025-03-10 12:27:09,411 [INFO] DbMcusAds:125 - Set database path to: C:\Users\thaweechock.m\.stmcufinder\plugins\mcufinder//mcu/
2025-03-10 12:27:09,411 [WARN] DbFile:41 - Overriding database path with different value: C:\Users\thaweechock.m\.stmcufinder\plugins\mcufinder/ => C:\Users\thaweechock.m\.stmcufinder\plugins\mcufinder
2025-03-10 12:27:09,411 [WARN] DbFile:41 - Overriding database path with different value: C:\Users\thaweechock.m\.stmcufinder\plugins\mcufinder/ => C:\Users\thaweechock.m\.stmcufinder\plugins\mcufinder
2025-03-10 12:27:09,411 [INFO] CrossReferenceDbSqlite:203 - Set database path to: C:\Users\thaweechock.m\.stmcufinder\plugins\mcufinder//mcu/cs/
2025-03-10 12:27:09,538 [INFO] MainPanel:268 - HeapMemory: 318767104
2025-03-10 12:27:09,662 [INFO] DbMcusXml:78 - Set database path to: C:\ST\STM32CubeIDE_1.16.0\STM32CubeIDE\plugins\com.st.stm32cube.common.mx_6.12.0.202406281431\\db\/mcu/
2025-03-10 12:27:09,663 [INFO] ApiDb:274 - Set plugin database path to: C:\ST\STM32CubeIDE_1.16.0\STM32CubeIDE\plugins\com.st.stm32cube.common.mx_6.12.0.202406281431\\db\/plugins/boardmanager/
2025-03-10 12:27:09,663 [INFO] ApiDb:261 - Set plugin images path to: C:\ST\STM32CubeIDE_1.16.0\STM32CubeIDE\plugins\com.st.stm32cube.common.mx_6.12.0.202406281431\\db\/plugins/mcufinder/images/
2025-03-10 12:27:09,664 [WARN] DbFile:41 - Overriding database path with different value: C:\Users\thaweechock.m\.stmcufinder\plugins\mcufinder/ => C:\Users\thaweechock.m\.stmcufinder\plugins\mcufinder
2025-03-10 12:27:09,665 [INFO] ApiDb:250 - Set database path to: C:\Users\thaweechock.m\.stmcufinder\plugins\mcufinder//mcu/
2025-03-10 12:27:09,665 [WARN] DbFile:41 - Overriding database path with different value: C:\Users\thaweechock.m\.stmcufinder\plugins\mcufinder/ => C:\Users\thaweechock.m\.stmcufinder\plugins\mcufinder
2025-03-10 12:27:09,665 [INFO] DbMcusAds:125 - Set database path to: C:\Users\thaweechock.m\.stmcufinder\plugins\mcufinder//mcu/
2025-03-10 12:27:09,665 [WARN] DbFile:41 - Overriding database path with different value: C:\Users\thaweechock.m\.stmcufinder\plugins\mcufinder/ => C:\Users\thaweechock.m\.stmcufinder\plugins\mcufinder
2025-03-10 12:27:09,665 [WARN] DbFile:41 - Overriding database path with different value: C:\Users\thaweechock.m\.stmcufinder\plugins\mcufinder/ => C:\Users\thaweechock.m\.stmcufinder\plugins\mcufinder
2025-03-10 12:27:09,665 [INFO] CrossReferenceDbSqlite:203 - Set database path to: C:\Users\thaweechock.m\.stmcufinder\plugins\mcufinder//mcu/cs/
2025-03-10 12:27:09,689 [INFO] ApplicationProperties:184 - Using Application install path: C:\ST\STM32CubeIDE_1.16.0\STM32CubeIDE\plugins\com.st.stm32cube.common.mx_6.12.0.202406281431
2025-03-10 12:27:09,692 [INFO] PluginManage:196 - Search for loadable plugins [exclusion list=, ]
2025-03-10 12:27:09,695 [INFO] PluginManage:310 - Check plugin analytics
2025-03-10 12:27:09,864 [INFO] AnalyticsPlugin:253 - Accepted Software Licenses: 
2025-03-10 12:27:09,864 [INFO] AnalyticsPlugin:255 - Accepted CMSIS Pack Licenses: 
2025-03-10 12:27:09,864 [INFO] AnalyticsPlugin:257 - Accepted Firmware Licenses: FW.L4.1.18.0
2025-03-10 12:27:09,868 [INFO] PluginManage:359 - Loaded plugin analytics (category:tool,tabindex:-1)
2025-03-10 12:27:09,869 [INFO] PluginManage:310 - Check plugin cadmodel
2025-03-10 12:27:09,873 [INFO] CADModel:105 - Init CAD model plugin
2025-03-10 12:27:09,873 [INFO] PluginManage:359 - Loaded plugin cadmodel (category:power,tabindex:5)
2025-03-10 12:27:09,873 [INFO] PluginManage:310 - Check plugin clock
2025-03-10 12:27:09,884 [INFO] PluginManage:359 - Loaded plugin clock (category:base,tabindex:2)
2025-03-10 12:27:09,884 [INFO] PluginManage:310 - Check plugin ddr
2025-03-10 12:27:09,887 [INFO] PluginManage:359 - Loaded plugin ddr (category:tool,tabindex:6)
2025-03-10 12:27:09,887 [INFO] PluginManage:310 - Check plugin filemanager
2025-03-10 12:27:10,020 [INFO] PluginManage:359 - Loaded plugin filemanager (category:base,tabindex:10)
2025-03-10 12:27:10,020 [INFO] PluginManage:310 - Check plugin ipmanager
2025-03-10 12:27:10,033 [INFO] PluginManage:359 - Loaded plugin ipmanager (category:base,tabindex:5)
2025-03-10 12:27:10,033 [INFO] PluginManage:310 - Check plugin lpbam
2025-03-10 12:27:10,043 [INFO] PluginManage:359 - Loaded plugin lpbam (category:base,tabindex:0)
2025-03-10 12:27:10,043 [INFO] PluginManage:310 - Check plugin memorymap
2025-03-10 12:27:10,071 [INFO] PluginManage:359 - Loaded plugin memorymap (category:base,tabindex:4)
2025-03-10 12:27:10,072 [INFO] PluginManage:310 - Check plugin pinoutandconfiguration
2025-03-10 12:27:10,085 [INFO] PluginManage:359 - Loaded plugin pinoutandconfiguration (category:base,tabindex:1)
2025-03-10 12:27:10,085 [INFO] PluginManage:310 - Check plugin pinoutconfig
2025-03-10 12:27:10,176 [WARN] SupportedApi:132 - Cannot load RTOS API schema: s4s-elt-must-match.1: The content of 'definitions' must match (annotation?, (simpleType | complexType)?, (unique | key | keyref)*)). A problem was found starting at: attribute.
2025-03-10 12:27:10,366 [INFO] PluginManage:359 - Loaded plugin pinoutconfig (category:base,tabindex:0)
2025-03-10 12:27:10,366 [INFO] PluginManage:310 - Check plugin power
2025-03-10 12:27:10,379 [INFO] PluginManage:359 - Loaded plugin power (category:power,tabindex:4)
2025-03-10 12:27:10,379 [INFO] PluginManage:310 - Check plugin projectmanager
2025-03-10 12:27:10,400 [INFO] PluginManage:359 - Loaded plugin projectmanager (category:projectmanager,tabindex:4)
2025-03-10 12:27:10,400 [INFO] PluginManage:310 - Check plugin rif
2025-03-10 12:27:10,410 [INFO] PluginManage:359 - Loaded plugin rif (category:base,tabindex:3)
2025-03-10 12:27:10,411 [INFO] PluginManage:310 - Check plugin thirdparty
2025-03-10 12:27:10,557 [WARN] IntegrityCheckThread:84 - waiting for thirdparty lock release [integrity check]
2025-03-10 12:27:10,557 [INFO] IntegrityCheckThread:86 - entering critical section [integrity check]
2025-03-10 12:27:10,558 [INFO] PluginManage:359 - Loaded plugin thirdparty (category:base,tabindex:-1)
2025-03-10 12:27:10,558 [INFO] PluginManage:310 - Check plugin tools
2025-03-10 12:27:10,558 [INFO] ThirdPartyUpdaterWithRetryManager:70 - Updater plugin not ready yet. [1/15]
2025-03-10 12:27:10,562 [INFO] PluginManage:359 - Loaded plugin tools (category:base,tabindex:7)
2025-03-10 12:27:10,563 [INFO] PluginManage:310 - Check plugin tutovideos
2025-03-10 12:27:10,724 [INFO] PluginManage:359 - Loaded plugin tutovideos (category:base,tabindex:-1)
2025-03-10 12:27:10,724 [INFO] PluginManage:310 - Check plugin updater
2025-03-10 12:27:10,741 [INFO] PluginManage:359 - Loaded plugin updater (category:base,tabindex:12)
2025-03-10 12:27:10,741 [INFO] PluginManage:310 - Check plugin userauth
2025-03-10 12:27:10,747 [INFO] UserAuth:113 - Init User Auth plugin
2025-03-10 12:27:10,747 [INFO] PluginManage:359 - Loaded plugin userauth (category:base,tabindex:14)
2025-03-10 12:27:10,748 [INFO] PluginManage:283 - PluginManage : Loaded plugins [18]
2025-03-10 12:27:10,991 [INFO] PinOutPanel:1561 - setPackage(No Configuration,No Configuration)
2025-03-10 12:27:11,101 [INFO] CADModel:165 - CPN selected for project level
2025-03-10 12:27:11,101 [INFO] CADModel:114 - Register for checkConnection events
2025-03-10 12:27:11,116 [INFO] IPUIPlugin:80 - create IPUIPlugin
2025-03-10 12:27:11,116 [INFO] PluginManager:220 - loadIPPluginJar : add adc
2025-03-10 12:27:11,118 [INFO] IPUIPlugin:80 - create IPUIPlugin
2025-03-10 12:27:11,118 [INFO] PluginManager:220 - loadIPPluginJar : add aes
2025-03-10 12:27:11,120 [INFO] IPUIPlugin:80 - create IPUIPlugin
2025-03-10 12:27:11,120 [INFO] PluginManager:220 - loadIPPluginJar : add can
2025-03-10 12:27:11,123 [INFO] IPUIPlugin:80 - create IPUIPlugin
2025-03-10 12:27:11,123 [INFO] PluginManager:220 - loadIPPluginJar : add comp
2025-03-10 12:27:11,124 [INFO] IPUIPlugin:80 - create IPUIPlugin
2025-03-10 12:27:11,124 [INFO] PluginManager:220 - loadIPPluginJar : add cryp
2025-03-10 12:27:11,126 [INFO] IPUIPlugin:80 - create IPUIPlugin
2025-03-10 12:27:11,127 [INFO] PluginManager:220 - loadIPPluginJar : add ddr_ctrl_phy
2025-03-10 12:27:11,128 [INFO] IPUIPlugin:80 - create IPUIPlugin
2025-03-10 12:27:11,128 [INFO] PluginManager:220 - loadIPPluginJar : add dfsdm
2025-03-10 12:27:11,133 [INFO] IPUIPlugin:80 - create IPUIPlugin
2025-03-10 12:27:11,134 [INFO] PluginManager:220 - loadIPPluginJar : add dma
2025-03-10 12:27:11,136 [INFO] IPUIPlugin:80 - create IPUIPlugin
2025-03-10 12:27:11,136 [INFO] PluginManager:220 - loadIPPluginJar : add dma3
2025-03-10 12:27:11,138 [INFO] IPUIPlugin:80 - create IPUIPlugin
2025-03-10 12:27:11,138 [INFO] PluginManager:220 - loadIPPluginJar : add extmemmanager
2025-03-10 12:27:11,139 [INFO] IPUIPlugin:80 - create IPUIPlugin
2025-03-10 12:27:11,139 [INFO] PluginManager:220 - loadIPPluginJar : add fatfs
2025-03-10 12:27:11,142 [INFO] IPUIPlugin:80 - create IPUIPlugin
2025-03-10 12:27:11,142 [INFO] PluginManager:220 - loadIPPluginJar : add fmc
2025-03-10 12:27:11,146 [INFO] IPUIPlugin:80 - create IPUIPlugin
2025-03-10 12:27:11,146 [INFO] PluginManager:220 - loadIPPluginJar : add freertos
2025-03-10 12:27:11,148 [INFO] IPUIPlugin:80 - create IPUIPlugin
2025-03-10 12:27:11,148 [INFO] PluginManager:220 - loadIPPluginJar : add genericplugin
2025-03-10 12:27:11,150 [INFO] IPUIPlugin:80 - create IPUIPlugin
2025-03-10 12:27:11,150 [INFO] PluginManager:220 - loadIPPluginJar : add gfxmmu
2025-03-10 12:27:11,154 [INFO] IPUIPlugin:80 - create IPUIPlugin
2025-03-10 12:27:11,154 [INFO] PluginManager:220 - loadIPPluginJar : add gic
2025-03-10 12:27:11,157 [INFO] IPUIPlugin:80 - create IPUIPlugin
2025-03-10 12:27:11,157 [INFO] PluginManager:220 - loadIPPluginJar : add gpio
2025-03-10 12:27:11,158 [INFO] IPUIPlugin:80 - create IPUIPlugin
2025-03-10 12:27:11,159 [INFO] PluginManager:220 - loadIPPluginJar : add gtzc
2025-03-10 12:27:11,160 [INFO] IPUIPlugin:80 - create IPUIPlugin
2025-03-10 12:27:11,160 [INFO] PluginManager:220 - loadIPPluginJar : add hash
2025-03-10 12:27:11,163 [INFO] IPUIPlugin:80 - create IPUIPlugin
2025-03-10 12:27:11,163 [INFO] PluginManager:220 - loadIPPluginJar : add i2c
2025-03-10 12:27:11,166 [INFO] IPUIPlugin:80 - create IPUIPlugin
2025-03-10 12:27:11,167 [INFO] PluginManager:220 - loadIPPluginJar : add i2s
2025-03-10 12:27:11,168 [INFO] IPUIPlugin:80 - create IPUIPlugin
2025-03-10 12:27:11,168 [INFO] PluginManager:220 - loadIPPluginJar : add i3c
2025-03-10 12:27:11,172 [INFO] IPUIPlugin:80 - create IPUIPlugin
2025-03-10 12:27:11,172 [INFO] PluginManager:220 - loadIPPluginJar : add ipddr
2025-03-10 12:27:11,179 [INFO] IPUIPlugin:80 - create IPUIPlugin
2025-03-10 12:27:11,180 [INFO] PluginManager:220 - loadIPPluginJar : add linkedlist
2025-03-10 12:27:11,184 [INFO] IPUIPlugin:80 - create IPUIPlugin
2025-03-10 12:27:11,184 [INFO] PluginManager:220 - loadIPPluginJar : add lorawan
2025-03-10 12:27:11,185 [INFO] IPUIPlugin:80 - create IPUIPlugin
2025-03-10 12:27:11,185 [INFO] PluginManager:220 - loadIPPluginJar : add ltdc
2025-03-10 12:27:11,190 [INFO] IPUIPlugin:80 - create IPUIPlugin
2025-03-10 12:27:11,190 [INFO] PluginManager:220 - loadIPPluginJar : add mdma
2025-03-10 12:27:11,192 [INFO] IPUIPlugin:80 - create IPUIPlugin
2025-03-10 12:27:11,192 [INFO] PluginManager:220 - loadIPPluginJar : add nvic
2025-03-10 12:27:11,194 [INFO] IPUIPlugin:80 - create IPUIPlugin
2025-03-10 12:27:11,194 [INFO] PluginManager:220 - loadIPPluginJar : add opamp
2025-03-10 12:27:11,197 [INFO] IPUIPlugin:80 - create IPUIPlugin
2025-03-10 12:27:11,197 [INFO] PluginManager:220 - loadIPPluginJar : add openamp
2025-03-10 12:27:11,200 [INFO] IPUIPlugin:80 - create IPUIPlugin
2025-03-10 12:27:11,200 [INFO] PluginManager:220 - loadIPPluginJar : add pdm2pcm
2025-03-10 12:27:11,205 [INFO] IPUIPlugin:80 - create IPUIPlugin
2025-03-10 12:27:11,208 [INFO] PluginManager:220 - loadIPPluginJar : add plateformsettings
2025-03-10 12:27:11,209 [INFO] IPUIPlugin:80 - create IPUIPlugin
2025-03-10 12:27:11,209 [INFO] PluginManager:220 - loadIPPluginJar : add quadspi
2025-03-10 12:27:11,210 [INFO] IPUIPlugin:80 - create IPUIPlugin
2025-03-10 12:27:11,211 [INFO] PluginManager:220 - loadIPPluginJar : add radio
2025-03-10 12:27:11,214 [INFO] IPUIPlugin:80 - create IPUIPlugin
2025-03-10 12:27:11,214 [INFO] PluginManager:220 - loadIPPluginJar : add resmgrutility
2025-03-10 12:27:11,217 [INFO] IPUIPlugin:80 - create IPUIPlugin
2025-03-10 12:27:11,217 [INFO] PluginManager:220 - loadIPPluginJar : add sai
2025-03-10 12:27:11,219 [INFO] IPUIPlugin:80 - create IPUIPlugin
2025-03-10 12:27:11,219 [INFO] PluginManager:220 - loadIPPluginJar : add spi
2025-03-10 12:27:11,223 [INFO] IPUIPlugin:80 - create IPUIPlugin
2025-03-10 12:27:11,223 [INFO] PluginManager:220 - loadIPPluginJar : add stm32_wpan
2025-03-10 12:27:11,226 [INFO] IPUIPlugin:80 - create IPUIPlugin
2025-03-10 12:27:11,226 [INFO] PluginManager:220 - loadIPPluginJar : add tim
2025-03-10 12:27:11,229 [INFO] IPUIPlugin:80 - create IPUIPlugin
2025-03-10 12:27:11,230 [INFO] PluginManager:220 - loadIPPluginJar : add touchsensing
2025-03-10 12:27:11,232 [INFO] IPUIPlugin:80 - create IPUIPlugin
2025-03-10 12:27:11,232 [INFO] PluginManager:220 - loadIPPluginJar : add tracer_emb
2025-03-10 12:27:11,234 [INFO] IPUIPlugin:80 - create IPUIPlugin
2025-03-10 12:27:11,234 [INFO] PluginManager:220 - loadIPPluginJar : add ts
2025-03-10 12:27:11,235 [INFO] IPUIPlugin:80 - create IPUIPlugin
2025-03-10 12:27:11,235 [INFO] PluginManager:220 - loadIPPluginJar : add tsc
2025-03-10 12:27:11,237 [INFO] IPUIPlugin:80 - create IPUIPlugin
2025-03-10 12:27:11,237 [INFO] PluginManager:220 - loadIPPluginJar : add ucpd
2025-03-10 12:27:11,240 [INFO] IPUIPlugin:80 - create IPUIPlugin
2025-03-10 12:27:11,240 [INFO] PluginManager:220 - loadIPPluginJar : add usart
2025-03-10 12:27:11,242 [INFO] IPUIPlugin:80 - create IPUIPlugin
2025-03-10 12:27:11,243 [INFO] PluginManager:220 - loadIPPluginJar : add usbx
2025-03-10 12:27:11,392 [INFO] CADModel:165 - CPN selected for project level
2025-03-10 12:27:11,392 [INFO] CADModel:114 - Register for checkConnection events
2025-03-10 12:27:11,392 [FATAL] Updater:334 - Updater called before beeing initialized
2025-03-10 12:27:11,393 [ERROR] CADModel:125 - Updater not yet initialized, retry later 
2025-03-10 12:27:11,529 [INFO] CADModel:165 - CPN selected for project level
2025-03-10 12:27:11,530 [INFO] CADModel:114 - Register for checkConnection events
2025-03-10 12:27:11,530 [FATAL] Updater:334 - Updater called before beeing initialized
2025-03-10 12:27:11,530 [ERROR] CADModel:125 - Updater not yet initialized, retry later 
2025-03-10 12:27:11,533 [FATAL] Updater:334 - Updater called before beeing initialized
2025-03-10 12:27:11,644 [FATAL] Updater:334 - Updater called before beeing initialized
2025-03-10 12:27:11,650 [INFO] DbMcusAds:53 - JSON generation date=Thu Mar 06 21:54:21 ICT 2025 (1741272861825)
2025-03-10 12:27:11,650 [FATAL] Updater:334 - Updater called before beeing initialized
2025-03-10 12:27:11,689 [WARN] DetailPanel:346 - Failed to get advertising image, set to default
2025-03-10 12:27:11,781 [FATAL] Updater:334 - Updater called before beeing initialized
2025-03-10 12:27:11,783 [FATAL] Updater:334 - Updater called before beeing initialized
2025-03-10 12:27:11,783 [FATAL] Updater:334 - Updater called before beeing initialized
2025-03-10 12:27:11,783 [WARN] DetailPanel:346 - Failed to get advertising image, set to default
2025-03-10 12:27:11,784 [FATAL] Updater:334 - Updater called before beeing initialized
2025-03-10 12:27:11,835 [ERROR] Updater:1164 - MainUpdater not yet initialized. External WinMGr cannot be set.
2025-03-10 12:27:11,837 [INFO] Updater:1100 - Updater Version found : 6.12.0
2025-03-10 12:27:11,855 [INFO] ApplicationProperties:184 - Using Application install path: C:\ST\STM32CubeIDE_1.16.0\STM32CubeIDE\plugins\com.st.stm32cube.common.mx_6.12.0.202406281431
2025-03-10 12:27:12,405 [INFO] MainUpdater:2873 - connection check result : 10
2025-03-10 12:27:12,408 [INFO] MainUpdater:290 - Updater Check For Update Now.
2025-03-10 12:27:12,409 [INFO] MicroXplorer:498 - Change Database Version : DB.6.0.120
2025-03-10 12:27:12,443 [INFO] McuFinderGlobals:63 - Set McuFinder mode to 2 (CubeIDE integrated)
2025-03-10 12:27:12,445 [INFO] UserAuth:417 - Internet connection configuration mode: 1
2025-03-10 12:27:12,500 [INFO] JxBrowserEngine:152 - Initiate JxBrowser Engine with user profile folder
2025-03-10 12:27:12,633 [INFO] CheckServerUpdateThread:120 - End of CheckServer Thread
2025-03-10 12:27:14,207 [WARN] PackLoader:240 - Cannot read IP mode file for STMicroelectronics.FP-SNS-MOTENVWB1.1.4.0
2025-03-10 12:27:14,220 [WARN] PackLoader:240 - Cannot read IP mode file for STMicroelectronics.FP-ATR-ASTRA1.2.0.2
2025-03-10 12:27:14,225 [WARN] PackLoader:240 - Cannot read IP mode file for STMicroelectronics.FP-ATR-ASTRA1.2.0.1
2025-03-10 12:27:14,237 [WARN] PackLoader:240 - Cannot read IP mode file for STMicroelectronics.X-CUBE-SMBUS.2.1.0
2025-03-10 12:27:14,250 [WARN] PackLoader:240 - Cannot read IP mode file for STMicroelectronics.X-CUBE-WB05N.1.1.0
2025-03-10 12:27:14,283 [WARN] PackLoader:240 - Cannot read IP mode file for STMicroelectronics.X-CUBE-AZRTOS-F7.1.1.0
2025-03-10 12:27:14,293 [WARN] PackLoader:240 - Cannot read IP mode file for STMicroelectronics.FP-SNS-FLIGHT1.5.0.2
2025-03-10 12:27:14,344 [WARN] PackLoader:240 - Cannot read IP mode file for Infineon.AIROC-Wi-Fi-Bluetooth-STM32.1.7.0
2025-03-10 12:27:14,360 [WARN] PackLoader:240 - Cannot read IP mode file for STMicroelectronics.X-CUBE-DISPLAY.3.0.0
2025-03-10 12:27:14,371 [WARN] PackLoader:240 - Cannot read IP mode file for STMicroelectronics.X-CUBE-BLE1.7.0.0
2025-03-10 12:27:14,381 [WARN] PackLoader:240 - Cannot read IP mode file for STMicroelectronics.X-CUBE-NFC10.1.0.0
2025-03-10 12:27:14,387 [WARN] PackLoader:240 - Cannot read IP mode file for emotas.I-CUBE-CANOPEN.1.3.0
2025-03-10 12:27:14,393 [WARN] ConditionMgr:438 - getConditionDescription Invalid condition id : Cortex-A Device cause : null
2025-03-10 12:27:14,420 [WARN] ConditionMgr:1039 - genDependencies : Invalid condition id : Cortex-A Device cause : null
2025-03-10 12:27:14,421 [WARN] ConditionMgr:1039 - genDependencies : Invalid condition id : Cortex-A Device cause : null
2025-03-10 12:27:14,421 [WARN] ConditionMgr:1039 - genDependencies : Invalid condition id : Cortex-A Device cause : null
2025-03-10 12:27:14,427 [WARN] PackLoader:240 - Cannot read IP mode file for STMicroelectronics.FP-SNS-SMARTAG2.1.2.0
2025-03-10 12:27:14,465 [WARN] PackLoader:240 - Cannot read IP mode file for STMicroelectronics.X-CUBE-MEMS1.11.1.0
2025-03-10 12:27:14,582 [INFO] LogOutputStream:77 - [STDOUT_REDIRECT] 1 : Invalid condition id : UX_CORESTACK_Condition cause : null
2025-03-10 12:27:14,583 [INFO] LogOutputStream:77 - [STDOUT_REDIRECT] 1 : Invalid condition id : UX_CORESTACK_Condition cause : null
2025-03-10 12:27:14,584 [INFO] LogOutputStream:77 - [STDOUT_REDIRECT] 1 : Invalid condition id : UX_CORESTACK_Condition cause : null
2025-03-10 12:27:14,587 [INFO] LogOutputStream:77 - [STDOUT_REDIRECT] 1 : Invalid condition id : UX_CORESTACK_Condition cause : null
2025-03-10 12:27:14,588 [INFO] LogOutputStream:77 - [STDOUT_REDIRECT] 1 : Invalid condition id : UX_CORESTACK_Condition cause : null
2025-03-10 12:27:14,591 [WARN] PackLoader:240 - Cannot read IP mode file for STMicroelectronics.X-CUBE-AZRTOS-WL.2.0.0
2025-03-10 12:27:14,599 [WARN] PackLoader:240 - Cannot read IP mode file for STMicroelectronics.FP-SNS-MOTENV1.5.0.0
2025-03-10 12:27:14,612 [WARN] PackLoader:240 - Cannot read IP mode file for WES.I-CUBE-Cesium.1.3.0
2025-03-10 12:27:14,622 [WARN] PackLoader:240 - Cannot read IP mode file for STMicroelectronics.X-CUBE-BLE2.3.3.0
2025-03-10 12:27:14,633 [WARN] PackLoader:240 - Cannot read IP mode file for STMicroelectronics.X-CUBE-NFC9.1.0.0
2025-03-10 12:27:14,639 [WARN] PackLoader:240 - Cannot read IP mode file for STMicroelectronics.X-CUBE-BLE1.7.1.0
2025-03-10 12:27:14,648 [WARN] PackLoader:240 - Cannot read IP mode file for wolfSSL.I-CUBE-wolfMQTT.1.19.2
2025-03-10 12:27:14,669 [WARN] PackLoader:240 - Cannot read IP mode file for STMicroelectronics.X-CUBE-AZRTOS-G0.1.1.0
2025-03-10 12:27:14,680 [WARN] PackLoader:240 - Cannot read IP mode file for STMicroelectronics.X-CUBE-SAFEA1.1.2.2
2025-03-10 12:27:14,693 [WARN] PackLoader:240 - Cannot read IP mode file for STMicroelectronics.X-CUBE-NFC4.3.0.0
2025-03-10 12:27:14,709 [WARN] PackLoader:240 - Cannot read IP mode file for EmbeddedOffice.I-CUBE-FS-RTOS.1.0.1
2025-03-10 12:27:14,726 [ERROR] ConditionMgr:805 - Attr not supported : Dmpu
2025-03-10 12:27:14,727 [ERROR] ConditionMgr:805 - Attr not supported : Dmpu
2025-03-10 12:27:14,727 [ERROR] ConditionMgr:805 - Attr not supported : Dmpu
2025-03-10 12:27:14,727 [ERROR] ConditionMgr:805 - Attr not supported : Dmpu
2025-03-10 12:27:14,727 [ERROR] ConditionMgr:805 - Attr not supported : Dmpu
2025-03-10 12:27:14,727 [ERROR] ConditionMgr:805 - Attr not supported : Dmpu
2025-03-10 12:27:14,727 [ERROR] ConditionMgr:805 - Attr not supported : Dmpu
2025-03-10 12:27:14,728 [ERROR] ConditionMgr:805 - Attr not supported : Dmpu
2025-03-10 12:27:14,728 [ERROR] ConditionMgr:805 - Attr not supported : Dmpu
2025-03-10 12:27:14,728 [ERROR] ConditionMgr:805 - Attr not supported : Dmpu
2025-03-10 12:27:14,728 [ERROR] ConditionMgr:805 - Attr not supported : Dmpu
2025-03-10 12:27:14,728 [ERROR] ConditionMgr:805 - Attr not supported : Dmpu
2025-03-10 12:27:14,729 [ERROR] ConditionMgr:805 - Attr not supported : Dmpu
2025-03-10 12:27:14,729 [ERROR] ConditionMgr:805 - Attr not supported : Dmpu
2025-03-10 12:27:14,729 [ERROR] ConditionMgr:805 - Attr not supported : Dmpu
2025-03-10 12:27:14,729 [ERROR] ConditionMgr:805 - Attr not supported : Dmpu
2025-03-10 12:27:14,729 [ERROR] ConditionMgr:805 - Attr not supported : Dmpu
2025-03-10 12:27:14,730 [ERROR] ConditionMgr:805 - Attr not supported : Dmpu
2025-03-10 12:27:14,730 [ERROR] ConditionMgr:805 - Attr not supported : Dmpu
2025-03-10 12:27:14,730 [ERROR] ConditionMgr:805 - Attr not supported : Dmpu
2025-03-10 12:27:14,730 [ERROR] ConditionMgr:805 - Attr not supported : Dmpu
2025-03-10 12:27:14,730 [ERROR] ConditionMgr:805 - Attr not supported : Dmpu
2025-03-10 12:27:14,730 [ERROR] ConditionMgr:805 - Attr not supported : Dmpu
2025-03-10 12:27:14,730 [ERROR] ConditionMgr:805 - Attr not supported : Dmpu
2025-03-10 12:27:14,730 [ERROR] ConditionMgr:805 - Attr not supported : Dmpu
2025-03-10 12:27:14,731 [ERROR] ConditionMgr:805 - Attr not supported : Dmpu
2025-03-10 12:27:14,731 [ERROR] ConditionMgr:805 - Attr not supported : Dmpu
2025-03-10 12:27:14,731 [ERROR] ConditionMgr:805 - Attr not supported : Dmpu
2025-03-10 12:27:14,731 [ERROR] ConditionMgr:805 - Attr not supported : Dmpu
2025-03-10 12:27:14,731 [ERROR] ConditionMgr:805 - Attr not supported : Dmpu
2025-03-10 12:27:14,731 [ERROR] ConditionMgr:805 - Attr not supported : Dmpu
2025-03-10 12:27:14,731 [ERROR] ConditionMgr:805 - Attr not supported : Dmpu
2025-03-10 12:27:14,732 [ERROR] ConditionMgr:805 - Attr not supported : Dmpu
2025-03-10 12:27:14,732 [ERROR] ConditionMgr:805 - Attr not supported : Dmpu
2025-03-10 12:27:14,732 [ERROR] ConditionMgr:805 - Attr not supported : Dmpu
2025-03-10 12:27:14,732 [ERROR] ConditionMgr:805 - Attr not supported : Dmpu
2025-03-10 12:27:14,733 [ERROR] ConditionMgr:805 - Attr not supported : Dmpu
2025-03-10 12:27:14,733 [ERROR] ConditionMgr:805 - Attr not supported : Dmpu
2025-03-10 12:27:14,733 [ERROR] ConditionMgr:805 - Attr not supported : Dmpu
2025-03-10 12:27:14,733 [ERROR] ConditionMgr:805 - Attr not supported : Dmpu
2025-03-10 12:27:14,733 [ERROR] ConditionMgr:805 - Attr not supported : Dmpu
2025-03-10 12:27:14,733 [ERROR] ConditionMgr:805 - Attr not supported : Dmpu
2025-03-10 12:27:14,733 [ERROR] ConditionMgr:805 - Attr not supported : Dmpu
2025-03-10 12:27:14,733 [ERROR] ConditionMgr:805 - Attr not supported : Dmpu
2025-03-10 12:27:14,733 [ERROR] ConditionMgr:805 - Attr not supported : Dmpu
2025-03-10 12:27:14,734 [ERROR] ConditionMgr:805 - Attr not supported : Dmpu
2025-03-10 12:27:14,734 [ERROR] ConditionMgr:805 - Attr not supported : Dmpu
2025-03-10 12:27:14,734 [ERROR] ConditionMgr:805 - Attr not supported : Dmpu
2025-03-10 12:27:14,734 [ERROR] ConditionMgr:805 - Attr not supported : Dmpu
2025-03-10 12:27:14,734 [ERROR] ConditionMgr:805 - Attr not supported : Dmpu
2025-03-10 12:27:14,734 [ERROR] ConditionMgr:805 - Attr not supported : Dmpu
2025-03-10 12:27:14,734 [ERROR] ConditionMgr:805 - Attr not supported : Dmpu
2025-03-10 12:27:14,734 [ERROR] ConditionMgr:805 - Attr not supported : Dmpu
2025-03-10 12:27:14,734 [ERROR] ConditionMgr:805 - Attr not supported : Dmpu
2025-03-10 12:27:14,734 [ERROR] ConditionMgr:805 - Attr not supported : Dmpu
2025-03-10 12:27:14,735 [ERROR] ConditionMgr:805 - Attr not supported : Dmpu
2025-03-10 12:27:14,735 [ERROR] ConditionMgr:805 - Attr not supported : Dmpu
2025-03-10 12:27:14,735 [ERROR] ConditionMgr:805 - Attr not supported : Dmpu
2025-03-10 12:27:14,735 [ERROR] ConditionMgr:805 - Attr not supported : Dmpu
2025-03-10 12:27:14,735 [ERROR] ConditionMgr:805 - Attr not supported : Dmpu
2025-03-10 12:27:14,735 [ERROR] ConditionMgr:805 - Attr not supported : Dmpu
2025-03-10 12:27:14,735 [ERROR] ConditionMgr:805 - Attr not supported : Dmpu
2025-03-10 12:27:14,735 [ERROR] ConditionMgr:805 - Attr not supported : Dmpu
2025-03-10 12:27:14,735 [ERROR] ConditionMgr:805 - Attr not supported : Dmpu
2025-03-10 12:27:14,740 [WARN] PackLoader:240 - Cannot read IP mode file for wolfSSL.I-CUBE-wolfTPM.3.8.0
2025-03-10 12:27:14,746 [ERROR] Engine:466 - C:\Users\thaweechock.m\.stm32cubemx\thirdparties\pdsc\STMicroelectronics.X-CUBE-TCPP.4.2.0.pdsc: PDSC version is not supported
2025-03-10 12:27:14,759 [WARN] PackLoader:240 - Cannot read IP mode file for RealThread.X-CUBE-RT-Thread_Nano.4.1.1
2025-03-10 12:27:14,768 [WARN] PackLoader:240 - Cannot read IP mode file for STMicroelectronics.FP-ATR-SIGFOX1.3.2.0
2025-03-10 12:27:14,776 [WARN] PackLoader:240 - Cannot read IP mode file for STMicroelectronics.X-CUBE-EEPRMA1.5.1.0
2025-03-10 12:27:14,784 [WARN] PackLoader:240 - Cannot read IP mode file for wolfSSL.I-CUBE-wolfSSL.5.7.6
2025-03-10 12:27:14,794 [WARN] PackLoader:240 - Cannot read IP mode file for ITTIA_DB.I-CUBE-ITTIADB.8.9.0
2025-03-10 12:27:14,828 [WARN] PackLoader:240 - Cannot read IP mode file for SEGGER.I-CUBE-embOS.1.3.1
2025-03-10 12:27:14,872 [WARN] PackLoader:240 - Cannot read IP mode file for STMicroelectronics.X-CUBE-ALGOBUILD.1.4.0
2025-03-10 12:27:14,891 [WARN] PackLoader:240 - Cannot read IP mode file for STMicroelectronics.X-CUBE-AZRTOS-F4.1.1.0
2025-03-10 12:27:14,901 [WARN] PackLoader:240 - Cannot read IP mode file for STMicroelectronics.X-CUBE-ISPU.2.1.0
2025-03-10 12:27:14,916 [WARN] PackLoader:240 - Cannot read IP mode file for STMicroelectronics.X-CUBE-AZRTOS-L5.2.0.0
2025-03-10 12:27:14,925 [WARN] PackLoader:240 - Cannot read IP mode file for STMicroelectronics.X-CUBE-NFC6.3.1.0
2025-03-10 12:27:14,932 [WARN] PackLoader:240 - Cannot read IP mode file for STMicroelectronics.X-CUBE-NFC7.1.0.1
2025-03-10 12:27:14,949 [WARN] ConditionMgr:438 - getConditionDescription Invalid condition id : LAN8742 Phy interface Condition cause : null
2025-03-10 12:27:14,949 [WARN] PackLoader:240 - Cannot read IP mode file for STMicroelectronics.X-CUBE-AZRTOS-L4.2.0.0
2025-03-10 12:27:14,950 [WARN] ConditionMgr:1039 - genDependencies : Invalid condition id : LAN8742 Phy interface Condition cause : null
2025-03-10 12:27:14,950 [WARN] ConditionMgr:1039 - genDependencies : Invalid condition id : LAN8742 Phy interface Condition cause : null
2025-03-10 12:27:14,951 [WARN] ConditionMgr:1039 - genDependencies : Invalid condition id : LAN8742 Phy interface Condition cause : null
2025-03-10 12:27:14,958 [WARN] PackLoader:240 - Cannot read IP mode file for STMicroelectronics.X-CUBE-SFXS2LP1.4.0.0
2025-03-10 12:27:14,976 [WARN] PackLoader:240 - Cannot read IP mode file for STMicroelectronics.X-CUBE-AZRTOS-H7.3.3.0
2025-03-10 12:27:14,991 [WARN] ConditionMgr:438 - getConditionDescription Invalid condition id : UX DEVICE CLASS RTOS Condition cause : null
2025-03-10 12:27:14,992 [WARN] ConditionMgr:438 - getConditionDescription Invalid condition id : UX DEVICE CLASS RTOS Condition cause : null
2025-03-10 12:27:14,994 [WARN] PackLoader:240 - Cannot read IP mode file for STMicroelectronics.X-CUBE-AZRTOS-WB.2.0.0
2025-03-10 12:27:14,994 [WARN] ConditionMgr:1039 - genDependencies : Invalid condition id : UX DEVICE CLASS RTOS Condition cause : null
2025-03-10 12:27:14,995 [WARN] ConditionMgr:1039 - genDependencies : Invalid condition id : UX DEVICE CLASS RTOS Condition cause : null
2025-03-10 12:27:14,995 [WARN] ConditionMgr:1039 - genDependencies : Invalid condition id : UX DEVICE CLASS RTOS Condition cause : null
2025-03-10 12:27:14,995 [WARN] ConditionMgr:1039 - genDependencies : Invalid condition id : UX DEVICE CLASS RTOS Condition cause : null
2025-03-10 12:27:14,995 [WARN] ConditionMgr:1039 - genDependencies : Invalid condition id : UX DEVICE CLASS RTOS Condition cause : null
2025-03-10 12:27:15,001 [WARN] PackLoader:240 - Cannot read IP mode file for STMicroelectronics.X-CUBE-GNSS1.7.0.1
2025-03-10 12:27:15,011 [WARN] PackLoader:240 - Cannot read IP mode file for STMicroelectronics.X-CUBE-SUBG2.5.0.0
2025-03-10 12:27:15,021 [WARN] PackLoader:240 - Cannot read IP mode file for Cesanta.I-CUBE-Mongoose.7.13.0
2025-03-10 12:27:15,038 [WARN] PackLoader:240 - Cannot read IP mode file for STMicroelectronics.X-CUBE-AZRTOS-G4.2.0.0
2025-03-10 12:27:15,044 [WARN] PackLoader:240 - Cannot read IP mode file for wolfSSL.I-CUBE-wolfSSH.1.4.20
2025-03-10 12:27:15,049 [ERROR] Engine:466 - C:\Users\thaweechock.m\.stm32cubemx\thirdparties\pdsc\STMicroelectronics.X-CUBE-IPS.3.1.0.pdsc: PDSC version is not supported
2025-03-10 12:27:15,054 [WARN] PackLoader:240 - Cannot read IP mode file for STMicroelectronics.X-CUBE-ALS.1.0.2
2025-03-10 12:27:15,062 [WARN] PackLoader:240 - Cannot read IP mode file for STMicroelectronics.X-CUBE-TOUCHGFX.4.24.2
2025-03-10 12:27:15,067 [WARN] PackLoader:240 - Cannot read IP mode file for portGmbH.I-Cube-SoM-uGOAL.1.1.0
2025-03-10 12:27:15,091 [WARN] PackLoader:240 - Cannot read IP mode file for STMicroelectronics.X-CUBE-AZRTOS-H7RS.1.0.0
2025-03-10 12:27:15,104 [WARN] PackLoader:240 - Cannot read IP mode file for STMicroelectronics.X-CUBE-TOF1.3.4.2
2025-03-10 12:27:15,115 [INFO] ThirdParty:978 - Integrity check success = true
2025-03-10 12:27:15,116 [INFO] IntegrityCheckThread:100 - exiting critical section [integrity check]
2025-03-10 12:27:15,116 [INFO] IntegrityCheckThread:103 - End integrity checks thread
2025-03-10 12:27:15,894 [INFO] WebApp:167 - Instantiating new browser for Auth
2025-03-10 12:27:17,242 [INFO] WebApp:448 - Apply proxy settings
2025-03-10 12:27:17,242 [INFO] WebApp:533 - Chromium requires no authentication
2025-03-10 12:27:17,260 [INFO] WebApp:476 - Direct internet connection detected
2025-03-10 12:27:17,310 [INFO] WebApp:869 - Register for checkConnection events
2025-03-10 12:27:17,310 [INFO] WebApp:448 - Apply proxy settings
2025-03-10 12:27:17,311 [INFO] WebApp:533 - Chromium requires no authentication
2025-03-10 12:27:17,312 [INFO] WebApp:476 - Direct internet connection detected
2025-03-10 12:27:17,548 [INFO] WebApp:220 - Starting web application
2025-03-10 12:27:17,549 [INFO] WebApp:578 - Web application path used C:\ST\STM32CubeIDE_1.16.0\STM32CubeIDE\plugins\com.st.stm32cube.common.mx_6.12.0.202406281431\db\plugins\mcufinder\reactClient1\index.html
2025-03-10 12:27:17,557 [INFO] WebApp:186 - Connection restablished
2025-03-10 12:27:17,690 [INFO] UserAuth:417 - Internet connection configuration mode: 1
2025-03-10 17:03:01,246 [ERROR] LogOutputStream:75 - [STDERR_REDIRECT] 
