2025-03-19 08:05:11,098 [INFO] Activator:176 - 


2025-03-19 08:05:11,098 [INFO] Activator:177 - !SESSION log4j initialized
2025-03-19 08:05:18,172 [INFO] LogOutputStream:77 - [STDOUT_REDIRECT] 
2025-03-19 08:05:20,494 [INFO] ApplicationProperties:184 - Using Application install path: C:\ST\STM32CubeIDE_1.16.0\STM32CubeIDE\plugins\com.st.stm32cube.common.mx_6.12.0.202406281431
2025-03-19 08:05:20,523 [INFO] DbMcusXml:78 - Set database path to: C:\ST\STM32CubeIDE_1.16.0\STM32CubeIDE\plugins\com.st.stm32cube.common.mx_6.12.0.202406281431\\db\/mcu/
2025-03-19 08:05:20,523 [INFO] ApiDb:274 - Set plugin database path to: C:\ST\STM32CubeIDE_1.16.0\STM32CubeIDE\plugins\com.st.stm32cube.common.mx_6.12.0.202406281431\\db\/plugins/boardmanager/
2025-03-19 08:05:20,523 [WARN] ApiDb:259 - Overriding images path with different value:  => C:\ST\STM32CubeIDE_1.16.0\STM32CubeIDE\plugins\com.st.stm32cube.common.mx_6.12.0.202406281431\\db\/plugins/mcufinder/images/
2025-03-19 08:05:20,543 [INFO] ApiDb:250 - Set database path to: C:\Users\thaweechock.m\.stmcufinder\plugins\mcufinder//mcu/
2025-03-19 08:05:20,544 [INFO] DbMcusAds:125 - Set database path to: C:\Users\thaweechock.m\.stmcufinder\plugins\mcufinder//mcu/
2025-03-19 08:05:20,547 [INFO] CrossReferenceDbSqlite:203 - Set database path to: C:\Users\thaweechock.m\.stmcufinder\plugins\mcufinder//mcu/cs/
2025-03-19 08:05:20,676 [INFO] RulesReader:64 - Compatibility file has been processed (297 Rules)
2025-03-19 08:05:20,803 [INFO] DbMcusXml:78 - Set database path to: C:\ST\STM32CubeIDE_1.16.0\STM32CubeIDE\plugins\com.st.stm32cube.common.mx_6.12.0.202406281431\\db\/mcu/
2025-03-19 08:05:20,803 [INFO] ApiDb:274 - Set plugin database path to: C:\ST\STM32CubeIDE_1.16.0\STM32CubeIDE\plugins\com.st.stm32cube.common.mx_6.12.0.202406281431\\db\/plugins/boardmanager/
2025-03-19 08:05:20,803 [INFO] ApiDb:261 - Set plugin images path to: C:\ST\STM32CubeIDE_1.16.0\STM32CubeIDE\plugins\com.st.stm32cube.common.mx_6.12.0.202406281431\\db\/plugins/mcufinder/images/
2025-03-19 08:05:20,803 [WARN] DbFile:41 - Overriding database path with different value: C:\Users\thaweechock.m\.stmcufinder\plugins\mcufinder/ => C:\Users\thaweechock.m\.stmcufinder\plugins\mcufinder
2025-03-19 08:05:20,803 [INFO] ApiDb:250 - Set database path to: C:\Users\thaweechock.m\.stmcufinder\plugins\mcufinder//mcu/
2025-03-19 08:05:20,803 [WARN] DbFile:41 - Overriding database path with different value: C:\Users\thaweechock.m\.stmcufinder\plugins\mcufinder/ => C:\Users\thaweechock.m\.stmcufinder\plugins\mcufinder
2025-03-19 08:05:20,803 [INFO] DbMcusAds:125 - Set database path to: C:\Users\thaweechock.m\.stmcufinder\plugins\mcufinder//mcu/
2025-03-19 08:05:20,803 [WARN] DbFile:41 - Overriding database path with different value: C:\Users\thaweechock.m\.stmcufinder\plugins\mcufinder/ => C:\Users\thaweechock.m\.stmcufinder\plugins\mcufinder
2025-03-19 08:05:20,803 [WARN] DbFile:41 - Overriding database path with different value: C:\Users\thaweechock.m\.stmcufinder\plugins\mcufinder/ => C:\Users\thaweechock.m\.stmcufinder\plugins\mcufinder
2025-03-19 08:05:20,803 [INFO] CrossReferenceDbSqlite:203 - Set database path to: C:\Users\thaweechock.m\.stmcufinder\plugins\mcufinder//mcu/cs/
2025-03-19 08:05:20,914 [INFO] MainPanel:268 - HeapMemory: 268435456
2025-03-19 08:05:21,039 [INFO] DbMcusXml:78 - Set database path to: C:\ST\STM32CubeIDE_1.16.0\STM32CubeIDE\plugins\com.st.stm32cube.common.mx_6.12.0.202406281431\\db\/mcu/
2025-03-19 08:05:21,039 [INFO] ApiDb:274 - Set plugin database path to: C:\ST\STM32CubeIDE_1.16.0\STM32CubeIDE\plugins\com.st.stm32cube.common.mx_6.12.0.202406281431\\db\/plugins/boardmanager/
2025-03-19 08:05:21,039 [INFO] ApiDb:261 - Set plugin images path to: C:\ST\STM32CubeIDE_1.16.0\STM32CubeIDE\plugins\com.st.stm32cube.common.mx_6.12.0.202406281431\\db\/plugins/mcufinder/images/
2025-03-19 08:05:21,039 [WARN] DbFile:41 - Overriding database path with different value: C:\Users\thaweechock.m\.stmcufinder\plugins\mcufinder/ => C:\Users\thaweechock.m\.stmcufinder\plugins\mcufinder
2025-03-19 08:05:21,039 [INFO] ApiDb:250 - Set database path to: C:\Users\thaweechock.m\.stmcufinder\plugins\mcufinder//mcu/
2025-03-19 08:05:21,039 [WARN] DbFile:41 - Overriding database path with different value: C:\Users\thaweechock.m\.stmcufinder\plugins\mcufinder/ => C:\Users\thaweechock.m\.stmcufinder\plugins\mcufinder
2025-03-19 08:05:21,039 [INFO] DbMcusAds:125 - Set database path to: C:\Users\thaweechock.m\.stmcufinder\plugins\mcufinder//mcu/
2025-03-19 08:05:21,039 [WARN] DbFile:41 - Overriding database path with different value: C:\Users\thaweechock.m\.stmcufinder\plugins\mcufinder/ => C:\Users\thaweechock.m\.stmcufinder\plugins\mcufinder
2025-03-19 08:05:21,039 [WARN] DbFile:41 - Overriding database path with different value: C:\Users\thaweechock.m\.stmcufinder\plugins\mcufinder/ => C:\Users\thaweechock.m\.stmcufinder\plugins\mcufinder
2025-03-19 08:05:21,039 [INFO] CrossReferenceDbSqlite:203 - Set database path to: C:\Users\thaweechock.m\.stmcufinder\plugins\mcufinder//mcu/cs/
2025-03-19 08:05:21,055 [INFO] ApplicationProperties:184 - Using Application install path: C:\ST\STM32CubeIDE_1.16.0\STM32CubeIDE\plugins\com.st.stm32cube.common.mx_6.12.0.202406281431
2025-03-19 08:05:21,055 [INFO] PluginManage:196 - Search for loadable plugins [exclusion list=, ]
2025-03-19 08:05:21,055 [INFO] PluginManage:310 - Check plugin analytics
2025-03-19 08:05:21,307 [INFO] AnalyticsPlugin:253 - Accepted Software Licenses: 
2025-03-19 08:05:21,307 [INFO] AnalyticsPlugin:255 - Accepted CMSIS Pack Licenses: 
2025-03-19 08:05:21,307 [INFO] AnalyticsPlugin:257 - Accepted Firmware Licenses: FW.L4.1.18.0
2025-03-19 08:05:21,322 [INFO] PluginManage:359 - Loaded plugin analytics (category:tool,tabindex:-1)
2025-03-19 08:05:21,322 [INFO] PluginManage:310 - Check plugin cadmodel
2025-03-19 08:05:21,339 [INFO] CADModel:105 - Init CAD model plugin
2025-03-19 08:05:21,339 [INFO] PluginManage:359 - Loaded plugin cadmodel (category:power,tabindex:5)
2025-03-19 08:05:21,339 [INFO] PluginManage:310 - Check plugin clock
2025-03-19 08:05:21,371 [INFO] PluginManage:359 - Loaded plugin clock (category:base,tabindex:2)
2025-03-19 08:05:21,371 [INFO] PluginManage:310 - Check plugin ddr
2025-03-19 08:05:21,371 [INFO] PluginManage:359 - Loaded plugin ddr (category:tool,tabindex:6)
2025-03-19 08:05:21,371 [INFO] PluginManage:310 - Check plugin filemanager
2025-03-19 08:05:21,533 [INFO] PluginManage:359 - Loaded plugin filemanager (category:base,tabindex:10)
2025-03-19 08:05:21,533 [INFO] PluginManage:310 - Check plugin ipmanager
2025-03-19 08:05:21,553 [INFO] PluginManage:359 - Loaded plugin ipmanager (category:base,tabindex:5)
2025-03-19 08:05:21,553 [INFO] PluginManage:310 - Check plugin lpbam
2025-03-19 08:05:21,579 [INFO] PluginManage:359 - Loaded plugin lpbam (category:base,tabindex:0)
2025-03-19 08:05:21,580 [INFO] PluginManage:310 - Check plugin memorymap
2025-03-19 08:05:21,614 [INFO] PluginManage:359 - Loaded plugin memorymap (category:base,tabindex:4)
2025-03-19 08:05:21,614 [INFO] PluginManage:310 - Check plugin pinoutandconfiguration
2025-03-19 08:05:21,633 [INFO] PluginManage:359 - Loaded plugin pinoutandconfiguration (category:base,tabindex:1)
2025-03-19 08:05:21,633 [INFO] PluginManage:310 - Check plugin pinoutconfig
2025-03-19 08:05:21,764 [WARN] SupportedApi:132 - Cannot load RTOS API schema: s4s-elt-must-match.1: The content of 'definitions' must match (annotation?, (simpleType | complexType)?, (unique | key | keyref)*)). A problem was found starting at: attribute.
2025-03-19 08:05:21,938 [INFO] PluginManage:359 - Loaded plugin pinoutconfig (category:base,tabindex:0)
2025-03-19 08:05:21,938 [INFO] PluginManage:310 - Check plugin power
2025-03-19 08:05:21,954 [INFO] PluginManage:359 - Loaded plugin power (category:power,tabindex:4)
2025-03-19 08:05:21,954 [INFO] PluginManage:310 - Check plugin projectmanager
2025-03-19 08:05:21,970 [INFO] PluginManage:359 - Loaded plugin projectmanager (category:projectmanager,tabindex:4)
2025-03-19 08:05:21,970 [INFO] PluginManage:310 - Check plugin rif
2025-03-19 08:05:22,001 [INFO] PluginManage:359 - Loaded plugin rif (category:base,tabindex:3)
2025-03-19 08:05:22,001 [INFO] PluginManage:310 - Check plugin thirdparty
2025-03-19 08:05:22,316 [WARN] IntegrityCheckThread:84 - waiting for thirdparty lock release [integrity check]
2025-03-19 08:05:22,316 [INFO] PluginManage:359 - Loaded plugin thirdparty (category:base,tabindex:-1)
2025-03-19 08:05:22,316 [INFO] IntegrityCheckThread:86 - entering critical section [integrity check]
2025-03-19 08:05:22,316 [INFO] PluginManage:310 - Check plugin tools
2025-03-19 08:05:22,316 [INFO] ThirdPartyUpdaterWithRetryManager:70 - Updater plugin not ready yet. [1/15]
2025-03-19 08:05:22,349 [INFO] PluginManage:359 - Loaded plugin tools (category:base,tabindex:7)
2025-03-19 08:05:22,349 [INFO] PluginManage:310 - Check plugin tutovideos
2025-03-19 08:05:22,600 [INFO] PluginManage:359 - Loaded plugin tutovideos (category:base,tabindex:-1)
2025-03-19 08:05:22,600 [INFO] PluginManage:310 - Check plugin updater
2025-03-19 08:05:22,620 [INFO] PluginManage:359 - Loaded plugin updater (category:base,tabindex:12)
2025-03-19 08:05:22,620 [INFO] PluginManage:310 - Check plugin userauth
2025-03-19 08:05:22,636 [INFO] UserAuth:113 - Init User Auth plugin
2025-03-19 08:05:22,636 [INFO] PluginManage:359 - Loaded plugin userauth (category:base,tabindex:14)
2025-03-19 08:05:22,639 [INFO] PluginManage:283 - PluginManage : Loaded plugins [18]
2025-03-19 08:05:22,919 [INFO] PinOutPanel:1561 - setPackage(No Configuration,No Configuration)
2025-03-19 08:05:23,048 [INFO] CADModel:165 - CPN selected for project level
2025-03-19 08:05:23,048 [INFO] CADModel:114 - Register for checkConnection events
2025-03-19 08:05:23,106 [INFO] IPUIPlugin:80 - create IPUIPlugin
2025-03-19 08:05:23,106 [INFO] PluginManager:220 - loadIPPluginJar : add adc
2025-03-19 08:05:23,156 [INFO] IPUIPlugin:80 - create IPUIPlugin
2025-03-19 08:05:23,156 [INFO] PluginManager:220 - loadIPPluginJar : add aes
2025-03-19 08:05:23,205 [INFO] IPUIPlugin:80 - create IPUIPlugin
2025-03-19 08:05:23,205 [INFO] PluginManager:220 - loadIPPluginJar : add can
2025-03-19 08:05:23,237 [INFO] IPUIPlugin:80 - create IPUIPlugin
2025-03-19 08:05:23,237 [INFO] PluginManager:220 - loadIPPluginJar : add comp
2025-03-19 08:05:23,270 [INFO] IPUIPlugin:80 - create IPUIPlugin
2025-03-19 08:05:23,270 [INFO] PluginManager:220 - loadIPPluginJar : add cryp
2025-03-19 08:05:23,303 [INFO] IPUIPlugin:80 - create IPUIPlugin
2025-03-19 08:05:23,303 [INFO] PluginManager:220 - loadIPPluginJar : add ddr_ctrl_phy
2025-03-19 08:05:23,349 [INFO] IPUIPlugin:80 - create IPUIPlugin
2025-03-19 08:05:23,351 [INFO] PluginManager:220 - loadIPPluginJar : add dfsdm
2025-03-19 08:05:23,368 [INFO] IPUIPlugin:80 - create IPUIPlugin
2025-03-19 08:05:23,369 [INFO] PluginManager:220 - loadIPPluginJar : add dma
2025-03-19 08:05:23,427 [INFO] IPUIPlugin:80 - create IPUIPlugin
2025-03-19 08:05:23,427 [INFO] PluginManager:220 - loadIPPluginJar : add dma3
2025-03-19 08:05:23,482 [INFO] IPUIPlugin:80 - create IPUIPlugin
2025-03-19 08:05:23,482 [INFO] PluginManager:220 - loadIPPluginJar : add extmemmanager
2025-03-19 08:05:23,503 [INFO] IPUIPlugin:80 - create IPUIPlugin
2025-03-19 08:05:23,503 [INFO] PluginManager:220 - loadIPPluginJar : add fatfs
2025-03-19 08:05:23,550 [INFO] IPUIPlugin:80 - create IPUIPlugin
2025-03-19 08:05:23,550 [INFO] PluginManager:220 - loadIPPluginJar : add fmc
2025-03-19 08:05:23,566 [INFO] IPUIPlugin:80 - create IPUIPlugin
2025-03-19 08:05:23,566 [INFO] PluginManager:220 - loadIPPluginJar : add freertos
2025-03-19 08:05:23,613 [INFO] IPUIPlugin:80 - create IPUIPlugin
2025-03-19 08:05:23,613 [INFO] PluginManager:220 - loadIPPluginJar : add genericplugin
2025-03-19 08:05:23,740 [INFO] IPUIPlugin:80 - create IPUIPlugin
2025-03-19 08:05:23,740 [INFO] PluginManager:220 - loadIPPluginJar : add gfxmmu
2025-03-19 08:05:23,881 [INFO] IPUIPlugin:80 - create IPUIPlugin
2025-03-19 08:05:23,881 [INFO] PluginManager:220 - loadIPPluginJar : add gic
2025-03-19 08:05:23,896 [INFO] IPUIPlugin:80 - create IPUIPlugin
2025-03-19 08:05:23,896 [INFO] PluginManager:220 - loadIPPluginJar : add gpio
2025-03-19 08:05:24,026 [INFO] IPUIPlugin:80 - create IPUIPlugin
2025-03-19 08:05:24,026 [INFO] PluginManager:220 - loadIPPluginJar : add gtzc
2025-03-19 08:05:24,069 [INFO] IPUIPlugin:80 - create IPUIPlugin
2025-03-19 08:05:24,069 [INFO] PluginManager:220 - loadIPPluginJar : add hash
2025-03-19 08:05:24,132 [INFO] IPUIPlugin:80 - create IPUIPlugin
2025-03-19 08:05:24,132 [INFO] PluginManager:220 - loadIPPluginJar : add i2c
2025-03-19 08:05:24,164 [INFO] IPUIPlugin:80 - create IPUIPlugin
2025-03-19 08:05:24,164 [INFO] PluginManager:220 - loadIPPluginJar : add i2s
2025-03-19 08:05:24,210 [INFO] IPUIPlugin:80 - create IPUIPlugin
2025-03-19 08:05:24,210 [INFO] PluginManager:220 - loadIPPluginJar : add i3c
2025-03-19 08:05:24,305 [INFO] IPUIPlugin:80 - create IPUIPlugin
2025-03-19 08:05:24,305 [INFO] PluginManager:220 - loadIPPluginJar : add ipddr
2025-03-19 08:05:24,399 [INFO] IPUIPlugin:80 - create IPUIPlugin
2025-03-19 08:05:24,399 [INFO] PluginManager:220 - loadIPPluginJar : add linkedlist
2025-03-19 08:05:24,446 [INFO] IPUIPlugin:80 - create IPUIPlugin
2025-03-19 08:05:24,446 [INFO] PluginManager:220 - loadIPPluginJar : add lorawan
2025-03-19 08:05:24,497 [INFO] IPUIPlugin:80 - create IPUIPlugin
2025-03-19 08:05:24,497 [INFO] PluginManager:220 - loadIPPluginJar : add ltdc
2025-03-19 08:05:24,521 [INFO] IPUIPlugin:80 - create IPUIPlugin
2025-03-19 08:05:24,521 [INFO] PluginManager:220 - loadIPPluginJar : add mdma
2025-03-19 08:05:24,544 [INFO] IPUIPlugin:80 - create IPUIPlugin
2025-03-19 08:05:24,545 [INFO] PluginManager:220 - loadIPPluginJar : add nvic
2025-03-19 08:05:24,603 [INFO] IPUIPlugin:80 - create IPUIPlugin
2025-03-19 08:05:24,603 [INFO] PluginManager:220 - loadIPPluginJar : add opamp
2025-03-19 08:05:24,701 [INFO] IPUIPlugin:80 - create IPUIPlugin
2025-03-19 08:05:24,701 [INFO] PluginManager:220 - loadIPPluginJar : add openamp
2025-03-19 08:05:24,744 [INFO] IPUIPlugin:80 - create IPUIPlugin
2025-03-19 08:05:24,744 [INFO] PluginManager:220 - loadIPPluginJar : add pdm2pcm
2025-03-19 08:05:24,759 [INFO] IPUIPlugin:80 - create IPUIPlugin
2025-03-19 08:05:24,759 [INFO] PluginManager:220 - loadIPPluginJar : add plateformsettings
2025-03-19 08:05:24,790 [INFO] IPUIPlugin:80 - create IPUIPlugin
2025-03-19 08:05:24,790 [INFO] PluginManager:220 - loadIPPluginJar : add quadspi
2025-03-19 08:05:24,822 [INFO] IPUIPlugin:80 - create IPUIPlugin
2025-03-19 08:05:24,822 [INFO] PluginManager:220 - loadIPPluginJar : add radio
2025-03-19 08:05:24,837 [INFO] IPUIPlugin:80 - create IPUIPlugin
2025-03-19 08:05:24,837 [INFO] PluginManager:220 - loadIPPluginJar : add resmgrutility
2025-03-19 08:05:24,900 [INFO] IPUIPlugin:80 - create IPUIPlugin
2025-03-19 08:05:24,900 [INFO] PluginManager:220 - loadIPPluginJar : add sai
2025-03-19 08:05:24,947 [INFO] IPUIPlugin:80 - create IPUIPlugin
2025-03-19 08:05:24,947 [INFO] PluginManager:220 - loadIPPluginJar : add spi
2025-03-19 08:05:25,038 [INFO] IPUIPlugin:80 - create IPUIPlugin
2025-03-19 08:05:25,038 [INFO] PluginManager:220 - loadIPPluginJar : add stm32_wpan
2025-03-19 08:05:25,065 [INFO] IPUIPlugin:80 - create IPUIPlugin
2025-03-19 08:05:25,065 [INFO] PluginManager:220 - loadIPPluginJar : add tim
2025-03-19 08:05:25,138 [INFO] IPUIPlugin:80 - create IPUIPlugin
2025-03-19 08:05:25,138 [INFO] PluginManager:220 - loadIPPluginJar : add touchsensing
2025-03-19 08:05:25,153 [INFO] IPUIPlugin:80 - create IPUIPlugin
2025-03-19 08:05:25,153 [INFO] PluginManager:220 - loadIPPluginJar : add tracer_emb
2025-03-19 08:05:25,185 [INFO] IPUIPlugin:80 - create IPUIPlugin
2025-03-19 08:05:25,185 [INFO] PluginManager:220 - loadIPPluginJar : add ts
2025-03-19 08:05:25,216 [INFO] IPUIPlugin:80 - create IPUIPlugin
2025-03-19 08:05:25,216 [INFO] PluginManager:220 - loadIPPluginJar : add tsc
2025-03-19 08:05:25,238 [INFO] IPUIPlugin:80 - create IPUIPlugin
2025-03-19 08:05:25,238 [INFO] PluginManager:220 - loadIPPluginJar : add ucpd
2025-03-19 08:05:25,294 [INFO] IPUIPlugin:80 - create IPUIPlugin
2025-03-19 08:05:25,294 [INFO] PluginManager:220 - loadIPPluginJar : add usart
2025-03-19 08:05:25,326 [INFO] ThirdPartyUpdaterWithRetryManager:70 - Updater plugin not ready yet. [2/15]
2025-03-19 08:05:25,342 [INFO] IPUIPlugin:80 - create IPUIPlugin
2025-03-19 08:05:25,342 [INFO] PluginManager:220 - loadIPPluginJar : add usbx
2025-03-19 08:05:25,481 [INFO] CADModel:165 - CPN selected for project level
2025-03-19 08:05:25,481 [INFO] CADModel:114 - Register for checkConnection events
2025-03-19 08:05:25,481 [FATAL] Updater:334 - Updater called before beeing initialized
2025-03-19 08:05:25,481 [ERROR] CADModel:125 - Updater not yet initialized, retry later 
2025-03-19 08:05:25,636 [INFO] CADModel:165 - CPN selected for project level
2025-03-19 08:05:25,636 [INFO] CADModel:114 - Register for checkConnection events
2025-03-19 08:05:25,636 [FATAL] Updater:334 - Updater called before beeing initialized
2025-03-19 08:05:25,636 [ERROR] CADModel:125 - Updater not yet initialized, retry later 
2025-03-19 08:05:25,639 [FATAL] Updater:334 - Updater called before beeing initialized
2025-03-19 08:05:25,761 [FATAL] Updater:334 - Updater called before beeing initialized
2025-03-19 08:05:25,773 [INFO] DbMcusAds:53 - JSON generation date=Thu Mar 06 21:54:21 ICT 2025 (1741272861825)
2025-03-19 08:05:25,773 [FATAL] Updater:334 - Updater called before beeing initialized
2025-03-19 08:05:25,802 [WARN] DetailPanel:346 - Failed to get advertising image, set to default
2025-03-19 08:05:25,898 [FATAL] Updater:334 - Updater called before beeing initialized
2025-03-19 08:05:25,901 [FATAL] Updater:334 - Updater called before beeing initialized
2025-03-19 08:05:25,901 [FATAL] Updater:334 - Updater called before beeing initialized
2025-03-19 08:05:25,901 [WARN] DetailPanel:346 - Failed to get advertising image, set to default
2025-03-19 08:05:25,901 [FATAL] Updater:334 - Updater called before beeing initialized
2025-03-19 08:05:25,969 [ERROR] Updater:1164 - MainUpdater not yet initialized. External WinMGr cannot be set.
2025-03-19 08:05:25,979 [INFO] Updater:1100 - Updater Version found : 6.12.0
2025-03-19 08:05:26,003 [INFO] ApplicationProperties:184 - Using Application install path: C:\ST\STM32CubeIDE_1.16.0\STM32CubeIDE\plugins\com.st.stm32cube.common.mx_6.12.0.202406281431
2025-03-19 08:05:26,585 [INFO] MainUpdater:2873 - connection check result : 10
2025-03-19 08:05:26,585 [INFO] MainUpdater:290 - Updater Check For Update Now.
2025-03-19 08:05:26,585 [INFO] MicroXplorer:498 - Change Database Version : DB.6.0.120
2025-03-19 08:05:26,610 [INFO] McuFinderGlobals:63 - Set McuFinder mode to 2 (CubeIDE integrated)
2025-03-19 08:05:26,619 [INFO] UserAuth:417 - Internet connection configuration mode: 1
2025-03-19 08:05:26,663 [INFO] JxBrowserEngine:152 - Initiate JxBrowser Engine with user profile folder
2025-03-19 08:05:26,827 [INFO] CheckServerUpdateThread:120 - End of CheckServer Thread
2025-03-19 08:05:28,703 [WARN] PackLoader:240 - Cannot read IP mode file for STMicroelectronics.FP-SNS-MOTENVWB1.1.4.0
2025-03-19 08:05:28,729 [WARN] PackLoader:240 - Cannot read IP mode file for STMicroelectronics.FP-ATR-ASTRA1.2.0.2
2025-03-19 08:05:28,751 [WARN] PackLoader:240 - Cannot read IP mode file for STMicroelectronics.FP-ATR-ASTRA1.2.0.1
2025-03-19 08:05:28,773 [WARN] PackLoader:240 - Cannot read IP mode file for STMicroelectronics.X-CUBE-SMBUS.2.1.0
2025-03-19 08:05:28,795 [WARN] PackLoader:240 - Cannot read IP mode file for STMicroelectronics.X-CUBE-WB05N.1.1.0
2025-03-19 08:05:28,920 [WARN] PackLoader:240 - Cannot read IP mode file for STMicroelectronics.X-CUBE-AZRTOS-F7.1.1.0
2025-03-19 08:05:28,950 [WARN] PackLoader:240 - Cannot read IP mode file for STMicroelectronics.FP-SNS-FLIGHT1.5.0.2
2025-03-19 08:05:29,004 [WARN] PackLoader:240 - Cannot read IP mode file for Infineon.AIROC-Wi-Fi-Bluetooth-STM32.1.7.0
2025-03-19 08:05:29,046 [WARN] PackLoader:240 - Cannot read IP mode file for STMicroelectronics.X-CUBE-DISPLAY.3.0.0
2025-03-19 08:05:29,068 [WARN] PackLoader:240 - Cannot read IP mode file for STMicroelectronics.X-CUBE-BLE1.7.0.0
2025-03-19 08:05:29,088 [WARN] PackLoader:240 - Cannot read IP mode file for STMicroelectronics.X-CUBE-NFC10.1.0.0
2025-03-19 08:05:29,109 [WARN] PackLoader:240 - Cannot read IP mode file for emotas.I-CUBE-CANOPEN.1.3.0
2025-03-19 08:05:29,128 [WARN] ConditionMgr:438 - getConditionDescription Invalid condition id : Cortex-A Device cause : null
2025-03-19 08:05:29,164 [WARN] ConditionMgr:1039 - genDependencies : Invalid condition id : Cortex-A Device cause : null
2025-03-19 08:05:29,164 [WARN] ConditionMgr:1039 - genDependencies : Invalid condition id : Cortex-A Device cause : null
2025-03-19 08:05:29,164 [WARN] ConditionMgr:1039 - genDependencies : Invalid condition id : Cortex-A Device cause : null
2025-03-19 08:05:29,185 [WARN] PackLoader:240 - Cannot read IP mode file for STMicroelectronics.FP-SNS-SMARTAG2.1.2.0
2025-03-19 08:05:29,208 [ERROR] Engine:466 - C:\Users\thaweechock.m\.stm32cubemx\thirdparties\pdsc\STMicroelectronics.FP-SNS-FLIGHT1.5.1.0.pdsc: PDSC version is not supported
2025-03-19 08:05:29,329 [WARN] PackLoader:240 - Cannot read IP mode file for STMicroelectronics.X-CUBE-MEMS1.11.1.0
2025-03-19 08:05:29,516 [INFO] LogOutputStream:77 - [STDOUT_REDIRECT] 1 : Invalid condition id : UX_CORESTACK_Condition cause : null
2025-03-19 08:05:29,516 [INFO] LogOutputStream:77 - [STDOUT_REDIRECT] 1 : Invalid condition id : UX_CORESTACK_Condition cause : null
2025-03-19 08:05:29,523 [INFO] LogOutputStream:77 - [STDOUT_REDIRECT] 1 : Invalid condition id : UX_CORESTACK_Condition cause : null
2025-03-19 08:05:29,524 [INFO] LogOutputStream:77 - [STDOUT_REDIRECT] 1 : Invalid condition id : UX_CORESTACK_Condition cause : null
2025-03-19 08:05:29,527 [INFO] LogOutputStream:77 - [STDOUT_REDIRECT] 1 : Invalid condition id : UX_CORESTACK_Condition cause : null
2025-03-19 08:05:29,527 [WARN] PackLoader:240 - Cannot read IP mode file for STMicroelectronics.X-CUBE-AZRTOS-WL.2.0.0
2025-03-19 08:05:29,565 [WARN] PackLoader:240 - Cannot read IP mode file for STMicroelectronics.FP-SNS-MOTENV1.5.0.0
2025-03-19 08:05:29,605 [WARN] PackLoader:240 - Cannot read IP mode file for WES.I-CUBE-Cesium.1.3.0
2025-03-19 08:05:29,621 [WARN] PackLoader:240 - Cannot read IP mode file for STMicroelectronics.X-CUBE-BLE2.3.3.0
2025-03-19 08:05:29,654 [WARN] PackLoader:240 - Cannot read IP mode file for STMicroelectronics.X-CUBE-NFC9.1.0.0
2025-03-19 08:05:29,681 [WARN] PackLoader:240 - Cannot read IP mode file for STMicroelectronics.X-CUBE-BLE1.7.1.0
2025-03-19 08:05:29,719 [WARN] PackLoader:240 - Cannot read IP mode file for wolfSSL.I-CUBE-wolfMQTT.1.19.2
2025-03-19 08:05:29,775 [WARN] PackLoader:240 - Cannot read IP mode file for STMicroelectronics.X-CUBE-AZRTOS-G0.1.1.0
2025-03-19 08:05:29,808 [WARN] PackLoader:240 - Cannot read IP mode file for STMicroelectronics.X-CUBE-SAFEA1.1.2.2
2025-03-19 08:05:29,845 [WARN] PackLoader:240 - Cannot read IP mode file for STMicroelectronics.X-CUBE-NFC4.3.0.0
2025-03-19 08:05:29,880 [WARN] PackLoader:240 - Cannot read IP mode file for EmbeddedOffice.I-CUBE-FS-RTOS.1.0.1
2025-03-19 08:05:29,880 [ERROR] ConditionMgr:805 - Attr not supported : Dmpu
2025-03-19 08:05:29,880 [ERROR] ConditionMgr:805 - Attr not supported : Dmpu
2025-03-19 08:05:29,880 [ERROR] ConditionMgr:805 - Attr not supported : Dmpu
2025-03-19 08:05:29,880 [ERROR] ConditionMgr:805 - Attr not supported : Dmpu
2025-03-19 08:05:29,880 [ERROR] ConditionMgr:805 - Attr not supported : Dmpu
2025-03-19 08:05:29,880 [ERROR] ConditionMgr:805 - Attr not supported : Dmpu
2025-03-19 08:05:29,880 [ERROR] ConditionMgr:805 - Attr not supported : Dmpu
2025-03-19 08:05:29,880 [ERROR] ConditionMgr:805 - Attr not supported : Dmpu
2025-03-19 08:05:29,880 [ERROR] ConditionMgr:805 - Attr not supported : Dmpu
2025-03-19 08:05:29,880 [ERROR] ConditionMgr:805 - Attr not supported : Dmpu
2025-03-19 08:05:29,880 [ERROR] ConditionMgr:805 - Attr not supported : Dmpu
2025-03-19 08:05:29,880 [ERROR] ConditionMgr:805 - Attr not supported : Dmpu
2025-03-19 08:05:29,880 [ERROR] ConditionMgr:805 - Attr not supported : Dmpu
2025-03-19 08:05:29,880 [ERROR] ConditionMgr:805 - Attr not supported : Dmpu
2025-03-19 08:05:29,880 [ERROR] ConditionMgr:805 - Attr not supported : Dmpu
2025-03-19 08:05:29,880 [ERROR] ConditionMgr:805 - Attr not supported : Dmpu
2025-03-19 08:05:29,880 [ERROR] ConditionMgr:805 - Attr not supported : Dmpu
2025-03-19 08:05:29,880 [ERROR] ConditionMgr:805 - Attr not supported : Dmpu
2025-03-19 08:05:29,880 [ERROR] ConditionMgr:805 - Attr not supported : Dmpu
2025-03-19 08:05:29,880 [ERROR] ConditionMgr:805 - Attr not supported : Dmpu
2025-03-19 08:05:29,880 [ERROR] ConditionMgr:805 - Attr not supported : Dmpu
2025-03-19 08:05:29,880 [ERROR] ConditionMgr:805 - Attr not supported : Dmpu
2025-03-19 08:05:29,880 [ERROR] ConditionMgr:805 - Attr not supported : Dmpu
2025-03-19 08:05:29,880 [ERROR] ConditionMgr:805 - Attr not supported : Dmpu
2025-03-19 08:05:29,880 [ERROR] ConditionMgr:805 - Attr not supported : Dmpu
2025-03-19 08:05:29,889 [ERROR] ConditionMgr:805 - Attr not supported : Dmpu
2025-03-19 08:05:29,889 [ERROR] ConditionMgr:805 - Attr not supported : Dmpu
2025-03-19 08:05:29,890 [ERROR] ConditionMgr:805 - Attr not supported : Dmpu
2025-03-19 08:05:29,890 [ERROR] ConditionMgr:805 - Attr not supported : Dmpu
2025-03-19 08:05:29,890 [ERROR] ConditionMgr:805 - Attr not supported : Dmpu
2025-03-19 08:05:29,890 [ERROR] ConditionMgr:805 - Attr not supported : Dmpu
2025-03-19 08:05:29,890 [ERROR] ConditionMgr:805 - Attr not supported : Dmpu
2025-03-19 08:05:29,890 [ERROR] ConditionMgr:805 - Attr not supported : Dmpu
2025-03-19 08:05:29,890 [ERROR] ConditionMgr:805 - Attr not supported : Dmpu
2025-03-19 08:05:29,890 [ERROR] ConditionMgr:805 - Attr not supported : Dmpu
2025-03-19 08:05:29,890 [ERROR] ConditionMgr:805 - Attr not supported : Dmpu
2025-03-19 08:05:29,890 [ERROR] ConditionMgr:805 - Attr not supported : Dmpu
2025-03-19 08:05:29,891 [ERROR] ConditionMgr:805 - Attr not supported : Dmpu
2025-03-19 08:05:29,891 [ERROR] ConditionMgr:805 - Attr not supported : Dmpu
2025-03-19 08:05:29,891 [ERROR] ConditionMgr:805 - Attr not supported : Dmpu
2025-03-19 08:05:29,891 [ERROR] ConditionMgr:805 - Attr not supported : Dmpu
2025-03-19 08:05:29,891 [ERROR] ConditionMgr:805 - Attr not supported : Dmpu
2025-03-19 08:05:29,891 [ERROR] ConditionMgr:805 - Attr not supported : Dmpu
2025-03-19 08:05:29,891 [ERROR] ConditionMgr:805 - Attr not supported : Dmpu
2025-03-19 08:05:29,891 [ERROR] ConditionMgr:805 - Attr not supported : Dmpu
2025-03-19 08:05:29,891 [ERROR] ConditionMgr:805 - Attr not supported : Dmpu
2025-03-19 08:05:29,891 [ERROR] ConditionMgr:805 - Attr not supported : Dmpu
2025-03-19 08:05:29,891 [ERROR] ConditionMgr:805 - Attr not supported : Dmpu
2025-03-19 08:05:29,891 [ERROR] ConditionMgr:805 - Attr not supported : Dmpu
2025-03-19 08:05:29,891 [ERROR] ConditionMgr:805 - Attr not supported : Dmpu
2025-03-19 08:05:29,891 [ERROR] ConditionMgr:805 - Attr not supported : Dmpu
2025-03-19 08:05:29,891 [ERROR] ConditionMgr:805 - Attr not supported : Dmpu
2025-03-19 08:05:29,891 [ERROR] ConditionMgr:805 - Attr not supported : Dmpu
2025-03-19 08:05:29,894 [ERROR] ConditionMgr:805 - Attr not supported : Dmpu
2025-03-19 08:05:29,894 [ERROR] ConditionMgr:805 - Attr not supported : Dmpu
2025-03-19 08:05:29,894 [ERROR] ConditionMgr:805 - Attr not supported : Dmpu
2025-03-19 08:05:29,894 [ERROR] ConditionMgr:805 - Attr not supported : Dmpu
2025-03-19 08:05:29,894 [ERROR] ConditionMgr:805 - Attr not supported : Dmpu
2025-03-19 08:05:29,894 [ERROR] ConditionMgr:805 - Attr not supported : Dmpu
2025-03-19 08:05:29,894 [ERROR] ConditionMgr:805 - Attr not supported : Dmpu
2025-03-19 08:05:29,894 [ERROR] ConditionMgr:805 - Attr not supported : Dmpu
2025-03-19 08:05:29,894 [ERROR] ConditionMgr:805 - Attr not supported : Dmpu
2025-03-19 08:05:29,894 [ERROR] ConditionMgr:805 - Attr not supported : Dmpu
2025-03-19 08:05:29,894 [ERROR] ConditionMgr:805 - Attr not supported : Dmpu
2025-03-19 08:05:29,923 [WARN] PackLoader:240 - Cannot read IP mode file for wolfSSL.I-CUBE-wolfTPM.3.8.0
2025-03-19 08:05:29,946 [ERROR] Engine:466 - C:\Users\thaweechock.m\.stm32cubemx\thirdparties\pdsc\STMicroelectronics.X-CUBE-TCPP.4.2.0.pdsc: PDSC version is not supported
2025-03-19 08:05:29,975 [WARN] PackLoader:240 - Cannot read IP mode file for RealThread.X-CUBE-RT-Thread_Nano.4.1.1
2025-03-19 08:05:30,003 [INFO] WebApp:167 - Instantiating new browser for Auth
2025-03-19 08:05:30,005 [WARN] PackLoader:240 - Cannot read IP mode file for STMicroelectronics.FP-ATR-SIGFOX1.3.2.0
2025-03-19 08:05:30,039 [WARN] PackLoader:240 - Cannot read IP mode file for STMicroelectronics.X-CUBE-EEPRMA1.5.1.0
2025-03-19 08:05:30,071 [WARN] PackLoader:240 - Cannot read IP mode file for wolfSSL.I-CUBE-wolfSSL.5.7.6
2025-03-19 08:05:30,102 [WARN] PackLoader:240 - Cannot read IP mode file for ITTIA_DB.I-CUBE-ITTIADB.8.9.0
2025-03-19 08:05:30,173 [WARN] PackLoader:240 - Cannot read IP mode file for SEGGER.I-CUBE-embOS.1.3.1
2025-03-19 08:05:30,281 [WARN] PackLoader:240 - Cannot read IP mode file for STMicroelectronics.X-CUBE-ALGOBUILD.1.4.0
2025-03-19 08:05:30,377 [WARN] PackLoader:240 - Cannot read IP mode file for STMicroelectronics.X-CUBE-AZRTOS-F4.1.1.0
2025-03-19 08:05:30,403 [WARN] PackLoader:240 - Cannot read IP mode file for STMicroelectronics.X-CUBE-ISPU.2.1.0
2025-03-19 08:05:30,443 [WARN] PackLoader:240 - Cannot read IP mode file for STMicroelectronics.X-CUBE-AZRTOS-L5.2.0.0
2025-03-19 08:05:30,475 [WARN] PackLoader:240 - Cannot read IP mode file for STMicroelectronics.X-CUBE-NFC6.3.1.0
2025-03-19 08:05:30,502 [WARN] PackLoader:240 - Cannot read IP mode file for STMicroelectronics.X-CUBE-NFC7.1.0.1
2025-03-19 08:05:30,546 [WARN] ConditionMgr:438 - getConditionDescription Invalid condition id : LAN8742 Phy interface Condition cause : null
2025-03-19 08:05:30,546 [WARN] PackLoader:240 - Cannot read IP mode file for STMicroelectronics.X-CUBE-AZRTOS-L4.2.0.0
2025-03-19 08:05:30,547 [WARN] ConditionMgr:1039 - genDependencies : Invalid condition id : LAN8742 Phy interface Condition cause : null
2025-03-19 08:05:30,547 [WARN] ConditionMgr:1039 - genDependencies : Invalid condition id : LAN8742 Phy interface Condition cause : null
2025-03-19 08:05:30,547 [WARN] ConditionMgr:1039 - genDependencies : Invalid condition id : LAN8742 Phy interface Condition cause : null
2025-03-19 08:05:30,563 [WARN] PackLoader:240 - Cannot read IP mode file for STMicroelectronics.X-CUBE-SFXS2LP1.4.0.0
2025-03-19 08:05:30,605 [WARN] PackLoader:240 - Cannot read IP mode file for STMicroelectronics.X-CUBE-AZRTOS-H7.3.3.0
2025-03-19 08:05:30,643 [WARN] ConditionMgr:438 - getConditionDescription Invalid condition id : UX DEVICE CLASS RTOS Condition cause : null
2025-03-19 08:05:30,643 [WARN] ConditionMgr:438 - getConditionDescription Invalid condition id : UX DEVICE CLASS RTOS Condition cause : null
2025-03-19 08:05:30,643 [WARN] PackLoader:240 - Cannot read IP mode file for STMicroelectronics.X-CUBE-AZRTOS-WB.2.0.0
2025-03-19 08:05:30,643 [WARN] ConditionMgr:1039 - genDependencies : Invalid condition id : UX DEVICE CLASS RTOS Condition cause : null
2025-03-19 08:05:30,643 [WARN] ConditionMgr:1039 - genDependencies : Invalid condition id : UX DEVICE CLASS RTOS Condition cause : null
2025-03-19 08:05:30,643 [WARN] ConditionMgr:1039 - genDependencies : Invalid condition id : UX DEVICE CLASS RTOS Condition cause : null
2025-03-19 08:05:30,643 [WARN] ConditionMgr:1039 - genDependencies : Invalid condition id : UX DEVICE CLASS RTOS Condition cause : null
2025-03-19 08:05:30,643 [WARN] ConditionMgr:1039 - genDependencies : Invalid condition id : UX DEVICE CLASS RTOS Condition cause : null
2025-03-19 08:05:30,668 [WARN] PackLoader:240 - Cannot read IP mode file for STMicroelectronics.X-CUBE-GNSS1.7.0.1
2025-03-19 08:05:30,695 [WARN] PackLoader:240 - Cannot read IP mode file for STMicroelectronics.X-CUBE-TOUCHGFX.4.25.0
2025-03-19 08:05:30,722 [WARN] PackLoader:240 - Cannot read IP mode file for STMicroelectronics.X-CUBE-SUBG2.5.0.0
2025-03-19 08:05:30,742 [WARN] PackLoader:240 - Cannot read IP mode file for Cesanta.I-CUBE-Mongoose.7.13.0
2025-03-19 08:05:30,770 [WARN] PackLoader:240 - Cannot read IP mode file for STMicroelectronics.X-CUBE-AZRTOS-G4.2.0.0
2025-03-19 08:05:30,797 [WARN] PackLoader:240 - Cannot read IP mode file for wolfSSL.I-CUBE-wolfSSH.1.4.20
2025-03-19 08:05:30,818 [ERROR] Engine:466 - C:\Users\thaweechock.m\.stm32cubemx\thirdparties\pdsc\STMicroelectronics.X-CUBE-IPS.3.1.0.pdsc: PDSC version is not supported
2025-03-19 08:05:30,836 [WARN] PackLoader:240 - Cannot read IP mode file for STMicroelectronics.X-CUBE-ALS.1.0.2
2025-03-19 08:05:30,861 [WARN] PackLoader:240 - Cannot read IP mode file for STMicroelectronics.X-CUBE-TOUCHGFX.4.24.2
2025-03-19 08:05:30,880 [WARN] PackLoader:240 - Cannot read IP mode file for portGmbH.I-Cube-SoM-uGOAL.1.1.0
2025-03-19 08:05:30,923 [WARN] PackLoader:240 - Cannot read IP mode file for STMicroelectronics.X-CUBE-AZRTOS-H7RS.1.0.0
2025-03-19 08:05:30,951 [WARN] PackLoader:240 - Cannot read IP mode file for STMicroelectronics.X-CUBE-TOF1.3.4.2
2025-03-19 08:05:30,958 [INFO] ThirdParty:978 - Integrity check success = true
2025-03-19 08:05:30,958 [INFO] IntegrityCheckThread:100 - exiting critical section [integrity check]
2025-03-19 08:05:30,958 [INFO] IntegrityCheckThread:103 - End integrity checks thread
2025-03-19 08:05:31,586 [INFO] WebApp:448 - Apply proxy settings
2025-03-19 08:05:31,586 [INFO] WebApp:533 - Chromium requires no authentication
2025-03-19 08:05:31,602 [INFO] WebApp:476 - Direct internet connection detected
2025-03-19 08:05:31,631 [INFO] WebApp:869 - Register for checkConnection events
2025-03-19 08:05:31,631 [INFO] WebApp:448 - Apply proxy settings
2025-03-19 08:05:31,631 [INFO] WebApp:533 - Chromium requires no authentication
2025-03-19 08:05:31,643 [INFO] WebApp:476 - Direct internet connection detected
2025-03-19 08:05:31,871 [INFO] WebApp:220 - Starting web application
2025-03-19 08:05:31,871 [INFO] WebApp:578 - Web application path used C:\ST\STM32CubeIDE_1.16.0\STM32CubeIDE\plugins\com.st.stm32cube.common.mx_6.12.0.202406281431\db\plugins\mcufinder\reactClient1\index.html
2025-03-19 08:05:32,148 [INFO] UserAuth:417 - Internet connection configuration mode: 1
2025-03-19 08:05:38,367 [INFO] WebApp:186 - Connection restablished
